{"timestamp":"2025-09-05T10:01:11.767+09:00","level":"INFO","message":"Log file rotated","log_path":"logs/2025/09/05/app.log","date":"2025-09-05"}
{"timestamp":"2025-09-05T10:12:44.055+09:00","level":"INFO","message":"Log file rotated","date":"2025-09-05","log_path":"../logs/2025/09/05/app.log"}
{"timestamp":"2025-09-05T10:12:45.638+09:00","level":"INFO","message":"=== Server Configuration ==="}
{"timestamp":"2025-09-05T10:12:45.639+09:00","level":"INFO","message":"Server Host: localhost"}
{"timestamp":"2025-09-05T10:12:45.639+09:00","level":"INFO","message":"Server Port: 6214"}
{"timestamp":"2025-09-05T10:12:45.639+09:00","level":"INFO","message":"=== Configuration Loaded Successfully ==="}
{"timestamp":"2025-09-05T10:12:45.664+09:00","level":"INFO","message":"Deposit scheduler started successfully"}
{"timestamp":"2025-09-05T10:12:45.665+09:00","level":"INFO","message":"Starting HTTP server on port 6214"}
{"timestamp":"2025-09-05T10:22:39.914+09:00","level":"INFO","message":"Log file rotated","date":"2025-09-05","log_path":"../logs/2025/09/05/app.log"}
{"timestamp":"2025-09-05T10:22:41.125+09:00","level":"INFO","message":"=== Server Configuration ==="}
{"timestamp":"2025-09-05T10:22:41.125+09:00","level":"INFO","message":"Server Host: localhost"}
{"timestamp":"2025-09-05T10:22:41.125+09:00","level":"INFO","message":"Server Port: 6214"}
{"timestamp":"2025-09-05T10:22:41.125+09:00","level":"INFO","message":"=== Configuration Loaded Successfully ==="}
{"timestamp":"2025-09-05T10:22:41.136+09:00","level":"INFO","message":"Deposit scheduler started successfully"}
{"timestamp":"2025-09-05T10:22:41.137+09:00","level":"INFO","message":"Starting HTTP server on port 6214"}
{"timestamp":"2025-09-05T11:20:33.418+09:00","level":"INFO","message":"Log file rotated","date":"2025-09-05","log_path":"../logs/2025/09/05/app.log"}
{"timestamp":"2025-09-05T11:20:34.695+09:00","level":"INFO","message":"=== Server Configuration ==="}
{"timestamp":"2025-09-05T11:20:34.696+09:00","level":"INFO","message":"Server Host: localhost"}
{"timestamp":"2025-09-05T11:20:34.696+09:00","level":"INFO","message":"Server Port: 6214"}
{"timestamp":"2025-09-05T11:20:34.696+09:00","level":"INFO","message":"=== Configuration Loaded Successfully ==="}
{"timestamp":"2025-09-05T11:20:34.722+09:00","level":"INFO","message":"Deposit scheduler started successfully"}
{"timestamp":"2025-09-05T11:20:34.722+09:00","level":"INFO","message":"Starting HTTP server on port 6214"}
{"timestamp":"2025-09-05T11:22:04.404+09:00","level":"INFO","message":"Log file rotated","log_path":"../logs/2025/09/05/app.log","date":"2025-09-05"}
{"timestamp":"2025-09-05T11:22:05.578+09:00","level":"INFO","message":"=== Server Configuration ==="}
{"timestamp":"2025-09-05T11:22:05.578+09:00","level":"INFO","message":"Server Host: localhost"}
{"timestamp":"2025-09-05T11:22:05.578+09:00","level":"INFO","message":"Server Port: 6214"}
{"timestamp":"2025-09-05T11:22:05.578+09:00","level":"INFO","message":"=== Configuration Loaded Successfully ==="}
{"timestamp":"2025-09-05T11:22:05.588+09:00","level":"INFO","message":"Deposit scheduler started successfully"}
{"timestamp":"2025-09-05T11:22:05.589+09:00","level":"INFO","message":"Starting HTTP server on port 6214"}
{"timestamp":"2025-09-05T11:23:50.034+09:00","level":"INFO","message":"Log file rotated","log_path":"../logs/2025/09/05/app.log","date":"2025-09-05"}
{"timestamp":"2025-09-05T11:23:51.178+09:00","level":"INFO","message":"=== Server Configuration ==="}
{"timestamp":"2025-09-05T11:23:51.178+09:00","level":"INFO","message":"Server Host: localhost"}
{"timestamp":"2025-09-05T11:23:51.178+09:00","level":"INFO","message":"Server Port: 6214"}
{"timestamp":"2025-09-05T11:23:51.178+09:00","level":"INFO","message":"=== Configuration Loaded Successfully ==="}
{"timestamp":"2025-09-05T11:23:51.187+09:00","level":"INFO","message":"Deposit scheduler started successfully"}
{"timestamp":"2025-09-05T11:23:51.187+09:00","level":"INFO","message":"Starting HTTP server on port 6214"}
{"timestamp":"2025-09-05T11:25:39.623+09:00","level":"INFO","message":"Log file rotated","log_path":"../logs/2025/09/05/app.log","date":"2025-09-05"}
{"timestamp":"2025-09-05T11:25:40.825+09:00","level":"INFO","message":"=== Server Configuration ==="}
{"timestamp":"2025-09-05T11:25:40.825+09:00","level":"INFO","message":"Server Host: localhost"}
{"timestamp":"2025-09-05T11:25:40.825+09:00","level":"INFO","message":"Server Port: 6214"}
{"timestamp":"2025-09-05T11:25:40.825+09:00","level":"INFO","message":"=== Configuration Loaded Successfully ==="}
{"timestamp":"2025-09-05T11:25:40.833+09:00","level":"INFO","message":"Deposit scheduler started successfully"}
{"timestamp":"2025-09-05T11:25:40.833+09:00","level":"INFO","message":"Starting HTTP server on port 6214"}
{"timestamp":"2025-09-05T11:31:28.833+09:00","level":"INFO","message":"Log file rotated","log_path":"../logs/2025/09/05/app.log","date":"2025-09-05"}
{"timestamp":"2025-09-05T11:31:30.044+09:00","level":"INFO","message":"=== Server Configuration ==="}
{"timestamp":"2025-09-05T11:31:30.045+09:00","level":"INFO","message":"Server Host: localhost"}
{"timestamp":"2025-09-05T11:31:30.045+09:00","level":"INFO","message":"Server Port: 6214"}
{"timestamp":"2025-09-05T11:31:30.045+09:00","level":"INFO","message":"=== Configuration Loaded Successfully ==="}
{"timestamp":"2025-09-05T11:31:30.053+09:00","level":"INFO","message":"Deposit scheduler started successfully"}
{"timestamp":"2025-09-05T11:31:30.053+09:00","level":"INFO","message":"Starting HTTP server on port 6214"}
{"timestamp":"2025-09-05T11:37:53.651+09:00","level":"INFO","message":"Log file rotated","log_path":"../logs/2025/09/05/app.log","date":"2025-09-05"}
{"timestamp":"2025-09-05T11:37:54.858+09:00","level":"INFO","message":"=== Server Configuration ==="}
{"timestamp":"2025-09-05T11:37:54.858+09:00","level":"INFO","message":"Server Host: localhost"}
{"timestamp":"2025-09-05T11:37:54.858+09:00","level":"INFO","message":"Server Port: 6214"}
{"timestamp":"2025-09-05T11:37:54.858+09:00","level":"INFO","message":"=== Configuration Loaded Successfully ==="}
{"timestamp":"2025-09-05T11:37:54.868+09:00","level":"INFO","message":"Deposit scheduler started successfully"}
{"timestamp":"2025-09-05T11:37:54.868+09:00","level":"INFO","message":"Starting HTTP server on port 6214"}
{"timestamp":"2025-09-05T11:43:33.426+09:00","level":"INFO","request_id":"1757040213426541000","message":"Request started","method":"POST","path":"/send","query":"","remote_addr":"127.0.0.1:51155","user_agent":"curl/8.7.1","content_length":527}
{"timestamp":"2025-09-05T11:43:33.471+09:00","level":"INFO","message":"Withdraw history record created","token":"USDC(Ethereum)","to_address":"0xd2FC24e97474AD36C8D7eB0dF8e52A0cF1bFD1cf","amount":"10","memo":"","withdraw_id":76}
{"timestamp":"2025-09-05T11:43:34.677+09:00","level":"INFO","message":"Sending transaction","chainID":"11155111","data":"a9059cbb000000000000000000000000d2fc24e97474ad36c8d7eb0df8e52a0cf1bfd1cf0000000000000000000000000000000000000000000000000000000000989680","to":"0x1c7D4B196Cb0C7B01d743Fbc6116a902379C7238","gasPrice":"2660492","nonce":69,"gasLimit":62943,"fromAddr":"0xD506eBd8C37E2052Db940427534EDB49d71E4f20","toAddr":"0x1c7D4B196Cb0C7B01d743Fbc6116a902379C7238","value":"0","toValue":"0"}
{"timestamp":"2025-09-05T11:43:34.679+09:00","level":"INFO","message":"Transaction signed","signer":"0xD506eBd8C37E2052Db940427534EDB49d71E4f20","fromAddr":"0xD506eBd8C37E2052Db940427534EDB49d71E4f20","txHash":"0xe3bd3fbb065b35ee64faaec2a00acc3fb3885bcf769e2361ea61a0ad0b8ac396","to":"0x1c7D4B196Cb0C7B01d743Fbc6116a902379C7238","value":"0","chainID":"11155111"}
{"timestamp":"2025-09-05T11:43:38.659+09:00","level":"INFO","message":"Transaction confirmed","fromAddr":"0xD506eBd8C37E2052Db940427534EDB49d71E4f20","toAddr":"0x1c7D4B196Cb0C7B01d743Fbc6116a902379C7238","txHash":"0xe3bd3fbb065b35ee64faaec2a00acc3fb3885bcf769e2361ea61a0ad0b8ac396","to":"0x1c7D4B196Cb0C7B01d743Fbc6116a902379C7238","value":"0","chainID":"11155111"}
{"timestamp":"2025-09-05T11:43:38.659+09:00","level":"INFO","message":"sendTxWithMethod succeeded","funcName":"transfer","params":["0xd2fc24e97474ad36c8d7eb0df8e52a0cf1bfd1cf",10000000],"fromAddr":"0xD506eBd8C37E2052Db940427534EDB49d71E4f20","nonce":0,"amount":"0","to":"0x1c7D4B196Cb0C7B01d743Fbc6116a902379C7238","toAddr":"0x1c7D4B196Cb0C7B01d743Fbc6116a902379C7238","gasPrice":"","gasLimit":0,"txHash":"0xe3bd3fbb065b35ee64faaec2a00acc3fb3885bcf769e2361ea61a0ad0b8ac396"}
{"timestamp":"2025-09-05T11:43:38.659+09:00","level":"INFO","message":"AdminERC20Transfer succeeded","amountStr":"10","contract":"0x1c7D4B196Cb0C7B01d743Fbc6116a902379C7238","to":"0xd2FC24e97474AD36C8D7eB0dF8e52A0cF1bFD1cf","txHash":"0xe3bd3fbb065b35ee64faaec2a00acc3fb3885bcf769e2361ea61a0ad0b8ac396"}
{"timestamp":"2025-09-05T11:43:38.659+09:00","level":"INFO","message":"EtherSend succeeded","amountStr":"10","memo":"","func":"EtherSend","token":"USDC(Ethereum)","toAddr":"0xd2FC24e97474AD36C8D7eB0dF8e52A0cF1bFD1cf","txhash":"0xe3bd3fbb065b35ee64faaec2a00acc3fb3885bcf769e2361ea61a0ad0b8ac396","amount":"10000000"}
{"timestamp":"2025-09-05T11:43:38.673+09:00","level":"INFO","message":"EtherSend completed successfully","tx_hash":"0xe3bd3fbb065b35ee64faaec2a00acc3fb3885bcf769e2361ea61a0ad0b8ac396","amount":"10000000","withdraw_id":76}
{"timestamp":"2025-09-05T11:43:38.674+09:00","level":"INFO","request_id":"1757040213426541000","message":"Request completed","method":"POST","path":"/send","status":200,"duration_ms":5242,"size":148,"duration_ns":5242490958}
{"timestamp":"2025-09-05T11:44:51.620+09:00","level":"INFO","message":"ERC20 allowance fetched","contract":"0x1c7D4B196Cb0C7B01d743Fbc6116a902379C7238","allowance":"999999779999970"}
{"timestamp":"2025-09-05T11:44:51.992+09:00","level":"INFO","message":"ERC20 balance fetched","address":"0xd2FC24e97474AD36C8D7eB0dF8e52A0cF1bFD1cf","balance":"10000000","decimal":6,"amtStr":"10","contract":"0x1c7D4B196Cb0C7B01d743Fbc6116a902379C7238"}
{"timestamp":"2025-09-05T11:44:52.366+09:00","level":"INFO","message":"ERC20 balance fetched","decimal":6,"amtStr":"0","contract":"0x1c7D4B196Cb0C7B01d743Fbc6116a902379C7238","address":"0xD506eBd8C37E2052Db940427534EDB49d71E4f20","balance":"0"}
{"timestamp":"2025-09-05T11:44:52.759+09:00","level":"INFO","message":"Sending transaction","chainID":"11155111","nonce":70,"gasLimit":69758,"data":"23b872dd000000000000000000000000d2fc24e97474ad36c8d7eb0df8e52a0cf1bfd1cf000000000000000000000000d506ebd8c37e2052db940427534edb49d71e4f200000000000000000000000000000000000000000000000000000000000989680","to":"0x1c7D4B196Cb0C7B01d743Fbc6116a902379C7238","value":"0","toAddr":"0x1c7D4B196Cb0C7B01d743Fbc6116a902379C7238","gasPrice":"4428240","fromAddr":"0xD506eBd8C37E2052Db940427534EDB49d71E4f20","toValue":"0"}
{"timestamp":"2025-09-05T11:44:52.759+09:00","level":"INFO","message":"Transaction signed","value":"0","chainID":"11155111","signer":"0xD506eBd8C37E2052Db940427534EDB49d71E4f20","fromAddr":"0xD506eBd8C37E2052Db940427534EDB49d71E4f20","txHash":"0x2f7aea5196a55935f1ad60036c1047461670516cb0e97f80cb29213c282e2bb7","to":"0x1c7D4B196Cb0C7B01d743Fbc6116a902379C7238"}
{"timestamp":"2025-09-05T11:45:01.571+09:00","level":"INFO","message":"Transaction confirmed","chainID":"11155111","txHash":"0x2f7aea5196a55935f1ad60036c1047461670516cb0e97f80cb29213c282e2bb7","fromAddr":"0xD506eBd8C37E2052Db940427534EDB49d71E4f20","toAddr":"0x1c7D4B196Cb0C7B01d743Fbc6116a902379C7238","to":"0x1c7D4B196Cb0C7B01d743Fbc6116a902379C7238","value":"0"}
{"timestamp":"2025-09-05T11:45:01.571+09:00","level":"INFO","message":"sendTxWithMethod succeeded","funcName":"transferFrom","gasPrice":"4428240","amount":"0","params":["0xd2fc24e97474ad36c8d7eb0df8e52a0cf1bfd1cf","0xd506ebd8c37e2052db940427534edb49d71e4f20",10000000],"txHash":"0x2f7aea5196a55935f1ad60036c1047461670516cb0e97f80cb29213c282e2bb7","fromAddr":"0xD506eBd8C37E2052Db940427534EDB49d71E4f20","gasLimit":0,"nonce":0,"toAddr":"0x1c7D4B196Cb0C7B01d743Fbc6116a902379C7238","to":"0x1c7D4B196Cb0C7B01d743Fbc6116a902379C7238"}
{"timestamp":"2025-09-05T11:45:01.572+09:00","level":"INFO","message":"ERC20TransferFromToAdmin succeeded","gasPrice":4428240,"contract":"0x1c7D4B196Cb0C7B01d743Fbc6116a902379C7238","amount":"10000000","txHash":"0x2f7aea5196a55935f1ad60036c1047461670516cb0e97f80cb29213c282e2bb7","gasLimit":0}
{"timestamp":"2025-09-05T11:45:02.755+09:00","level":"INFO","message":"ERC20 balance fetched","amtStr":"10","contract":"0x1c7D4B196Cb0C7B01d743Fbc6116a902379C7238","address":"0xD506eBd8C37E2052Db940427534EDB49d71E4f20","balance":"10000000","decimal":6}
{"timestamp":"2025-09-05T11:45:02.755+09:00","level":"INFO","message":"EtherCollect succeeded","email":"test@gmail.com","token":"USDC(Ethereum)","erc20Balance":"10000000"}
{"timestamp":"2025-09-05T11:45:03.196+09:00","level":"INFO","message":"ERC20 allowance fetched","contract":"0x1c7D4B196Cb0C7B01d743Fbc6116a902379C7238","allowance":"999999769999970"}
{"timestamp":"2025-09-05T11:45:03.574+09:00","level":"INFO","message":"ERC20 balance fetched","balance":"0","decimal":6,"amtStr":"0","address":"0xd2FC24e97474AD36C8D7eB0dF8e52A0cF1bFD1cf","contract":"0x1c7D4B196Cb0C7B01d743Fbc6116a902379C7238"}
{"timestamp":"2025-09-05T11:45:03.574+09:00","level":"WARNING","message":"not sended balance less than 10","token":"USDC(Ethereum)","email":"test@gmail.com"}
{"timestamp":"2025-09-05T11:49:47.552+09:00","level":"INFO","message":"Log file rotated","log_path":"../logs/2025/09/05/app.log","date":"2025-09-05"}
{"timestamp":"2025-09-05T11:49:48.801+09:00","level":"INFO","message":"=== Server Configuration ==="}
{"timestamp":"2025-09-05T11:49:48.801+09:00","level":"INFO","message":"Server Host: localhost"}
{"timestamp":"2025-09-05T11:49:48.801+09:00","level":"INFO","message":"Server Port: 6214"}
{"timestamp":"2025-09-05T11:49:48.801+09:00","level":"INFO","message":"=== Configuration Loaded Successfully ==="}
{"timestamp":"2025-09-05T11:49:48.810+09:00","level":"INFO","message":"Deposit scheduler started successfully"}
{"timestamp":"2025-09-05T11:49:48.810+09:00","level":"INFO","message":"Starting HTTP server on port 6214"}
{"timestamp":"2025-09-05T12:00:43.273+09:00","level":"INFO","message":"Log file rotated","date":"2025-09-05","log_path":"../logs/2025/09/05/app.log"}
{"timestamp":"2025-09-05T12:00:44.550+09:00","level":"INFO","message":"=== Server Configuration ==="}
{"timestamp":"2025-09-05T12:00:44.550+09:00","level":"INFO","message":"Server Host: localhost"}
{"timestamp":"2025-09-05T12:00:44.550+09:00","level":"INFO","message":"Server Port: 6214"}
{"timestamp":"2025-09-05T12:00:44.550+09:00","level":"INFO","message":"=== Configuration Loaded Successfully ==="}
{"timestamp":"2025-09-05T12:00:44.563+09:00","level":"INFO","message":"Deposit scheduler started successfully"}
{"timestamp":"2025-09-05T12:00:44.563+09:00","level":"INFO","message":"Starting HTTP server on port 6214"}
{"timestamp":"2025-09-05T12:03:52.075+09:00","level":"INFO","message":"Log file rotated","date":"2025-09-05","log_path":"../logs/2025/09/05/app.log"}
{"timestamp":"2025-09-05T12:03:53.267+09:00","level":"INFO","message":"=== Server Configuration ==="}
{"timestamp":"2025-09-05T12:03:53.267+09:00","level":"INFO","message":"Server Host: localhost"}
{"timestamp":"2025-09-05T12:03:53.267+09:00","level":"INFO","message":"Server Port: 6214"}
{"timestamp":"2025-09-05T12:03:53.267+09:00","level":"INFO","message":"=== Configuration Loaded Successfully ==="}
{"timestamp":"2025-09-05T12:03:53.275+09:00","level":"INFO","message":"Deposit scheduler started successfully"}
{"timestamp":"2025-09-05T12:03:53.276+09:00","level":"INFO","message":"Starting HTTP server on port 6214"}
{"timestamp":"2025-09-05T12:21:30.614+09:00","level":"INFO","message":"Log file rotated","log_path":"../logs/2025/09/05/app.log","date":"2025-09-05"}
{"timestamp":"2025-09-05T12:21:31.764+09:00","level":"INFO","message":"=== Server Configuration ==="}
{"timestamp":"2025-09-05T12:21:31.764+09:00","level":"INFO","message":"Server Host: localhost"}
{"timestamp":"2025-09-05T12:21:31.764+09:00","level":"INFO","message":"Server Port: 6214"}
{"timestamp":"2025-09-05T12:21:31.764+09:00","level":"INFO","message":"=== Configuration Loaded Successfully ==="}
{"timestamp":"2025-09-05T12:21:31.779+09:00","level":"INFO","message":"Deposit scheduler started successfully"}
{"timestamp":"2025-09-05T12:21:31.780+09:00","level":"INFO","message":"Starting HTTP server on port 6214"}
{"timestamp":"2025-09-05T13:31:56.915+09:00","level":"INFO","message":"Log file rotated","log_path":"../logs/2025/09/05/app.log","date":"2025-09-05"}
{"timestamp":"2025-09-05T13:31:58.211+09:00","level":"INFO","message":"=== Server Configuration ==="}
{"timestamp":"2025-09-05T13:31:58.211+09:00","level":"INFO","message":"Server Host: localhost"}
{"timestamp":"2025-09-05T13:31:58.211+09:00","level":"INFO","message":"Server Port: 6214"}
{"timestamp":"2025-09-05T13:31:58.211+09:00","level":"INFO","message":"=== Configuration Loaded Successfully ==="}
{"timestamp":"2025-09-05T13:31:58.228+09:00","level":"INFO","message":"Deposit scheduler started successfully"}
{"timestamp":"2025-09-05T13:31:58.228+09:00","level":"INFO","message":"Starting HTTP server on port 6214"}
{"timestamp":"2025-09-05T13:38:01.710+09:00","level":"INFO","message":"Log file rotated","date":"2025-09-05","log_path":"../logs/2025/09/05/app.log"}
{"timestamp":"2025-09-05T13:38:02.918+09:00","level":"INFO","message":"=== Server Configuration ==="}
{"timestamp":"2025-09-05T13:38:02.918+09:00","level":"INFO","message":"Server Host: localhost"}
{"timestamp":"2025-09-05T13:38:02.918+09:00","level":"INFO","message":"Server Port: 6214"}
{"timestamp":"2025-09-05T13:38:02.918+09:00","level":"INFO","message":"=== Configuration Loaded Successfully ==="}
{"timestamp":"2025-09-05T13:38:02.927+09:00","level":"INFO","message":"Deposit scheduler started successfully"}
{"timestamp":"2025-09-05T13:38:02.927+09:00","level":"INFO","message":"Starting HTTP server on port 6214"}
{"timestamp":"2025-09-05T13:40:36.402+09:00","level":"INFO","message":"Log file rotated","log_path":"../logs/2025/09/05/app.log","date":"2025-09-05"}
{"timestamp":"2025-09-05T13:40:37.567+09:00","level":"INFO","message":"=== Server Configuration ==="}
{"timestamp":"2025-09-05T13:40:37.567+09:00","level":"INFO","message":"Server Host: localhost"}
{"timestamp":"2025-09-05T13:40:37.567+09:00","level":"INFO","message":"Server Port: 6214"}
{"timestamp":"2025-09-05T13:40:37.567+09:00","level":"INFO","message":"=== Configuration Loaded Successfully ==="}
{"timestamp":"2025-09-05T13:40:37.575+09:00","level":"INFO","message":"Deposit scheduler started successfully"}
{"timestamp":"2025-09-05T13:40:37.575+09:00","level":"INFO","message":"Starting HTTP server on port 6214"}
{"timestamp":"2025-09-05T13:50:07.189+09:00","level":"INFO","message":"Log file rotated","date":"2025-09-05","log_path":"../logs/2025/09/05/app.log"}
{"timestamp":"2025-09-05T13:50:08.370+09:00","level":"INFO","message":"=== Server Configuration ==="}
{"timestamp":"2025-09-05T13:50:08.370+09:00","level":"INFO","message":"Server Host: localhost"}
{"timestamp":"2025-09-05T13:50:08.370+09:00","level":"INFO","message":"Server Port: 6214"}
{"timestamp":"2025-09-05T13:50:08.370+09:00","level":"INFO","message":"=== Configuration Loaded Successfully ==="}
{"timestamp":"2025-09-05T13:50:08.381+09:00","level":"INFO","message":"Deposit scheduler started successfully"}
{"timestamp":"2025-09-05T13:50:08.382+09:00","level":"INFO","message":"Starting HTTP server on port 6214"}
{"timestamp":"2025-09-05T14:22:01.939+09:00","level":"INFO","message":"Log file rotated","log_path":"../logs/2025/09/05/app.log","date":"2025-09-05"}
{"timestamp":"2025-09-05T14:22:03.085+09:00","level":"INFO","message":"=== Server Configuration ==="}
{"timestamp":"2025-09-05T14:22:03.085+09:00","level":"INFO","message":"Server Host: localhost"}
{"timestamp":"2025-09-05T14:22:03.085+09:00","level":"INFO","message":"Server Port: 6214"}
{"timestamp":"2025-09-05T14:22:03.085+09:00","level":"INFO","message":"=== Configuration Loaded Successfully ==="}
{"timestamp":"2025-09-05T14:22:03.100+09:00","level":"INFO","message":"Deposit scheduler started successfully"}
{"timestamp":"2025-09-05T14:22:03.100+09:00","level":"INFO","message":"Starting HTTP server on port 6214"}
{"timestamp":"2025-09-05T14:26:47.568+09:00","level":"INFO","message":"Log file rotated","log_path":"../logs/2025/09/05/app.log","date":"2025-09-05"}
{"timestamp":"2025-09-05T14:26:48.813+09:00","level":"INFO","message":"=== Server Configuration ==="}
{"timestamp":"2025-09-05T14:26:48.814+09:00","level":"INFO","message":"Server Host: localhost"}
{"timestamp":"2025-09-05T14:26:48.814+09:00","level":"INFO","message":"Server Port: 6214"}
{"timestamp":"2025-09-05T14:26:48.814+09:00","level":"INFO","message":"=== Configuration Loaded Successfully ==="}
{"timestamp":"2025-09-05T14:26:48.827+09:00","level":"INFO","message":"Deposit scheduler started successfully"}
{"timestamp":"2025-09-05T14:26:48.827+09:00","level":"INFO","message":"Starting HTTP server on port 6214"}
{"timestamp":"2025-09-05T14:29:35.459+09:00","level":"INFO","message":"Log file rotated","log_path":"../logs/2025/09/05/app.log","date":"2025-09-05"}
{"timestamp":"2025-09-05T14:29:36.726+09:00","level":"INFO","message":"=== Server Configuration ==="}
{"timestamp":"2025-09-05T14:29:36.726+09:00","level":"INFO","message":"Server Host: localhost"}
{"timestamp":"2025-09-05T14:29:36.726+09:00","level":"INFO","message":"Server Port: 6214"}
{"timestamp":"2025-09-05T14:29:36.726+09:00","level":"INFO","message":"=== Configuration Loaded Successfully ==="}
{"timestamp":"2025-09-05T14:29:36.736+09:00","level":"INFO","message":"Deposit scheduler started successfully"}
{"timestamp":"2025-09-05T14:29:36.736+09:00","level":"INFO","message":"Starting HTTP server on port 6214"}
{"timestamp":"2025-09-05T14:34:22.905+09:00","level":"INFO","message":"Log file rotated","log_path":"../logs/2025/09/05/app.log","date":"2025-09-05"}
{"timestamp":"2025-09-05T14:34:24.123+09:00","level":"INFO","message":"=== Server Configuration ==="}
{"timestamp":"2025-09-05T14:34:24.123+09:00","level":"INFO","message":"Server Host: localhost"}
{"timestamp":"2025-09-05T14:34:24.123+09:00","level":"INFO","message":"Server Port: 6214"}
{"timestamp":"2025-09-05T14:34:24.123+09:00","level":"INFO","message":"=== Configuration Loaded Successfully ==="}
{"timestamp":"2025-09-05T14:34:24.141+09:00","level":"INFO","message":"Deposit scheduler started successfully"}
{"timestamp":"2025-09-05T14:34:24.141+09:00","level":"INFO","message":"Starting HTTP server on port 6214"}
{"timestamp":"2025-09-05T15:23:20.585+09:00","level":"INFO","message":"Log file rotated","log_path":"../logs/2025/09/05/app.log","date":"2025-09-05"}
{"timestamp":"2025-09-05T15:23:21.896+09:00","level":"INFO","message":"=== Server Configuration ==="}
{"timestamp":"2025-09-05T15:23:21.897+09:00","level":"INFO","message":"Server Host: localhost"}
{"timestamp":"2025-09-05T15:23:21.897+09:00","level":"INFO","message":"Server Port: 6214"}
{"timestamp":"2025-09-05T15:23:21.897+09:00","level":"INFO","message":"=== Configuration Loaded Successfully ==="}
{"timestamp":"2025-09-05T15:23:21.923+09:00","level":"INFO","message":"Transfer scheduler started successfully"}
{"timestamp":"2025-09-05T15:23:21.924+09:00","level":"INFO","message":"Starting HTTP server on port 6214"}
{"timestamp":"2025-09-05T15:23:50.154+09:00","level":"ERROR","message":"HeaderByNumber failed","error":{"Op":"Post","URL":"https://bsc-testnet-rpc.publicnode.com","Err":{"Op":"read","Net":"tcp","Source":{"IP":"172.16.10.153","Port":53515,"Zone":""},"Addr":{"IP":"104.20.24.117","Port":443,"Zone":""},"Err":{"Syscall":"read","Err":54}}}}
{"timestamp":"2025-09-05T15:24:31.459+09:00","level":"INFO","request_id":"1757053471458991000","message":"Request started","method":"POST","path":"/send","query":"","remote_addr":"127.0.0.1:53539","user_agent":"curl/8.7.1","content_length":525}
{"timestamp":"2025-09-05T15:24:31.514+09:00","level":"INFO","message":"Withdraw history record created","to_address":"0x8425e0D93943c1cc22890C6A08041B933fa994db","amount":"10","memo":"","withdraw_id":77,"token":"USDC(Ethereum)"}
{"timestamp":"2025-09-05T15:24:32.808+09:00","level":"INFO","message":"Sending transaction","nonce":71,"chainID":"11155111","toValue":"0","value":"0","fromAddr":"0xD506eBd8C37E2052Db940427534EDB49d71E4f20","toAddr":"0x1c7D4B196Cb0C7B01d743Fbc6116a902379C7238","gasLimit":62943,"data":"a9059cbb0000000000000000000000008425e0d93943c1cc22890c6a08041b933fa994db0000000000000000000000000000000000000000000000000000000000989680","gasPrice":"6885723","to":"0x1c7D4B196Cb0C7B01d743Fbc6116a902379C7238"}
{"timestamp":"2025-09-05T15:24:32.809+09:00","level":"INFO","message":"Transaction signed","to":"0x1c7D4B196Cb0C7B01d743Fbc6116a902379C7238","value":"0","chainID":"11155111","signer":"0xD506eBd8C37E2052Db940427534EDB49d71E4f20","fromAddr":"0xD506eBd8C37E2052Db940427534EDB49d71E4f20","txHash":"0xde7d74704652e67074d8e0bb40f7aebdb5476daaa82b0cd333fdfe554842e2a2"}
{"timestamp":"2025-09-05T15:24:36.840+09:00","level":"INFO","message":"Transaction confirmed","toAddr":"0x1c7D4B196Cb0C7B01d743Fbc6116a902379C7238","to":"0x1c7D4B196Cb0C7B01d743Fbc6116a902379C7238","value":"0","chainID":"11155111","txHash":"0xde7d74704652e67074d8e0bb40f7aebdb5476daaa82b0cd333fdfe554842e2a2","fromAddr":"0xD506eBd8C37E2052Db940427534EDB49d71E4f20"}
{"timestamp":"2025-09-05T15:24:36.840+09:00","level":"INFO","message":"sendTxWithMethod succeeded","gasLimit":0,"fromAddr":"0xD506eBd8C37E2052Db940427534EDB49d71E4f20","nonce":0,"params":["0x8425e0d93943c1cc22890c6a08041b933fa994db",10000000],"to":"0x1c7D4B196Cb0C7B01d743Fbc6116a902379C7238","txHash":"0xde7d74704652e67074d8e0bb40f7aebdb5476daaa82b0cd333fdfe554842e2a2","gasPrice":"","amount":"0","funcName":"transfer","toAddr":"0x1c7D4B196Cb0C7B01d743Fbc6116a902379C7238"}
{"timestamp":"2025-09-05T15:24:36.840+09:00","level":"INFO","message":"AdminERC20Transfer succeeded","to":"0x8425e0D93943c1cc22890C6A08041B933fa994db","amountStr":"10","txHash":"0xde7d74704652e67074d8e0bb40f7aebdb5476daaa82b0cd333fdfe554842e2a2","contract":"0x1c7D4B196Cb0C7B01d743Fbc6116a902379C7238"}
{"timestamp":"2025-09-05T15:24:36.840+09:00","level":"INFO","message":"EtherSend succeeded","token":"USDC(Ethereum)","toAddr":"0x8425e0D93943c1cc22890C6A08041B933fa994db","amountStr":"10","memo":"","txhash":"0xde7d74704652e67074d8e0bb40f7aebdb5476daaa82b0cd333fdfe554842e2a2","amount":"10000000","func":"EtherSend"}
{"timestamp":"2025-09-05T15:24:36.855+09:00","level":"INFO","message":"EtherSend completed successfully","withdraw_id":77,"tx_hash":"0xde7d74704652e67074d8e0bb40f7aebdb5476daaa82b0cd333fdfe554842e2a2","amount":"10000000"}
{"timestamp":"2025-09-05T15:24:36.855+09:00","level":"INFO","request_id":"1757053471458991000","message":"Request completed","method":"POST","path":"/send","status":200,"duration_ms":5396,"duration_ns":5396312125,"size":148}
{"timestamp":"2025-09-05T15:25:51.703+09:00","level":"INFO","message":"ERC20 allowance fetched","contract":"0x1c7D4B196Cb0C7B01d743Fbc6116a902379C7238","allowance":"999999920000000"}
{"timestamp":"2025-09-05T15:25:52.081+09:00","level":"INFO","message":"ERC20 balance fetched","balance":"10000000","decimal":6,"amtStr":"10","contract":"0x1c7D4B196Cb0C7B01d743Fbc6116a902379C7238","address":"0x8425e0D93943c1cc22890C6A08041B933fa994db"}
{"timestamp":"2025-09-05T15:25:52.459+09:00","level":"INFO","message":"ERC20 balance fetched","address":"0xD506eBd8C37E2052Db940427534EDB49d71E4f20","decimal":6,"amtStr":"0","balance":"0","contract":"0x1c7D4B196Cb0C7B01d743Fbc6116a902379C7238"}
{"timestamp":"2025-09-05T15:25:52.839+09:00","level":"INFO","message":"Sending transaction","value":"0","toValue":"0","gasLimit":69758,"to":"0x1c7D4B196Cb0C7B01d743Fbc6116a902379C7238","data":"23b872dd0000000000000000000000008425e0d93943c1cc22890c6a08041b933fa994db000000000000000000000000d506ebd8c37e2052db940427534edb49d71e4f200000000000000000000000000000000000000000000000000000000000989680","toAddr":"0x1c7D4B196Cb0C7B01d743Fbc6116a902379C7238","nonce":72,"chainID":"11155111","fromAddr":"0xD506eBd8C37E2052Db940427534EDB49d71E4f20","gasPrice":"10968018"}
{"timestamp":"2025-09-05T15:25:52.839+09:00","level":"INFO","message":"Transaction signed","to":"0x1c7D4B196Cb0C7B01d743Fbc6116a902379C7238","value":"0","txHash":"0xe31786f9b7a52ad1ce21aaf466e9ec5b63506f90b296cdcf0628a376996d05c3","signer":"0xD506eBd8C37E2052Db940427534EDB49d71E4f20","fromAddr":"0xD506eBd8C37E2052Db940427534EDB49d71E4f20","chainID":"11155111"}
{"timestamp":"2025-09-05T15:26:01.908+09:00","level":"INFO","message":"Transaction confirmed","fromAddr":"0xD506eBd8C37E2052Db940427534EDB49d71E4f20","toAddr":"0x1c7D4B196Cb0C7B01d743Fbc6116a902379C7238","txHash":"0xe31786f9b7a52ad1ce21aaf466e9ec5b63506f90b296cdcf0628a376996d05c3","chainID":"11155111","to":"0x1c7D4B196Cb0C7B01d743Fbc6116a902379C7238","value":"0"}
{"timestamp":"2025-09-05T15:26:01.908+09:00","level":"INFO","message":"sendTxWithMethod succeeded","toAddr":"0x1c7D4B196Cb0C7B01d743Fbc6116a902379C7238","params":["0x8425e0d93943c1cc22890c6a08041b933fa994db","0xd506ebd8c37e2052db940427534edb49d71e4f20",10000000],"funcName":"transferFrom","gasLimit":0,"txHash":"0xe31786f9b7a52ad1ce21aaf466e9ec5b63506f90b296cdcf0628a376996d05c3","fromAddr":"0xD506eBd8C37E2052Db940427534EDB49d71E4f20","nonce":0,"amount":"0","to":"0x1c7D4B196Cb0C7B01d743Fbc6116a902379C7238","gasPrice":"10968018"}
{"timestamp":"2025-09-05T15:26:01.908+09:00","level":"INFO","message":"ERC20TransferFromToAdmin succeeded","gasLimit":0,"txHash":"0xe31786f9b7a52ad1ce21aaf466e9ec5b63506f90b296cdcf0628a376996d05c3","gasPrice":10968018,"contract":"0x1c7D4B196Cb0C7B01d743Fbc6116a902379C7238","amount":"10000000"}
{"timestamp":"2025-09-05T15:26:03.099+09:00","level":"INFO","message":"ERC20 balance fetched","address":"0xD506eBd8C37E2052Db940427534EDB49d71E4f20","contract":"0x1c7D4B196Cb0C7B01d743Fbc6116a902379C7238","balance":"10000000","decimal":6,"amtStr":"10"}
{"timestamp":"2025-09-05T15:26:03.099+09:00","level":"INFO","message":"EtherCollect succeeded","erc20Balance":"10000000","token":"USDC(Ethereum)","email":"dustin@gmail.com"}
{"timestamp":"2025-09-05T15:26:03.554+09:00","level":"INFO","message":"ERC20 allowance fetched","allowance":"999999910000000","contract":"0x1c7D4B196Cb0C7B01d743Fbc6116a902379C7238"}
{"timestamp":"2025-09-05T15:26:03.934+09:00","level":"INFO","message":"ERC20 balance fetched","contract":"0x1c7D4B196Cb0C7B01d743Fbc6116a902379C7238","address":"0x8425e0D93943c1cc22890C6A08041B933fa994db","balance":"0","decimal":6,"amtStr":"0"}
{"timestamp":"2025-09-05T15:26:03.934+09:00","level":"WARNING","message":"not sended balance less than 10","email":"dustin@gmail.com","token":"USDC(Ethereum)"}
{"timestamp":"2025-09-05T15:26:04.225+09:00","level":"INFO","message":"ERC20 allowance fetched","contract":"0x1c7D4B196Cb0C7B01d743Fbc6116a902379C7238","allowance":"999999910000000"}
{"timestamp":"2025-09-05T15:26:04.600+09:00","level":"INFO","message":"ERC20 balance fetched","address":"0x8425e0D93943c1cc22890C6A08041B933fa994db","balance":"0","decimal":6,"amtStr":"0","contract":"0x1c7D4B196Cb0C7B01d743Fbc6116a902379C7238"}
{"timestamp":"2025-09-05T15:26:04.600+09:00","level":"WARNING","message":"not sended balance less than 10","email":"dustin@gmail.com","token":"USDC(Ethereum)"}
{"timestamp":"2025-09-05T15:30:22.490+09:00","level":"INFO","message":"Log file rotated","date":"2025-09-05","log_path":"../logs/2025/09/05/app.log"}
{"timestamp":"2025-09-05T15:30:23.672+09:00","level":"INFO","message":"=== Server Configuration ==="}
{"timestamp":"2025-09-05T15:30:23.672+09:00","level":"INFO","message":"Server Host: localhost"}
{"timestamp":"2025-09-05T15:30:23.672+09:00","level":"INFO","message":"Server Port: 6214"}
{"timestamp":"2025-09-05T15:30:23.672+09:00","level":"INFO","message":"=== Configuration Loaded Successfully ==="}
{"timestamp":"2025-09-05T15:30:23.681+09:00","level":"INFO","message":"Transfer scheduler started successfully"}
{"timestamp":"2025-09-05T15:30:23.682+09:00","level":"INFO","message":"Starting HTTP server on port 6214"}
{"timestamp":"2025-09-05T15:36:01.253+09:00","level":"INFO","message":"Log file rotated","log_path":"../logs/2025/09/05/app.log","date":"2025-09-05"}
{"timestamp":"2025-09-05T15:36:02.695+09:00","level":"INFO","message":"=== Server Configuration ==="}
{"timestamp":"2025-09-05T15:36:02.695+09:00","level":"INFO","message":"Server Host: localhost"}
{"timestamp":"2025-09-05T15:36:02.695+09:00","level":"INFO","message":"Server Port: 6214"}
{"timestamp":"2025-09-05T15:36:02.695+09:00","level":"INFO","message":"=== Configuration Loaded Successfully ==="}
{"timestamp":"2025-09-05T15:36:02.728+09:00","level":"INFO","message":"Transfer scheduler started successfully"}
{"timestamp":"2025-09-05T15:36:02.728+09:00","level":"INFO","message":"Starting HTTP server on port 6214"}
{"timestamp":"2025-09-05T15:49:29.341+09:00","level":"INFO","message":"Log file rotated","log_path":"../logs/2025/09/05/app.log","date":"2025-09-05"}
{"timestamp":"2025-09-05T15:49:30.529+09:00","level":"INFO","message":"=== Server Configuration ==="}
{"timestamp":"2025-09-05T15:49:30.529+09:00","level":"INFO","message":"Server Host: localhost"}
{"timestamp":"2025-09-05T15:49:30.529+09:00","level":"INFO","message":"Server Port: 6214"}
{"timestamp":"2025-09-05T15:49:30.529+09:00","level":"INFO","message":"=== Configuration Loaded Successfully ==="}
{"timestamp":"2025-09-05T15:49:30.544+09:00","level":"INFO","message":"Transfer scheduler started successfully"}
{"timestamp":"2025-09-05T15:49:30.545+09:00","level":"INFO","message":"Starting HTTP server on port 6214"}
{"timestamp":"2025-09-05T15:49:58.019+09:00","level":"INFO","request_id":"1757054998019673000","message":"Request started","method":"POST","path":"/send","query":"","remote_addr":"127.0.0.1:54082","user_agent":"curl/8.7.1","content_length":525}
{"timestamp":"2025-09-05T15:49:58.068+09:00","level":"INFO","message":"Withdraw history record created","amount":"10","memo":"","withdraw_id":78,"token":"USDC(Ethereum)","to_address":"0x8425e0D93943c1cc22890C6A08041B933fa994db"}
{"timestamp":"2025-09-05T15:49:59.354+09:00","level":"INFO","message":"Sending transaction","gasPrice":"16585193","fromAddr":"0xD506eBd8C37E2052Db940427534EDB49d71E4f20","toAddr":"0x1c7D4B196Cb0C7B01d743Fbc6116a902379C7238","chainID":"11155111","gasLimit":62943,"nonce":73,"value":"0","data":"a9059cbb0000000000000000000000008425e0d93943c1cc22890c6a08041b933fa994db0000000000000000000000000000000000000000000000000000000000989680","to":"0x1c7D4B196Cb0C7B01d743Fbc6116a902379C7238","toValue":"0"}
{"timestamp":"2025-09-05T15:49:59.355+09:00","level":"INFO","message":"Transaction signed","signer":"0xD506eBd8C37E2052Db940427534EDB49d71E4f20","value":"0","chainID":"11155111","to":"0x1c7D4B196Cb0C7B01d743Fbc6116a902379C7238","fromAddr":"0xD506eBd8C37E2052Db940427534EDB49d71E4f20","txHash":"0xd8f0ce3ef373a5696ad9602438505a1ba69029348637f6b37281f31ab26b1543"}
{"timestamp":"2025-09-05T15:50:13.039+09:00","level":"INFO","message":"Transaction confirmed","txHash":"0xd8f0ce3ef373a5696ad9602438505a1ba69029348637f6b37281f31ab26b1543","to":"0x1c7D4B196Cb0C7B01d743Fbc6116a902379C7238","value":"0","chainID":"11155111","fromAddr":"0xD506eBd8C37E2052Db940427534EDB49d71E4f20","toAddr":"0x1c7D4B196Cb0C7B01d743Fbc6116a902379C7238"}
{"timestamp":"2025-09-05T15:50:13.039+09:00","level":"INFO","message":"sendTxWithMethod succeeded","params":["0x8425e0d93943c1cc22890c6a08041b933fa994db",10000000],"fromAddr":"0xD506eBd8C37E2052Db940427534EDB49d71E4f20","gasPrice":"","nonce":0,"toAddr":"0x1c7D4B196Cb0C7B01d743Fbc6116a902379C7238","gasLimit":0,"txHash":"0xd8f0ce3ef373a5696ad9602438505a1ba69029348637f6b37281f31ab26b1543","to":"0x1c7D4B196Cb0C7B01d743Fbc6116a902379C7238","funcName":"transfer","amount":"0"}
{"timestamp":"2025-09-05T15:50:13.039+09:00","level":"INFO","message":"AdminERC20Transfer succeeded","amountStr":"10","contract":"0x1c7D4B196Cb0C7B01d743Fbc6116a902379C7238","to":"0x8425e0D93943c1cc22890C6A08041B933fa994db","txHash":"0xd8f0ce3ef373a5696ad9602438505a1ba69029348637f6b37281f31ab26b1543"}
{"timestamp":"2025-09-05T15:50:13.039+09:00","level":"INFO","message":"EtherSend succeeded","memo":"","func":"EtherSend","token":"USDC(Ethereum)","toAddr":"0x8425e0D93943c1cc22890C6A08041B933fa994db","txhash":"0xd8f0ce3ef373a5696ad9602438505a1ba69029348637f6b37281f31ab26b1543","amount":"10000000","amountStr":"10"}
{"timestamp":"2025-09-05T15:50:13.054+09:00","level":"INFO","message":"EtherSend completed successfully","tx_hash":"0xd8f0ce3ef373a5696ad9602438505a1ba69029348637f6b37281f31ab26b1543","amount":"10000000","withdraw_id":78}
{"timestamp":"2025-09-05T15:50:13.054+09:00","level":"INFO","request_id":"1757054998019673000","message":"Request completed","method":"POST","path":"/send","status":200,"duration_ms":15034,"duration_ns":15034803458,"size":148}
{"timestamp":"2025-09-05T16:42:15.208+09:00","level":"INFO","message":"Log file rotated","log_path":"../logs/2025/09/05/app.log","date":"2025-09-05"}
{"timestamp":"2025-09-05T16:42:16.497+09:00","level":"INFO","message":"=== Server Configuration ==="}
{"timestamp":"2025-09-05T16:42:16.497+09:00","level":"INFO","message":"Server Host: localhost"}
{"timestamp":"2025-09-05T16:42:16.497+09:00","level":"INFO","message":"Server Port: 6214"}
{"timestamp":"2025-09-05T16:42:16.497+09:00","level":"INFO","message":"=== Configuration Loaded Successfully ==="}
{"timestamp":"2025-09-05T16:42:16.515+09:00","level":"INFO","message":"Transfer scheduler started successfully"}
{"timestamp":"2025-09-05T16:42:16.516+09:00","level":"INFO","message":"Starting HTTP server on port 6214"}
{"timestamp":"2025-09-05T16:43:50.902+09:00","level":"INFO","request_id":"1757058230902722000","message":"Request started","method":"POST","path":"/send","remote_addr":"127.0.0.1:54832","user_agent":"curl/8.7.1","content_length":527,"query":""}
{"timestamp":"2025-09-05T16:43:50.943+09:00","level":"INFO","message":"Withdraw history record created","token":"USDC(Ethereum)","to_address":"0xd2FC24e97474AD36C8D7eB0dF8e52A0cF1bFD1cf","amount":"10","memo":"","withdraw_id":79}
{"timestamp":"2025-09-05T16:43:52.298+09:00","level":"ERROR","message":"Failed to estimate gas","error":{"code":3,"message":"execution reverted: ERC20: transfer amount exceeds balance","data":"0x08c379a00000000000000000000000000000000000000000000000000000000000000020000000000000000000000000000000000000000000000000000000000000002645524332303a207472616e7366657220616d6f756e7420657863656564732062616c616e63650000000000000000000000000000000000000000000000000000"},"to":"0x1c7D4B196Cb0C7B01d743Fbc6116a902379C7238","value":"0","chainID":"11155111"}
{"timestamp":"2025-09-05T16:43:52.299+09:00","level":"ERROR","message":"sendTxWithMethod failed","error":{"code":3,"message":"execution reverted: ERC20: transfer amount exceeds balance","data":"0x08c379a00000000000000000000000000000000000000000000000000000000000000020000000000000000000000000000000000000000000000000000000000000002645524332303a207472616e7366657220616d6f756e7420657863656564732062616c616e63650000000000000000000000000000000000000000000000000000"},"amount":"0","params":["0xd2fc24e97474ad36c8d7eb0df8e52a0cf1bfd1cf",10000000],"to":"0x1c7D4B196Cb0C7B01d743Fbc6116a902379C7238","funcName":"transfer","gasLimit":0,"gasPrice":"","nonce":0}
{"timestamp":"2025-09-05T16:43:52.299+09:00","level":"ERROR","message":"AdminERC20Transfer failed","error":{"code":3,"message":"execution reverted: ERC20: transfer amount exceeds balance","data":"0x08c379a00000000000000000000000000000000000000000000000000000000000000020000000000000000000000000000000000000000000000000000000000000002645524332303a207472616e7366657220616d6f756e7420657863656564732062616c616e63650000000000000000000000000000000000000000000000000000"},"contract":"0x1c7D4B196Cb0C7B01d743Fbc6116a902379C7238","to":"0xd2FC24e97474AD36C8D7eB0dF8e52A0cF1bFD1cf","amountStr":"10"}
{"timestamp":"2025-09-05T16:43:52.299+09:00","level":"ERROR","message":"AdminERC20Transfer failed","error":{"code":3,"message":"execution reverted: ERC20: transfer amount exceeds balance","data":"0x08c379a00000000000000000000000000000000000000000000000000000000000000020000000000000000000000000000000000000000000000000000000000000002645524332303a207472616e7366657220616d6f756e7420657863656564732062616c616e63650000000000000000000000000000000000000000000000000000"},"amountStr":"10","memo":"","func":"EtherSend","token":"USDC(Ethereum)","toAddr":"0xd2FC24e97474AD36C8D7eB0dF8e52A0cF1bFD1cf"}
{"timestamp":"2025-09-05T16:43:52.311+09:00","level":"ERROR","message":"EtherSend failed","error":{"code":3,"message":"execution reverted: ERC20: transfer amount exceeds balance","data":"0x08c379a00000000000000000000000000000000000000000000000000000000000000020000000000000000000000000000000000000000000000000000000000000002645524332303a207472616e7366657220616d6f756e7420657863656564732062616c616e63650000000000000000000000000000000000000000000000000000"}}
{"timestamp":"2025-09-05T16:43:52.311+09:00","level":"ERROR","request_id":"1757058230902722000","message":"Request completed","method":"POST","path":"/send","status":500,"duration_ms":1409,"duration_ns":1409148292,"size":71}
{"timestamp":"2025-09-05T16:44:09.554+09:00","level":"INFO","request_id":"1757058249554902000","message":"Request started","method":"POST","path":"/collect","content_length":278,"query":"","remote_addr":"127.0.0.1:54840","user_agent":"curl/8.7.1"}
{"timestamp":"2025-09-05T16:44:10.062+09:00","level":"INFO","message":"ERC20 allowance fetched","allowance":"999999769999970","contract":"0x1c7D4B196Cb0C7B01d743Fbc6116a902379C7238"}
{"timestamp":"2025-09-05T16:44:10.429+09:00","level":"INFO","message":"ERC20 balance fetched","balance":"0","decimal":6,"address":"0xd2FC24e97474AD36C8D7eB0dF8e52A0cF1bFD1cf","contract":"0x1c7D4B196Cb0C7B01d743Fbc6116a902379C7238","amtStr":"0"}
{"timestamp":"2025-09-05T16:44:10.429+09:00","level":"WARNING","message":"not sended balance less than 10","email":"test@gmail.com","token":"USDC(Ethereum)"}
{"timestamp":"2025-09-05T16:44:10.430+09:00","level":"INFO","request_id":"1757058249554902000","message":"Request completed","method":"POST","path":"/collect","status":200,"duration_ms":875,"duration_ns":875119541,"size":0}
{"timestamp":"2025-09-05T16:44:10.430+09:00","level":"ERROR","request_id":"1757058249554902000","message":"Request error occurred","error":"not sended balance less then 1(0)"}
{"timestamp":"2025-09-05T16:44:14.075+09:00","level":"INFO","request_id":"1757058254075307000","message":"Request started","method":"POST","path":"/collect","query":"","remote_addr":"127.0.0.1:54846","user_agent":"curl/8.7.1","content_length":280}
{"timestamp":"2025-09-05T16:44:14.373+09:00","level":"INFO","message":"ERC20 allowance fetched","contract":"0x1c7D4B196Cb0C7B01d743Fbc6116a902379C7238","allowance":"999999910000000"}
{"timestamp":"2025-09-05T16:44:14.742+09:00","level":"INFO","message":"ERC20 balance fetched","address":"0x8425e0D93943c1cc22890C6A08041B933fa994db","balance":"10000000","decimal":6,"amtStr":"10","contract":"0x1c7D4B196Cb0C7B01d743Fbc6116a902379C7238"}
{"timestamp":"2025-09-05T16:44:15.108+09:00","level":"INFO","message":"ERC20 balance fetched","address":"0xD506eBd8C37E2052Db940427534EDB49d71E4f20","balance":"0","decimal":6,"amtStr":"0","contract":"0x1c7D4B196Cb0C7B01d743Fbc6116a902379C7238"}
{"timestamp":"2025-09-05T16:44:15.476+09:00","level":"INFO","message":"Sending transaction","to":"0x1c7D4B196Cb0C7B01d743Fbc6116a902379C7238","nonce":74,"fromAddr":"0xD506eBd8C37E2052Db940427534EDB49d71E4f20","toAddr":"0x1c7D4B196Cb0C7B01d743Fbc6116a902379C7238","gasPrice":"5189097","data":"23b872dd0000000000000000000000008425e0d93943c1cc22890c6a08041b933fa994db000000000000000000000000d506ebd8c37e2052db940427534edb49d71e4f200000000000000000000000000000000000000000000000000000000000989680","value":"0","chainID":"11155111","toValue":"0","gasLimit":69758}
{"timestamp":"2025-09-05T16:44:15.476+09:00","level":"INFO","message":"Transaction signed","value":"0","chainID":"11155111","txHash":"0x7ee57e45b5f161c920e31e7499628b15e6a052d8d37b1cc9dca6f6efff466e59","signer":"0xD506eBd8C37E2052Db940427534EDB49d71E4f20","fromAddr":"0xD506eBd8C37E2052Db940427534EDB49d71E4f20","to":"0x1c7D4B196Cb0C7B01d743Fbc6116a902379C7238"}
{"timestamp":"2025-09-05T16:44:53.032+09:00","level":"WARNING","message":"tx is pending more than 30 seconds","value":"0","chainID":"11155111","to":"0x1c7D4B196Cb0C7B01d743Fbc6116a902379C7238"}
{"timestamp":"2025-09-05T16:44:54.879+09:00","level":"WARNING","message":"tx is pending more than 30 seconds","to":"0x1c7D4B196Cb0C7B01d743Fbc6116a902379C7238","value":"0","chainID":"11155111"}
{"timestamp":"2025-09-05T16:44:56.725+09:00","level":"WARNING","message":"tx is pending more than 30 seconds","to":"0x1c7D4B196Cb0C7B01d743Fbc6116a902379C7238","value":"0","chainID":"11155111"}
{"timestamp":"2025-09-05T16:44:58.586+09:00","level":"WARNING","message":"tx is pending more than 30 seconds","chainID":"11155111","to":"0x1c7D4B196Cb0C7B01d743Fbc6116a902379C7238","value":"0"}
{"timestamp":"2025-09-05T16:45:00.431+09:00","level":"WARNING","message":"tx is pending more than 30 seconds","to":"0x1c7D4B196Cb0C7B01d743Fbc6116a902379C7238","value":"0","chainID":"11155111"}
{"timestamp":"2025-09-05T16:45:02.272+09:00","level":"WARNING","message":"tx is pending more than 30 seconds","chainID":"11155111","to":"0x1c7D4B196Cb0C7B01d743Fbc6116a902379C7238","value":"0"}
{"timestamp":"2025-09-05T16:45:04.169+09:00","level":"WARNING","message":"tx is pending more than 30 seconds","to":"0x1c7D4B196Cb0C7B01d743Fbc6116a902379C7238","value":"0","chainID":"11155111"}
{"timestamp":"2025-09-05T16:45:06.029+09:00","level":"WARNING","message":"tx is pending more than 30 seconds","to":"0x1c7D4B196Cb0C7B01d743Fbc6116a902379C7238","value":"0","chainID":"11155111"}
{"timestamp":"2025-09-05T16:45:07.933+09:00","level":"WARNING","message":"tx is pending more than 30 seconds","to":"0x1c7D4B196Cb0C7B01d743Fbc6116a902379C7238","value":"0","chainID":"11155111"}
{"timestamp":"2025-09-05T16:45:09.849+09:00","level":"WARNING","message":"tx is pending more than 30 seconds","chainID":"11155111","to":"0x1c7D4B196Cb0C7B01d743Fbc6116a902379C7238","value":"0"}
{"timestamp":"2025-09-05T16:45:11.697+09:00","level":"WARNING","message":"tx is pending more than 30 seconds","chainID":"11155111","to":"0x1c7D4B196Cb0C7B01d743Fbc6116a902379C7238","value":"0"}
{"timestamp":"2025-09-05T16:45:13.658+09:00","level":"WARNING","message":"tx is pending more than 30 seconds","to":"0x1c7D4B196Cb0C7B01d743Fbc6116a902379C7238","value":"0","chainID":"11155111"}
{"timestamp":"2025-09-05T16:45:14.322+09:00","level":"INFO","message":"Transaction confirmed","chainID":"11155111","fromAddr":"0xD506eBd8C37E2052Db940427534EDB49d71E4f20","toAddr":"0x1c7D4B196Cb0C7B01d743Fbc6116a902379C7238","txHash":"0x7ee57e45b5f161c920e31e7499628b15e6a052d8d37b1cc9dca6f6efff466e59","to":"0x1c7D4B196Cb0C7B01d743Fbc6116a902379C7238","value":"0"}
{"timestamp":"2025-09-05T16:45:14.322+09:00","level":"INFO","message":"sendTxWithMethod succeeded","funcName":"transferFrom","txHash":"0x7ee57e45b5f161c920e31e7499628b15e6a052d8d37b1cc9dca6f6efff466e59","toAddr":"0x1c7D4B196Cb0C7B01d743Fbc6116a902379C7238","params":["0x8425e0d93943c1cc22890c6a08041b933fa994db","0xd506ebd8c37e2052db940427534edb49d71e4f20",10000000],"nonce":0,"gasLimit":0,"fromAddr":"0xD506eBd8C37E2052Db940427534EDB49d71E4f20","to":"0x1c7D4B196Cb0C7B01d743Fbc6116a902379C7238","gasPrice":"5189097","amount":"0"}
{"timestamp":"2025-09-05T16:45:14.322+09:00","level":"INFO","message":"ERC20TransferFromToAdmin succeeded","amount":"10000000","gasLimit":0,"txHash":"0x7ee57e45b5f161c920e31e7499628b15e6a052d8d37b1cc9dca6f6efff466e59","gasPrice":5189097,"contract":"0x1c7D4B196Cb0C7B01d743Fbc6116a902379C7238"}
{"timestamp":"2025-09-05T16:45:15.504+09:00","level":"INFO","message":"ERC20 balance fetched","amtStr":"10","contract":"0x1c7D4B196Cb0C7B01d743Fbc6116a902379C7238","address":"0xD506eBd8C37E2052Db940427534EDB49d71E4f20","balance":"10000000","decimal":6}
{"timestamp":"2025-09-05T16:45:15.504+09:00","level":"INFO","message":"EtherCollect succeeded","email":"dustin@gmail.com","token":"USDC(Ethereum)","erc20Balance":"10000000"}
{"timestamp":"2025-09-05T16:45:15.504+09:00","level":"INFO","request_id":"1757058254075307000","message":"Request completed","method":"POST","path":"/collect","status":200,"duration_ms":61429,"duration_ns":61429200125,"size":8}
{"timestamp":"2025-09-05T16:48:15.207+09:00","level":"INFO","request_id":"1757058495207298000","message":"Request started","method":"POST","path":"/send","user_agent":"curl/8.7.1","content_length":527,"query":"","remote_addr":"127.0.0.1:54941"}
{"timestamp":"2025-09-05T16:48:15.249+09:00","level":"INFO","message":"Withdraw history record created","token":"USDC(Ethereum)","to_address":"0xd2FC24e97474AD36C8D7eB0dF8e52A0cF1bFD1cf","amount":"10","memo":"","withdraw_id":80}
{"timestamp":"2025-09-05T16:48:16.092+09:00","level":"INFO","message":"Sending transaction","gasLimit":62943,"data":"a9059cbb000000000000000000000000d2fc24e97474ad36c8d7eb0df8e52a0cf1bfd1cf0000000000000000000000000000000000000000000000000000000000989680","fromAddr":"0xD506eBd8C37E2052Db940427534EDB49d71E4f20","toAddr":"0x1c7D4B196Cb0C7B01d743Fbc6116a902379C7238","nonce":75,"toValue":"0","value":"0","chainID":"11155111","to":"0x1c7D4B196Cb0C7B01d743Fbc6116a902379C7238","gasPrice":"4509287"}
{"timestamp":"2025-09-05T16:48:16.093+09:00","level":"INFO","message":"Transaction signed","value":"0","chainID":"11155111","to":"0x1c7D4B196Cb0C7B01d743Fbc6116a902379C7238","signer":"0xD506eBd8C37E2052Db940427534EDB49d71E4f20","fromAddr":"0xD506eBd8C37E2052Db940427534EDB49d71E4f20","txHash":"0x74d36135c84570f0bf051b6bc8437d05538af65b98e4f8c3f5dc6414967fa623"}
{"timestamp":"2025-09-05T16:48:24.868+09:00","level":"INFO","message":"Transaction confirmed","fromAddr":"0xD506eBd8C37E2052Db940427534EDB49d71E4f20","toAddr":"0x1c7D4B196Cb0C7B01d743Fbc6116a902379C7238","txHash":"0x74d36135c84570f0bf051b6bc8437d05538af65b98e4f8c3f5dc6414967fa623","to":"0x1c7D4B196Cb0C7B01d743Fbc6116a902379C7238","value":"0","chainID":"11155111"}
{"timestamp":"2025-09-05T16:48:24.868+09:00","level":"INFO","message":"sendTxWithMethod succeeded","to":"0x1c7D4B196Cb0C7B01d743Fbc6116a902379C7238","gasLimit":0,"toAddr":"0x1c7D4B196Cb0C7B01d743Fbc6116a902379C7238","funcName":"transfer","fromAddr":"0xD506eBd8C37E2052Db940427534EDB49d71E4f20","txHash":"0x74d36135c84570f0bf051b6bc8437d05538af65b98e4f8c3f5dc6414967fa623","nonce":0,"params":["0xd2fc24e97474ad36c8d7eb0df8e52a0cf1bfd1cf",10000000],"amount":"0","gasPrice":""}
{"timestamp":"2025-09-05T16:48:24.868+09:00","level":"INFO","message":"AdminERC20Transfer succeeded","txHash":"0x74d36135c84570f0bf051b6bc8437d05538af65b98e4f8c3f5dc6414967fa623","to":"0xd2FC24e97474AD36C8D7eB0dF8e52A0cF1bFD1cf","amountStr":"10","contract":"0x1c7D4B196Cb0C7B01d743Fbc6116a902379C7238"}
{"timestamp":"2025-09-05T16:48:24.869+09:00","level":"INFO","message":"EtherSend succeeded","amount":"10000000","token":"USDC(Ethereum)","toAddr":"0xd2FC24e97474AD36C8D7eB0dF8e52A0cF1bFD1cf","amountStr":"10","memo":"","func":"EtherSend","txhash":"0x74d36135c84570f0bf051b6bc8437d05538af65b98e4f8c3f5dc6414967fa623"}
{"timestamp":"2025-09-05T16:48:24.882+09:00","level":"INFO","message":"EtherSend completed successfully","withdraw_id":80,"tx_hash":"0x74d36135c84570f0bf051b6bc8437d05538af65b98e4f8c3f5dc6414967fa623","amount":"10000000"}
{"timestamp":"2025-09-05T16:48:24.882+09:00","level":"INFO","request_id":"1757058495207298000","message":"Request completed","method":"POST","path":"/send","status":200,"duration_ms":9675,"duration_ns":9675064375,"size":148}
{"timestamp":"2025-09-05T16:57:04.188+09:00","level":"INFO","message":"Log file rotated","log_path":"../logs/2025/09/05/app.log","date":"2025-09-05"}
{"timestamp":"2025-09-05T16:57:05.390+09:00","level":"INFO","message":"=== Server Configuration ==="}
{"timestamp":"2025-09-05T16:57:05.390+09:00","level":"INFO","message":"Server Host: localhost"}
{"timestamp":"2025-09-05T16:57:05.390+09:00","level":"INFO","message":"Server Port: 6214"}
{"timestamp":"2025-09-05T16:57:05.390+09:00","level":"INFO","message":"=== Configuration Loaded Successfully ==="}
{"timestamp":"2025-09-05T16:57:05.399+09:00","level":"INFO","message":"Transfer scheduler started successfully"}
{"timestamp":"2025-09-05T16:57:05.399+09:00","level":"INFO","message":"Starting HTTP server on port 6214"}
{"timestamp":"2025-09-05T16:57:18.230+09:00","level":"INFO","request_id":"1757059038230102000","message":"Request started","method":"POST","path":"/collect","remote_addr":"127.0.0.1:55186","user_agent":"curl/8.7.1","content_length":280,"query":""}
{"timestamp":"2025-09-05T16:57:19.203+09:00","level":"INFO","message":"ERC20 allowance fetched","contract":"0x1c7D4B196Cb0C7B01d743Fbc6116a902379C7238","allowance":"999999900000000"}
{"timestamp":"2025-09-05T16:57:19.578+09:00","level":"INFO","message":"ERC20 balance fetched","amtStr":"0","balance":"0","contract":"0x1c7D4B196Cb0C7B01d743Fbc6116a902379C7238","address":"0x8425e0D93943c1cc22890C6A08041B933fa994db","decimal":6}
{"timestamp":"2025-09-05T16:57:19.578+09:00","level":"WARNING","message":"not sended balance less than 10","email":"dustin@gmail.com","token":"USDC(Ethereum)"}
{"timestamp":"2025-09-05T16:57:19.578+09:00","level":"INFO","request_id":"1757059038230102000","message":"Request completed","method":"POST","path":"/collect","status":200,"duration_ms":1348,"size":0,"duration_ns":1348465959}
{"timestamp":"2025-09-05T16:57:19.578+09:00","level":"ERROR","request_id":"1757059038230102000","message":"Request error occurred","error":"not sended balance less then 1(0)"}
{"timestamp":"2025-09-05T16:57:23.743+09:00","level":"INFO","request_id":"1757059043743698000","message":"Request started","method":"POST","path":"/collect","query":"","remote_addr":"127.0.0.1:55192","user_agent":"curl/8.7.1","content_length":278}
{"timestamp":"2025-09-05T16:57:24.068+09:00","level":"INFO","message":"ERC20 allowance fetched","contract":"0x1c7D4B196Cb0C7B01d743Fbc6116a902379C7238","allowance":"999999769999970"}
{"timestamp":"2025-09-05T16:57:24.439+09:00","level":"INFO","message":"ERC20 balance fetched","address":"0xd2FC24e97474AD36C8D7eB0dF8e52A0cF1bFD1cf","contract":"0x1c7D4B196Cb0C7B01d743Fbc6116a902379C7238","balance":"10000000","decimal":6,"amtStr":"10"}
{"timestamp":"2025-09-05T16:57:24.813+09:00","level":"INFO","message":"ERC20 balance fetched","contract":"0x1c7D4B196Cb0C7B01d743Fbc6116a902379C7238","address":"0xD506eBd8C37E2052Db940427534EDB49d71E4f20","balance":"0","decimal":6,"amtStr":"0"}
{"timestamp":"2025-09-05T16:57:25.187+09:00","level":"INFO","message":"Sending transaction","data":"23b872dd000000000000000000000000d2fc24e97474ad36c8d7eb0df8e52a0cf1bfd1cf000000000000000000000000d506ebd8c37e2052db940427534edb49d71e4f200000000000000000000000000000000000000000000000000000000000989680","toAddr":"0x1c7D4B196Cb0C7B01d743Fbc6116a902379C7238","toValue":"0","nonce":76,"gasLimit":69758,"gasPrice":"4319146","chainID":"11155111","to":"0x1c7D4B196Cb0C7B01d743Fbc6116a902379C7238","value":"0","fromAddr":"0xD506eBd8C37E2052Db940427534EDB49d71E4f20"}
{"timestamp":"2025-09-05T16:57:25.189+09:00","level":"INFO","message":"Transaction signed","chainID":"11155111","signer":"0xD506eBd8C37E2052Db940427534EDB49d71E4f20","fromAddr":"0xD506eBd8C37E2052Db940427534EDB49d71E4f20","txHash":"0x489a13ebb3bcc74bdc6f352a79347f60a5b710d73d1f4c56237072ddd04cefe6","to":"0x1c7D4B196Cb0C7B01d743Fbc6116a902379C7238","value":"0"}
{"timestamp":"2025-09-05T16:57:37.585+09:00","level":"INFO","message":"Transaction confirmed","chainID":"11155111","toAddr":"0x1c7D4B196Cb0C7B01d743Fbc6116a902379C7238","txHash":"0x489a13ebb3bcc74bdc6f352a79347f60a5b710d73d1f4c56237072ddd04cefe6","fromAddr":"0xD506eBd8C37E2052Db940427534EDB49d71E4f20","to":"0x1c7D4B196Cb0C7B01d743Fbc6116a902379C7238","value":"0"}
{"timestamp":"2025-09-05T16:57:37.585+09:00","level":"INFO","message":"sendTxWithMethod succeeded","toAddr":"0x1c7D4B196Cb0C7B01d743Fbc6116a902379C7238","to":"0x1c7D4B196Cb0C7B01d743Fbc6116a902379C7238","fromAddr":"0xD506eBd8C37E2052Db940427534EDB49d71E4f20","nonce":0,"params":["0xd2fc24e97474ad36c8d7eb0df8e52a0cf1bfd1cf","0xd506ebd8c37e2052db940427534edb49d71e4f20",10000000],"gasLimit":0,"funcName":"transferFrom","gasPrice":"4319146","amount":"0","txHash":"0x489a13ebb3bcc74bdc6f352a79347f60a5b710d73d1f4c56237072ddd04cefe6"}
{"timestamp":"2025-09-05T16:57:37.585+09:00","level":"INFO","message":"ERC20TransferFromToAdmin succeeded","gasPrice":4319146,"contract":"0x1c7D4B196Cb0C7B01d743Fbc6116a902379C7238","amount":"10000000","gasLimit":0,"txHash":"0x489a13ebb3bcc74bdc6f352a79347f60a5b710d73d1f4c56237072ddd04cefe6"}
{"timestamp":"2025-09-05T16:57:38.768+09:00","level":"INFO","message":"ERC20 balance fetched","balance":"10000000","decimal":6,"amtStr":"10","contract":"0x1c7D4B196Cb0C7B01d743Fbc6116a902379C7238","address":"0xD506eBd8C37E2052Db940427534EDB49d71E4f20"}
{"timestamp":"2025-09-05T16:57:38.768+09:00","level":"INFO","message":"EtherCollect succeeded","email":"test@gmail.com","token":"USDC(Ethereum)","erc20Balance":"10000000"}
{"timestamp":"2025-09-05T16:57:38.768+09:00","level":"INFO","request_id":"1757059043743698000","message":"Request completed","method":"POST","path":"/collect","status":200,"duration_ms":15025,"duration_ns":15025115292,"size":8}
{"timestamp":"2025-09-05T17:00:01.319+09:00","level":"INFO","request_id":"1757059201319426000","message":"Request started","method":"POST","path":"/send","user_agent":"curl/8.7.1","content_length":525,"query":"","remote_addr":"127.0.0.1:55237"}
{"timestamp":"2025-09-05T17:00:01.346+09:00","level":"WARNING","message":"Insufficient balance","user_id":25,"available":0,"currency_id":35,"requested":10}
{"timestamp":"2025-09-05T17:00:01.346+09:00","level":"WARNING","request_id":"1757059201319426000","message":"Request completed","method":"POST","path":"/send","status":400,"duration_ms":27,"duration_ns":27100542,"size":33}
{"timestamp":"2025-09-05T17:00:07.401+09:00","level":"INFO","request_id":"1757059207401725000","message":"Request started","method":"POST","path":"/send","query":"","remote_addr":"127.0.0.1:55238","user_agent":"curl/8.7.1","content_length":527}
{"timestamp":"2025-09-05T17:00:07.437+09:00","level":"INFO","message":"Withdraw history record created","withdraw_id":81,"token":"USDC(Ethereum)","to_address":"0xd2FC24e97474AD36C8D7eB0dF8e52A0cF1bFD1cf","amount":"10","memo":""}
{"timestamp":"2025-09-05T17:00:08.313+09:00","level":"INFO","message":"Sending transaction","toAddr":"0x1c7D4B196Cb0C7B01d743Fbc6116a902379C7238","nonce":77,"fromAddr":"0xD506eBd8C37E2052Db940427534EDB49d71E4f20","gasLimit":62943,"gasPrice":"2270581","chainID":"11155111","to":"0x1c7D4B196Cb0C7B01d743Fbc6116a902379C7238","value":"0","toValue":"0","data":"a9059cbb000000000000000000000000d2fc24e97474ad36c8d7eb0df8e52a0cf1bfd1cf0000000000000000000000000000000000000000000000000000000000989680"}
{"timestamp":"2025-09-05T17:00:08.314+09:00","level":"INFO","message":"Transaction signed","chainID":"11155111","signer":"0xD506eBd8C37E2052Db940427534EDB49d71E4f20","fromAddr":"0xD506eBd8C37E2052Db940427534EDB49d71E4f20","txHash":"0xf4a4cd882c1f27539d7e6a0cf6b4914aa51b0dc0df740df0b878d507d2234e15","to":"0x1c7D4B196Cb0C7B01d743Fbc6116a902379C7238","value":"0"}
{"timestamp":"2025-09-05T17:00:13.487+09:00","level":"INFO","message":"Transaction confirmed","toAddr":"0x1c7D4B196Cb0C7B01d743Fbc6116a902379C7238","txHash":"0xf4a4cd882c1f27539d7e6a0cf6b4914aa51b0dc0df740df0b878d507d2234e15","value":"0","chainID":"11155111","to":"0x1c7D4B196Cb0C7B01d743Fbc6116a902379C7238","fromAddr":"0xD506eBd8C37E2052Db940427534EDB49d71E4f20"}
{"timestamp":"2025-09-05T17:00:13.487+09:00","level":"INFO","message":"sendTxWithMethod succeeded","gasLimit":0,"fromAddr":"0xD506eBd8C37E2052Db940427534EDB49d71E4f20","params":["0xd2fc24e97474ad36c8d7eb0df8e52a0cf1bfd1cf",10000000],"nonce":0,"to":"0x1c7D4B196Cb0C7B01d743Fbc6116a902379C7238","amount":"0","txHash":"0xf4a4cd882c1f27539d7e6a0cf6b4914aa51b0dc0df740df0b878d507d2234e15","toAddr":"0x1c7D4B196Cb0C7B01d743Fbc6116a902379C7238","gasPrice":"","funcName":"transfer"}
{"timestamp":"2025-09-05T17:00:13.487+09:00","level":"INFO","message":"AdminERC20Transfer succeeded","contract":"0x1c7D4B196Cb0C7B01d743Fbc6116a902379C7238","txHash":"0xf4a4cd882c1f27539d7e6a0cf6b4914aa51b0dc0df740df0b878d507d2234e15","to":"0xd2FC24e97474AD36C8D7eB0dF8e52A0cF1bFD1cf","amountStr":"10"}
{"timestamp":"2025-09-05T17:00:13.487+09:00","level":"INFO","message":"EtherSend succeeded","txhash":"0xf4a4cd882c1f27539d7e6a0cf6b4914aa51b0dc0df740df0b878d507d2234e15","amount":"10000000","func":"EtherSend","token":"USDC(Ethereum)","toAddr":"0xd2FC24e97474AD36C8D7eB0dF8e52A0cF1bFD1cf","amountStr":"10","memo":""}
{"timestamp":"2025-09-05T17:00:13.500+09:00","level":"INFO","message":"EtherSend completed successfully","withdraw_id":81,"tx_hash":"0xf4a4cd882c1f27539d7e6a0cf6b4914aa51b0dc0df740df0b878d507d2234e15","amount":"10000000"}
{"timestamp":"2025-09-05T17:00:13.500+09:00","level":"INFO","request_id":"1757059207401725000","message":"Request completed","method":"POST","path":"/send","status":200,"duration_ms":6098,"duration_ns":6098680250,"size":148}
{"timestamp":"2025-09-05T17:01:51.886+09:00","level":"INFO","message":"ERC20 allowance fetched","contract":"0x1c7D4B196Cb0C7B01d743Fbc6116a902379C7238","allowance":"999999759999970"}
{"timestamp":"2025-09-05T17:01:52.259+09:00","level":"INFO","message":"ERC20 balance fetched","decimal":6,"amtStr":"10","address":"0xd2FC24e97474AD36C8D7eB0dF8e52A0cF1bFD1cf","contract":"0x1c7D4B196Cb0C7B01d743Fbc6116a902379C7238","balance":"10000000"}
{"timestamp":"2025-09-05T17:01:52.630+09:00","level":"INFO","message":"ERC20 balance fetched","balance":"0","decimal":6,"amtStr":"0","contract":"0x1c7D4B196Cb0C7B01d743Fbc6116a902379C7238","address":"0xD506eBd8C37E2052Db940427534EDB49d71E4f20"}
{"timestamp":"2025-09-05T17:01:53.002+09:00","level":"INFO","message":"Sending transaction","chainID":"11155111","data":"23b872dd000000000000000000000000d2fc24e97474ad36c8d7eb0df8e52a0cf1bfd1cf000000000000000000000000d506ebd8c37e2052db940427534edb49d71e4f200000000000000000000000000000000000000000000000000000000000989680","value":"0","nonce":78,"toAddr":"0x1c7D4B196Cb0C7B01d743Fbc6116a902379C7238","gasPrice":"3565054","toValue":"0","to":"0x1c7D4B196Cb0C7B01d743Fbc6116a902379C7238","fromAddr":"0xD506eBd8C37E2052Db940427534EDB49d71E4f20","gasLimit":69758}
{"timestamp":"2025-09-05T17:01:53.003+09:00","level":"INFO","message":"Transaction signed","to":"0x1c7D4B196Cb0C7B01d743Fbc6116a902379C7238","signer":"0xD506eBd8C37E2052Db940427534EDB49d71E4f20","fromAddr":"0xD506eBd8C37E2052Db940427534EDB49d71E4f20","txHash":"0x1c25fa38b0cd2ed59e0a2ca2478ba160bf2ce75dd98580ff0f5edc987efd0776","value":"0","chainID":"11155111"}
{"timestamp":"2025-09-05T17:16:47.476+09:00","level":"INFO","message":"Log file rotated","log_path":"../logs/2025/09/05/app.log","date":"2025-09-05"}
{"timestamp":"2025-09-05T17:16:48.641+09:00","level":"INFO","message":"=== Server Configuration ==="}
{"timestamp":"2025-09-05T17:16:48.641+09:00","level":"INFO","message":"Server Host: localhost"}
{"timestamp":"2025-09-05T17:16:48.641+09:00","level":"INFO","message":"Server Port: 6214"}
{"timestamp":"2025-09-05T17:16:48.641+09:00","level":"INFO","message":"=== Configuration Loaded Successfully ==="}
{"timestamp":"2025-09-05T17:16:48.652+09:00","level":"INFO","message":"Transfer scheduler started successfully"}
{"timestamp":"2025-09-05T17:16:48.652+09:00","level":"INFO","message":"Starting HTTP server on port 6214"}
{"timestamp":"2025-09-05T17:16:57.996+09:00","level":"INFO","request_id":"1757060217996585000","message":"Request started","method":"POST","path":"/send","remote_addr":"127.0.0.1:55358","user_agent":"curl/8.7.1","content_length":525,"query":""}
{"timestamp":"2025-09-05T17:16:58.040+09:00","level":"INFO","message":"Withdraw history record created","withdraw_id":82,"token":"USDC(Ethereum)","to_address":"0x8425e0D93943c1cc22890C6A08041B933fa994db","amount":"10","memo":""}
{"timestamp":"2025-09-05T17:16:59.271+09:00","level":"INFO","message":"Sending transaction","gasPrice":"2498477","nonce":79,"chainID":"11155111","fromAddr":"0xD506eBd8C37E2052Db940427534EDB49d71E4f20","toAddr":"0x1c7D4B196Cb0C7B01d743Fbc6116a902379C7238","data":"a9059cbb0000000000000000000000008425e0d93943c1cc22890c6a08041b933fa994db0000000000000000000000000000000000000000000000000000000000989680","value":"0","to":"0x1c7D4B196Cb0C7B01d743Fbc6116a902379C7238","toValue":"0","gasLimit":62943}
{"timestamp":"2025-09-05T17:16:59.272+09:00","level":"INFO","message":"Transaction signed","fromAddr":"0xD506eBd8C37E2052Db940427534EDB49d71E4f20","txHash":"0xf12324ec2535f3dedf52e2d75e2a3a11ce1c1b5a26dbab4375934ea551ec6a65","to":"0x1c7D4B196Cb0C7B01d743Fbc6116a902379C7238","value":"0","chainID":"11155111","signer":"0xD506eBd8C37E2052Db940427534EDB49d71E4f20"}
{"timestamp":"2025-09-05T17:17:12.826+09:00","level":"INFO","message":"Transaction confirmed","chainID":"11155111","fromAddr":"0xD506eBd8C37E2052Db940427534EDB49d71E4f20","toAddr":"0x1c7D4B196Cb0C7B01d743Fbc6116a902379C7238","txHash":"0xf12324ec2535f3dedf52e2d75e2a3a11ce1c1b5a26dbab4375934ea551ec6a65","to":"0x1c7D4B196Cb0C7B01d743Fbc6116a902379C7238","value":"0"}
{"timestamp":"2025-09-05T17:17:12.826+09:00","level":"INFO","message":"sendTxWithMethod succeeded","txHash":"0xf12324ec2535f3dedf52e2d75e2a3a11ce1c1b5a26dbab4375934ea551ec6a65","amount":"0","nonce":0,"to":"0x1c7D4B196Cb0C7B01d743Fbc6116a902379C7238","fromAddr":"0xD506eBd8C37E2052Db940427534EDB49d71E4f20","toAddr":"0x1c7D4B196Cb0C7B01d743Fbc6116a902379C7238","gasLimit":0,"funcName":"transfer","gasPrice":"","params":["0x8425e0d93943c1cc22890c6a08041b933fa994db",10000000]}
{"timestamp":"2025-09-05T17:17:12.826+09:00","level":"INFO","message":"AdminERC20Transfer succeeded","contract":"0x1c7D4B196Cb0C7B01d743Fbc6116a902379C7238","to":"0x8425e0D93943c1cc22890C6A08041B933fa994db","txHash":"0xf12324ec2535f3dedf52e2d75e2a3a11ce1c1b5a26dbab4375934ea551ec6a65","amountStr":"10"}
{"timestamp":"2025-09-05T17:17:12.826+09:00","level":"INFO","message":"EtherSend succeeded","amountStr":"10","memo":"","func":"EtherSend","txhash":"0xf12324ec2535f3dedf52e2d75e2a3a11ce1c1b5a26dbab4375934ea551ec6a65","amount":"10000000","token":"USDC(Ethereum)","toAddr":"0x8425e0D93943c1cc22890C6A08041B933fa994db"}
{"timestamp":"2025-09-05T17:17:12.840+09:00","level":"INFO","message":"EtherSend completed successfully","withdraw_id":82,"tx_hash":"0xf12324ec2535f3dedf52e2d75e2a3a11ce1c1b5a26dbab4375934ea551ec6a65","amount":"10000000"}
{"timestamp":"2025-09-05T17:17:12.840+09:00","level":"INFO","request_id":"1757060217996585000","message":"Request completed","method":"POST","path":"/send","status":200,"duration_ms":14843,"duration_ns":14843687833,"size":148}
{"timestamp":"2025-09-05T17:18:41.470+09:00","level":"INFO","message":"ERC20 allowance fetched","contract":"0x1c7D4B196Cb0C7B01d743Fbc6116a902379C7238","allowance":"999999900000000"}
{"timestamp":"2025-09-05T17:18:41.856+09:00","level":"INFO","message":"ERC20 balance fetched","amtStr":"10","balance":"10000000","address":"0x8425e0D93943c1cc22890C6A08041B933fa994db","contract":"0x1c7D4B196Cb0C7B01d743Fbc6116a902379C7238","decimal":6}
{"timestamp":"2025-09-05T17:18:42.230+09:00","level":"INFO","message":"ERC20 balance fetched","balance":"0","decimal":6,"amtStr":"0","address":"0xD506eBd8C37E2052Db940427534EDB49d71E4f20","contract":"0x1c7D4B196Cb0C7B01d743Fbc6116a902379C7238"}
{"timestamp":"2025-09-05T17:18:42.608+09:00","level":"INFO","message":"Sending transaction","gasPrice":"3386169","to":"0x1c7D4B196Cb0C7B01d743Fbc6116a902379C7238","toAddr":"0x1c7D4B196Cb0C7B01d743Fbc6116a902379C7238","chainID":"11155111","value":"0","fromAddr":"0xD506eBd8C37E2052Db940427534EDB49d71E4f20","gasLimit":69758,"toValue":"0","data":"23b872dd0000000000000000000000008425e0d93943c1cc22890c6a08041b933fa994db000000000000000000000000d506ebd8c37e2052db940427534edb49d71e4f200000000000000000000000000000000000000000000000000000000000989680","nonce":80}
{"timestamp":"2025-09-05T17:18:42.609+09:00","level":"INFO","message":"Transaction signed","chainID":"11155111","to":"0x1c7D4B196Cb0C7B01d743Fbc6116a902379C7238","value":"0","txHash":"0x061a37d962f424cebf490cd46e60c7e4e39a34ff6dafc18f2a2bf61a99e4134a","signer":"0xD506eBd8C37E2052Db940427534EDB49d71E4f20","fromAddr":"0xD506eBd8C37E2052Db940427534EDB49d71E4f20"}
{"timestamp":"2025-09-05T17:18:50.176+09:00","level":"INFO","message":"Transaction confirmed","toAddr":"0x1c7D4B196Cb0C7B01d743Fbc6116a902379C7238","txHash":"0x061a37d962f424cebf490cd46e60c7e4e39a34ff6dafc18f2a2bf61a99e4134a","value":"0","chainID":"11155111","to":"0x1c7D4B196Cb0C7B01d743Fbc6116a902379C7238","fromAddr":"0xD506eBd8C37E2052Db940427534EDB49d71E4f20"}
{"timestamp":"2025-09-05T17:18:50.176+09:00","level":"INFO","message":"sendTxWithMethod succeeded","gasLimit":0,"fromAddr":"0xD506eBd8C37E2052Db940427534EDB49d71E4f20","gasPrice":"3386169","txHash":"0x061a37d962f424cebf490cd46e60c7e4e39a34ff6dafc18f2a2bf61a99e4134a","toAddr":"0x1c7D4B196Cb0C7B01d743Fbc6116a902379C7238","nonce":0,"amount":"0","funcName":"transferFrom","params":["0x8425e0d93943c1cc22890c6a08041b933fa994db","0xd506ebd8c37e2052db940427534edb49d71e4f20",10000000],"to":"0x1c7D4B196Cb0C7B01d743Fbc6116a902379C7238"}
{"timestamp":"2025-09-05T17:18:50.176+09:00","level":"INFO","message":"ERC20TransferFromToAdmin succeeded","txHash":"0x061a37d962f424cebf490cd46e60c7e4e39a34ff6dafc18f2a2bf61a99e4134a","contract":"0x1c7D4B196Cb0C7B01d743Fbc6116a902379C7238","amount":"10000000","gasLimit":0,"gasPrice":3386169}
{"timestamp":"2025-09-05T17:18:51.366+09:00","level":"INFO","message":"ERC20 balance fetched","contract":"0x1c7D4B196Cb0C7B01d743Fbc6116a902379C7238","address":"0xD506eBd8C37E2052Db940427534EDB49d71E4f20","balance":"10000000","decimal":6,"amtStr":"10"}
{"timestamp":"2025-09-05T17:18:51.367+09:00","level":"INFO","message":"EtherCollect succeeded","token":"USDC(Ethereum)","email":"dustin@gmail.com","erc20Balance":"10000000"}
{"timestamp":"2025-09-05T17:18:51.938+09:00","level":"INFO","message":"ERC20 allowance fetched","contract":"0x1c7D4B196Cb0C7B01d743Fbc6116a902379C7238","allowance":"999999890000000"}
{"timestamp":"2025-09-05T17:18:52.339+09:00","level":"INFO","message":"ERC20 balance fetched","decimal":6,"amtStr":"0","contract":"0x1c7D4B196Cb0C7B01d743Fbc6116a902379C7238","address":"0x8425e0D93943c1cc22890C6A08041B933fa994db","balance":"0"}
{"timestamp":"2025-09-05T17:18:52.340+09:00","level":"WARNING","message":"not sended balance less than 10","token":"USDC(Ethereum)","email":"dustin@gmail.com"}
{"timestamp":"2025-09-05T17:18:52.631+09:00","level":"INFO","message":"ERC20 allowance fetched","contract":"0x1c7D4B196Cb0C7B01d743Fbc6116a902379C7238","allowance":"999999890000000"}
{"timestamp":"2025-09-05T17:18:52.994+09:00","level":"INFO","message":"ERC20 balance fetched","address":"0x8425e0D93943c1cc22890C6A08041B933fa994db","balance":"0","decimal":6,"amtStr":"0","contract":"0x1c7D4B196Cb0C7B01d743Fbc6116a902379C7238"}
{"timestamp":"2025-09-05T17:18:52.995+09:00","level":"WARNING","message":"not sended balance less than 10","email":"dustin@gmail.com","token":"USDC(Ethereum)"}
{"timestamp":"2025-09-05T17:21:34.933+09:00","level":"INFO","request_id":"1757060494933898000","message":"Request started","method":"POST","path":"/send","remote_addr":"127.0.0.1:55467","user_agent":"curl/8.7.1","content_length":527,"query":""}
{"timestamp":"2025-09-05T17:21:34.974+09:00","level":"INFO","message":"Withdraw history record created","token":"USDC(Ethereum)","to_address":"0xd2FC24e97474AD36C8D7eB0dF8e52A0cF1bFD1cf","amount":"10","memo":"","withdraw_id":83}
{"timestamp":"2025-09-05T17:21:35.802+09:00","level":"INFO","message":"Sending transaction","toValue":"0","toAddr":"0x1c7D4B196Cb0C7B01d743Fbc6116a902379C7238","fromAddr":"0xD506eBd8C37E2052Db940427534EDB49d71E4f20","chainID":"11155111","gasPrice":"2033605","nonce":81,"gasLimit":62943,"to":"0x1c7D4B196Cb0C7B01d743Fbc6116a902379C7238","data":"a9059cbb000000000000000000000000d2fc24e97474ad36c8d7eb0df8e52a0cf1bfd1cf0000000000000000000000000000000000000000000000000000000000989680","value":"0"}
{"timestamp":"2025-09-05T17:21:35.803+09:00","level":"INFO","message":"Transaction signed","to":"0x1c7D4B196Cb0C7B01d743Fbc6116a902379C7238","value":"0","chainID":"11155111","fromAddr":"0xD506eBd8C37E2052Db940427534EDB49d71E4f20","txHash":"0xbcefe052d78ec529be58c73a58b99db68e3defed402f1392b35ba883c09f21a8","signer":"0xD506eBd8C37E2052Db940427534EDB49d71E4f20"}
{"timestamp":"2025-09-05T17:21:36.185+09:00","level":"INFO","message":"Transaction confirmed","value":"0","chainID":"11155111","fromAddr":"0xD506eBd8C37E2052Db940427534EDB49d71E4f20","toAddr":"0x1c7D4B196Cb0C7B01d743Fbc6116a902379C7238","txHash":"0xbcefe052d78ec529be58c73a58b99db68e3defed402f1392b35ba883c09f21a8","to":"0x1c7D4B196Cb0C7B01d743Fbc6116a902379C7238"}
{"timestamp":"2025-09-05T17:21:36.185+09:00","level":"INFO","message":"sendTxWithMethod succeeded","fromAddr":"0xD506eBd8C37E2052Db940427534EDB49d71E4f20","funcName":"transfer","params":["0xd2fc24e97474ad36c8d7eb0df8e52a0cf1bfd1cf",10000000],"txHash":"0xbcefe052d78ec529be58c73a58b99db68e3defed402f1392b35ba883c09f21a8","to":"0x1c7D4B196Cb0C7B01d743Fbc6116a902379C7238","nonce":0,"gasPrice":"","amount":"0","gasLimit":0,"toAddr":"0x1c7D4B196Cb0C7B01d743Fbc6116a902379C7238"}
{"timestamp":"2025-09-05T17:21:36.185+09:00","level":"INFO","message":"AdminERC20Transfer succeeded","contract":"0x1c7D4B196Cb0C7B01d743Fbc6116a902379C7238","to":"0xd2FC24e97474AD36C8D7eB0dF8e52A0cF1bFD1cf","amountStr":"10","txHash":"0xbcefe052d78ec529be58c73a58b99db68e3defed402f1392b35ba883c09f21a8"}
{"timestamp":"2025-09-05T17:21:36.186+09:00","level":"INFO","message":"EtherSend succeeded","token":"USDC(Ethereum)","amount":"10000000","txhash":"0xbcefe052d78ec529be58c73a58b99db68e3defed402f1392b35ba883c09f21a8","toAddr":"0xd2FC24e97474AD36C8D7eB0dF8e52A0cF1bFD1cf","amountStr":"10","memo":"","func":"EtherSend"}
{"timestamp":"2025-09-05T17:21:36.198+09:00","level":"INFO","message":"EtherSend completed successfully","amount":"10000000","withdraw_id":83,"tx_hash":"0xbcefe052d78ec529be58c73a58b99db68e3defed402f1392b35ba883c09f21a8"}
{"timestamp":"2025-09-05T17:21:36.198+09:00","level":"INFO","request_id":"1757060494933898000","message":"Request completed","method":"POST","path":"/send","status":200,"duration_ms":1264,"duration_ns":1264294500,"size":148}
{"timestamp":"2025-09-05T17:26:41.342+09:00","level":"INFO","request_id":"1757060801342501000","message":"Request started","method":"POST","path":"/send","query":"","remote_addr":"127.0.0.1:55580","user_agent":"curl/8.7.1","content_length":527}
{"timestamp":"2025-09-05T17:26:41.392+09:00","level":"INFO","message":"Withdraw history record created","to_address":"0xd2FC24e97474AD36C8D7eB0dF8e52A0cF1bFD1cf","amount":"10","memo":"","withdraw_id":84,"token":"USDC(Ethereum)"}
{"timestamp":"2025-09-05T17:26:42.208+09:00","level":"INFO","message":"Sending transaction","value":"0","nonce":82,"toValue":"0","to":"0x1c7D4B196Cb0C7B01d743Fbc6116a902379C7238","data":"a9059cbb000000000000000000000000d2fc24e97474ad36c8d7eb0df8e52a0cf1bfd1cf0000000000000000000000000000000000000000000000000000000000989680","chainID":"11155111","gasPrice":"3284799","fromAddr":"0xD506eBd8C37E2052Db940427534EDB49d71E4f20","toAddr":"0x1c7D4B196Cb0C7B01d743Fbc6116a902379C7238","gasLimit":62943}
{"timestamp":"2025-09-05T17:26:42.209+09:00","level":"INFO","message":"Transaction signed","txHash":"0xefe8cf36fa9d7d0762a51b5e2c76c29fec82e11072b391696de2b35fe59681de","value":"0","chainID":"11155111","to":"0x1c7D4B196Cb0C7B01d743Fbc6116a902379C7238","signer":"0xD506eBd8C37E2052Db940427534EDB49d71E4f20","fromAddr":"0xD506eBd8C37E2052Db940427534EDB49d71E4f20"}
{"timestamp":"2025-09-05T17:26:42.605+09:00","level":"INFO","message":"Transaction confirmed","fromAddr":"0xD506eBd8C37E2052Db940427534EDB49d71E4f20","to":"0x1c7D4B196Cb0C7B01d743Fbc6116a902379C7238","value":"0","chainID":"11155111","toAddr":"0x1c7D4B196Cb0C7B01d743Fbc6116a902379C7238","txHash":"0xefe8cf36fa9d7d0762a51b5e2c76c29fec82e11072b391696de2b35fe59681de"}
{"timestamp":"2025-09-05T17:26:42.605+09:00","level":"INFO","message":"sendTxWithMethod succeeded","params":["0xd2fc24e97474ad36c8d7eb0df8e52a0cf1bfd1cf",10000000],"nonce":0,"gasPrice":"","amount":"0","funcName":"transfer","fromAddr":"0xD506eBd8C37E2052Db940427534EDB49d71E4f20","txHash":"0xefe8cf36fa9d7d0762a51b5e2c76c29fec82e11072b391696de2b35fe59681de","to":"0x1c7D4B196Cb0C7B01d743Fbc6116a902379C7238","gasLimit":0,"toAddr":"0x1c7D4B196Cb0C7B01d743Fbc6116a902379C7238"}
{"timestamp":"2025-09-05T17:26:42.605+09:00","level":"INFO","message":"AdminERC20Transfer succeeded","amountStr":"10","txHash":"0xefe8cf36fa9d7d0762a51b5e2c76c29fec82e11072b391696de2b35fe59681de","contract":"0x1c7D4B196Cb0C7B01d743Fbc6116a902379C7238","to":"0xd2FC24e97474AD36C8D7eB0dF8e52A0cF1bFD1cf"}
{"timestamp":"2025-09-05T17:26:42.605+09:00","level":"INFO","message":"EtherSend succeeded","token":"USDC(Ethereum)","toAddr":"0xd2FC24e97474AD36C8D7eB0dF8e52A0cF1bFD1cf","amountStr":"10","memo":"","txhash":"0xefe8cf36fa9d7d0762a51b5e2c76c29fec82e11072b391696de2b35fe59681de","amount":"10000000","func":"EtherSend"}
{"timestamp":"2025-09-05T17:26:42.625+09:00","level":"INFO","message":"EtherSend completed successfully","withdraw_id":84,"tx_hash":"0xefe8cf36fa9d7d0762a51b5e2c76c29fec82e11072b391696de2b35fe59681de","amount":"10000000"}
{"timestamp":"2025-09-05T17:26:42.626+09:00","level":"INFO","request_id":"1757060801342501000","message":"Request completed","method":"POST","path":"/send","status":200,"duration_ms":1283,"duration_ns":1283698125,"size":148}
{"timestamp":"2025-09-05T17:30:30.556+09:00","level":"INFO","request_id":"1757061030556179000","message":"Request started","method":"POST","path":"/send","user_agent":"curl/8.7.1","content_length":527,"query":"","remote_addr":"127.0.0.1:55675"}
{"timestamp":"2025-09-05T17:30:30.596+09:00","level":"INFO","message":"Withdraw history record created","token":"USDC(Ethereum)","to_address":"0xd2FC24e97474AD36C8D7eB0dF8e52A0cF1bFD1cf","amount":"10","memo":"","withdraw_id":85}
{"timestamp":"2025-09-05T17:30:31.464+09:00","level":"INFO","message":"Sending transaction","data":"a9059cbb000000000000000000000000d2fc24e97474ad36c8d7eb0df8e52a0cf1bfd1cf0000000000000000000000000000000000000000000000000000000000989680","value":"0","nonce":81,"to":"0x1c7D4B196Cb0C7B01d743Fbc6116a902379C7238","toValue":"0","fromAddr":"0xD506eBd8C37E2052Db940427534EDB49d71E4f20","gasPrice":"3690124","gasLimit":62943,"chainID":"11155111","toAddr":"0x1c7D4B196Cb0C7B01d743Fbc6116a902379C7238"}
{"timestamp":"2025-09-05T17:30:31.465+09:00","level":"INFO","message":"Transaction signed","signer":"0xD506eBd8C37E2052Db940427534EDB49d71E4f20","value":"0","chainID":"11155111","to":"0x1c7D4B196Cb0C7B01d743Fbc6116a902379C7238","fromAddr":"0xD506eBd8C37E2052Db940427534EDB49d71E4f20","txHash":"0x4c17840598a060fcb5234223845f44601a5b343b33ffc3ca1f0c7a41562eb41b"}
{"timestamp":"2025-09-05T17:30:36.664+09:00","level":"INFO","message":"Transaction confirmed","value":"0","chainID":"11155111","to":"0x1c7D4B196Cb0C7B01d743Fbc6116a902379C7238","fromAddr":"0xD506eBd8C37E2052Db940427534EDB49d71E4f20","toAddr":"0x1c7D4B196Cb0C7B01d743Fbc6116a902379C7238","txHash":"0x4c17840598a060fcb5234223845f44601a5b343b33ffc3ca1f0c7a41562eb41b"}
{"timestamp":"2025-09-05T17:30:36.664+09:00","level":"INFO","message":"sendTxWithMethod succeeded","fromAddr":"0xD506eBd8C37E2052Db940427534EDB49d71E4f20","nonce":0,"amount":"0","gasLimit":0,"funcName":"transfer","txHash":"0x4c17840598a060fcb5234223845f44601a5b343b33ffc3ca1f0c7a41562eb41b","gasPrice":"","params":["0xd2fc24e97474ad36c8d7eb0df8e52a0cf1bfd1cf",10000000],"to":"0x1c7D4B196Cb0C7B01d743Fbc6116a902379C7238","toAddr":"0x1c7D4B196Cb0C7B01d743Fbc6116a902379C7238"}
{"timestamp":"2025-09-05T17:30:36.664+09:00","level":"INFO","message":"AdminERC20Transfer succeeded","amountStr":"10","txHash":"0x4c17840598a060fcb5234223845f44601a5b343b33ffc3ca1f0c7a41562eb41b","contract":"0x1c7D4B196Cb0C7B01d743Fbc6116a902379C7238","to":"0xd2FC24e97474AD36C8D7eB0dF8e52A0cF1bFD1cf"}
{"timestamp":"2025-09-05T17:30:36.664+09:00","level":"INFO","message":"EtherSend succeeded","token":"USDC(Ethereum)","toAddr":"0xd2FC24e97474AD36C8D7eB0dF8e52A0cF1bFD1cf","amountStr":"10","txhash":"0x4c17840598a060fcb5234223845f44601a5b343b33ffc3ca1f0c7a41562eb41b","amount":"10000000","memo":"","func":"EtherSend"}
{"timestamp":"2025-09-05T17:30:36.677+09:00","level":"INFO","message":"EtherSend completed successfully","tx_hash":"0x4c17840598a060fcb5234223845f44601a5b343b33ffc3ca1f0c7a41562eb41b","amount":"10000000","withdraw_id":85}
{"timestamp":"2025-09-05T17:30:36.677+09:00","level":"INFO","request_id":"1757061030556179000","message":"Request completed","method":"POST","path":"/send","status":200,"duration_ms":6120,"duration_ns":6120972333,"size":148}
{"timestamp":"2025-09-05T17:32:01.793+09:00","level":"INFO","message":"ERC20 allowance fetched","contract":"0x1c7D4B196Cb0C7B01d743Fbc6116a902379C7238","allowance":"999999749999970"}
{"timestamp":"2025-09-05T17:32:02.169+09:00","level":"INFO","message":"ERC20 balance fetched","decimal":6,"amtStr":"10","balance":"10000000","contract":"0x1c7D4B196Cb0C7B01d743Fbc6116a902379C7238","address":"0xd2FC24e97474AD36C8D7eB0dF8e52A0cF1bFD1cf"}
{"timestamp":"2025-09-05T17:32:02.549+09:00","level":"INFO","message":"ERC20 balance fetched","balance":"0","decimal":6,"amtStr":"0","contract":"0x1c7D4B196Cb0C7B01d743Fbc6116a902379C7238","address":"0xD506eBd8C37E2052Db940427534EDB49d71E4f20"}
{"timestamp":"2025-09-05T17:32:02.929+09:00","level":"INFO","message":"Sending transaction","fromAddr":"0xD506eBd8C37E2052Db940427534EDB49d71E4f20","gasLimit":69758,"toValue":"0","gasPrice":"4919304","nonce":83,"to":"0x1c7D4B196Cb0C7B01d743Fbc6116a902379C7238","chainID":"11155111","data":"23b872dd000000000000000000000000d2fc24e97474ad36c8d7eb0df8e52a0cf1bfd1cf000000000000000000000000d506ebd8c37e2052db940427534edb49d71e4f200000000000000000000000000000000000000000000000000000000000989680","toAddr":"0x1c7D4B196Cb0C7B01d743Fbc6116a902379C7238","value":"0"}
{"timestamp":"2025-09-05T17:32:02.930+09:00","level":"INFO","message":"Transaction signed","signer":"0xD506eBd8C37E2052Db940427534EDB49d71E4f20","fromAddr":"0xD506eBd8C37E2052Db940427534EDB49d71E4f20","txHash":"0x39fe8fc539bbdde5d27c7f72268e6b6767cc8717a0f60d8014d21da6b0b3d11e","value":"0","chainID":"11155111","to":"0x1c7D4B196Cb0C7B01d743Fbc6116a902379C7238"}
{"timestamp":"2025-09-05T17:32:12.933+09:00","level":"INFO","message":"Transaction confirmed","to":"0x1c7D4B196Cb0C7B01d743Fbc6116a902379C7238","value":"0","chainID":"11155111","fromAddr":"0xD506eBd8C37E2052Db940427534EDB49d71E4f20","toAddr":"0x1c7D4B196Cb0C7B01d743Fbc6116a902379C7238","txHash":"0x39fe8fc539bbdde5d27c7f72268e6b6767cc8717a0f60d8014d21da6b0b3d11e"}
{"timestamp":"2025-09-05T17:32:12.933+09:00","level":"INFO","message":"sendTxWithMethod succeeded","fromAddr":"0xD506eBd8C37E2052Db940427534EDB49d71E4f20","toAddr":"0x1c7D4B196Cb0C7B01d743Fbc6116a902379C7238","params":["0xd2fc24e97474ad36c8d7eb0df8e52a0cf1bfd1cf","0xd506ebd8c37e2052db940427534edb49d71e4f20",10000000],"to":"0x1c7D4B196Cb0C7B01d743Fbc6116a902379C7238","gasLimit":0,"gasPrice":"4919304","nonce":0,"funcName":"transferFrom","amount":"0","txHash":"0x39fe8fc539bbdde5d27c7f72268e6b6767cc8717a0f60d8014d21da6b0b3d11e"}
{"timestamp":"2025-09-05T17:32:12.933+09:00","level":"INFO","message":"ERC20TransferFromToAdmin succeeded","contract":"0x1c7D4B196Cb0C7B01d743Fbc6116a902379C7238","amount":"10000000","gasLimit":0,"gasPrice":4919304,"txHash":"0x39fe8fc539bbdde5d27c7f72268e6b6767cc8717a0f60d8014d21da6b0b3d11e"}
{"timestamp":"2025-09-05T17:32:14.124+09:00","level":"INFO","message":"ERC20 balance fetched","decimal":6,"amtStr":"10","contract":"0x1c7D4B196Cb0C7B01d743Fbc6116a902379C7238","address":"0xD506eBd8C37E2052Db940427534EDB49d71E4f20","balance":"10000000"}
{"timestamp":"2025-09-05T17:32:14.124+09:00","level":"INFO","message":"EtherCollect succeeded","erc20Balance":"10000000","email":"test@gmail.com","token":"USDC(Ethereum)"}
{"timestamp":"2025-09-05T17:32:14.623+09:00","level":"INFO","message":"ERC20 allowance fetched","allowance":"999999739999970","contract":"0x1c7D4B196Cb0C7B01d743Fbc6116a902379C7238"}
{"timestamp":"2025-09-05T17:32:14.999+09:00","level":"INFO","message":"ERC20 balance fetched","amtStr":"0","balance":"0","contract":"0x1c7D4B196Cb0C7B01d743Fbc6116a902379C7238","address":"0xd2FC24e97474AD36C8D7eB0dF8e52A0cF1bFD1cf","decimal":6}
{"timestamp":"2025-09-05T17:32:14.999+09:00","level":"WARNING","message":"not sended balance less than 10","token":"USDC(Ethereum)","email":"test@gmail.com"}
{"timestamp":"2025-09-05T17:32:15.301+09:00","level":"INFO","message":"ERC20 allowance fetched","contract":"0x1c7D4B196Cb0C7B01d743Fbc6116a902379C7238","allowance":"999999739999970"}
{"timestamp":"2025-09-05T17:32:15.672+09:00","level":"INFO","message":"ERC20 balance fetched","balance":"0","decimal":6,"amtStr":"0","contract":"0x1c7D4B196Cb0C7B01d743Fbc6116a902379C7238","address":"0xd2FC24e97474AD36C8D7eB0dF8e52A0cF1bFD1cf"}
{"timestamp":"2025-09-05T17:32:15.672+09:00","level":"WARNING","message":"not sended balance less than 10","email":"test@gmail.com","token":"USDC(Ethereum)"}
{"timestamp":"2025-09-05T17:46:46.906+09:00","level":"INFO","message":"Log file rotated","log_path":"../logs/2025/09/05/app.log","date":"2025-09-05"}
{"timestamp":"2025-09-05T17:46:48.142+09:00","level":"INFO","message":"=== Server Configuration ==="}
{"timestamp":"2025-09-05T17:46:48.142+09:00","level":"INFO","message":"Server Host: localhost"}
{"timestamp":"2025-09-05T17:46:48.142+09:00","level":"INFO","message":"Server Port: 6214"}
{"timestamp":"2025-09-05T17:46:48.142+09:00","level":"INFO","message":"=== Configuration Loaded Successfully ==="}
{"timestamp":"2025-09-05T17:46:48.156+09:00","level":"INFO","message":"Transfer scheduler started successfully"}
{"timestamp":"2025-09-05T17:46:48.157+09:00","level":"INFO","message":"Starting HTTP server on port 6214"}
{"timestamp":"2025-09-05T17:47:35.706+09:00","level":"INFO","request_id":"1757062055706469000","message":"Request started","method":"POST","path":"/send","user_agent":"curl/8.7.1","content_length":525,"query":"","remote_addr":"127.0.0.1:55974"}
{"timestamp":"2025-09-05T17:47:36.969+09:00","level":"INFO","message":"Sending transaction","nonce":84,"gasLimit":62943,"to":"0x1c7D4B196Cb0C7B01d743Fbc6116a902379C7238","chainID":"11155111","toValue":"0","toAddr":"0x1c7D4B196Cb0C7B01d743Fbc6116a902379C7238","data":"a9059cbb0000000000000000000000008425e0d93943c1cc22890c6a08041b933fa994db0000000000000000000000000000000000000000000000000000000000989680","value":"0","fromAddr":"0xD506eBd8C37E2052Db940427534EDB49d71E4f20","gasPrice":"3483527"}
{"timestamp":"2025-09-05T17:47:36.970+09:00","level":"INFO","message":"Transaction signed","value":"0","chainID":"11155111","fromAddr":"0xD506eBd8C37E2052Db940427534EDB49d71E4f20","txHash":"0x0ffd2b0f663d1d9e45221b68d6c036d7a61e734d1b59c2f8bd548944fc29978c","signer":"0xD506eBd8C37E2052Db940427534EDB49d71E4f20","to":"0x1c7D4B196Cb0C7B01d743Fbc6116a902379C7238"}
{"timestamp":"2025-09-05T17:47:50.697+09:00","level":"INFO","message":"Transaction confirmed","value":"0","chainID":"11155111","fromAddr":"0xD506eBd8C37E2052Db940427534EDB49d71E4f20","toAddr":"0x1c7D4B196Cb0C7B01d743Fbc6116a902379C7238","txHash":"0x0ffd2b0f663d1d9e45221b68d6c036d7a61e734d1b59c2f8bd548944fc29978c","to":"0x1c7D4B196Cb0C7B01d743Fbc6116a902379C7238"}
{"timestamp":"2025-09-05T17:47:50.697+09:00","level":"INFO","message":"sendTxWithMethod succeeded","gasLimit":0,"fromAddr":"0xD506eBd8C37E2052Db940427534EDB49d71E4f20","txHash":"0x0ffd2b0f663d1d9e45221b68d6c036d7a61e734d1b59c2f8bd548944fc29978c","gasPrice":"","toAddr":"0x1c7D4B196Cb0C7B01d743Fbc6116a902379C7238","params":["0x8425e0d93943c1cc22890c6a08041b933fa994db",10000000],"nonce":0,"amount":"0","funcName":"transfer","to":"0x1c7D4B196Cb0C7B01d743Fbc6116a902379C7238"}
{"timestamp":"2025-09-05T17:47:50.697+09:00","level":"INFO","message":"AdminERC20Transfer succeeded","contract":"0x1c7D4B196Cb0C7B01d743Fbc6116a902379C7238","to":"0x8425e0D93943c1cc22890C6A08041B933fa994db","txHash":"0x0ffd2b0f663d1d9e45221b68d6c036d7a61e734d1b59c2f8bd548944fc29978c","amountStr":"10"}
{"timestamp":"2025-09-05T17:47:50.697+09:00","level":"INFO","message":"EtherSend succeeded","token":"USDC(Ethereum)","amount":"10000000","txhash":"0x0ffd2b0f663d1d9e45221b68d6c036d7a61e734d1b59c2f8bd548944fc29978c","toAddr":"0x8425e0D93943c1cc22890C6A08041B933fa994db","amountStr":"10","memo":"","func":"EtherSend"}
{"timestamp":"2025-09-05T17:48:45.120+09:00","level":"INFO","message":"Log file rotated","log_path":"../logs/2025/09/05/app.log","date":"2025-09-05"}
{"timestamp":"2025-09-05T17:48:46.307+09:00","level":"INFO","message":"=== Server Configuration ==="}
{"timestamp":"2025-09-05T17:48:46.307+09:00","level":"INFO","message":"Server Host: localhost"}
{"timestamp":"2025-09-05T17:48:46.307+09:00","level":"INFO","message":"Server Port: 6214"}
{"timestamp":"2025-09-05T17:48:46.307+09:00","level":"INFO","message":"=== Configuration Loaded Successfully ==="}
{"timestamp":"2025-09-05T17:48:46.315+09:00","level":"INFO","message":"Transfer scheduler started successfully"}
{"timestamp":"2025-09-05T17:48:46.315+09:00","level":"INFO","message":"Starting HTTP server on port 6214"}
{"timestamp":"2025-09-05T17:49:21.933+09:00","level":"INFO","message":"ERC20 allowance fetched","contract":"0x1c7D4B196Cb0C7B01d743Fbc6116a902379C7238","allowance":"999999890000000"}
{"timestamp":"2025-09-05T17:49:22.311+09:00","level":"INFO","message":"ERC20 balance fetched","contract":"0x1c7D4B196Cb0C7B01d743Fbc6116a902379C7238","balance":"10000000","decimal":6,"amtStr":"10","address":"0x8425e0D93943c1cc22890C6A08041B933fa994db"}
{"timestamp":"2025-09-05T17:49:22.698+09:00","level":"INFO","message":"ERC20 balance fetched","address":"0xD506eBd8C37E2052Db940427534EDB49d71E4f20","contract":"0x1c7D4B196Cb0C7B01d743Fbc6116a902379C7238","amtStr":"0","balance":"0","decimal":6}
{"timestamp":"2025-09-05T17:49:23.076+09:00","level":"INFO","message":"Sending transaction","chainID":"11155111","fromAddr":"0xD506eBd8C37E2052Db940427534EDB49d71E4f20","gasPrice":"5742342","data":"23b872dd0000000000000000000000008425e0d93943c1cc22890c6a08041b933fa994db000000000000000000000000d506ebd8c37e2052db940427534edb49d71e4f200000000000000000000000000000000000000000000000000000000000989680","value":"0","toValue":"0","to":"0x1c7D4B196Cb0C7B01d743Fbc6116a902379C7238","nonce":85,"toAddr":"0x1c7D4B196Cb0C7B01d743Fbc6116a902379C7238","gasLimit":69758}
{"timestamp":"2025-09-05T17:49:23.077+09:00","level":"INFO","message":"Transaction signed","value":"0","chainID":"11155111","to":"0x1c7D4B196Cb0C7B01d743Fbc6116a902379C7238","signer":"0xD506eBd8C37E2052Db940427534EDB49d71E4f20","fromAddr":"0xD506eBd8C37E2052Db940427534EDB49d71E4f20","txHash":"0xf67914171f4f9ead40f937ade14e52164f867e0e2b3cee134d60cc5c74f7ba99"}
{"timestamp":"2025-09-05T17:49:37.917+09:00","level":"INFO","message":"Transaction confirmed","fromAddr":"0xD506eBd8C37E2052Db940427534EDB49d71E4f20","toAddr":"0x1c7D4B196Cb0C7B01d743Fbc6116a902379C7238","txHash":"0xf67914171f4f9ead40f937ade14e52164f867e0e2b3cee134d60cc5c74f7ba99","to":"0x1c7D4B196Cb0C7B01d743Fbc6116a902379C7238","value":"0","chainID":"11155111"}
{"timestamp":"2025-09-05T17:49:37.917+09:00","level":"INFO","message":"sendTxWithMethod succeeded","gasPrice":"5742342","toAddr":"0x1c7D4B196Cb0C7B01d743Fbc6116a902379C7238","txHash":"0xf67914171f4f9ead40f937ade14e52164f867e0e2b3cee134d60cc5c74f7ba99","nonce":0,"params":["0x8425e0d93943c1cc22890c6a08041b933fa994db","0xd506ebd8c37e2052db940427534edb49d71e4f20",10000000],"fromAddr":"0xD506eBd8C37E2052Db940427534EDB49d71E4f20","amount":"0","to":"0x1c7D4B196Cb0C7B01d743Fbc6116a902379C7238","funcName":"transferFrom","gasLimit":0}
{"timestamp":"2025-09-05T17:49:37.917+09:00","level":"INFO","message":"ERC20TransferFromToAdmin succeeded","amount":"10000000","txHash":"0xf67914171f4f9ead40f937ade14e52164f867e0e2b3cee134d60cc5c74f7ba99","gasLimit":0,"gasPrice":5742342,"contract":"0x1c7D4B196Cb0C7B01d743Fbc6116a902379C7238"}
{"timestamp":"2025-09-05T17:49:39.107+09:00","level":"INFO","message":"ERC20 balance fetched","amtStr":"10","balance":"10000000","contract":"0x1c7D4B196Cb0C7B01d743Fbc6116a902379C7238","address":"0xD506eBd8C37E2052Db940427534EDB49d71E4f20","decimal":6}
{"timestamp":"2025-09-05T17:49:39.107+09:00","level":"INFO","message":"EtherCollect succeeded","token":"USDC(Ethereum)","erc20Balance":"10000000","email":"dustin@gmail.com"}
{"timestamp":"2025-09-05T17:49:39.557+09:00","level":"INFO","message":"ERC20 allowance fetched","contract":"0x1c7D4B196Cb0C7B01d743Fbc6116a902379C7238","allowance":"999999880000000"}
{"timestamp":"2025-09-05T17:49:39.933+09:00","level":"INFO","message":"ERC20 balance fetched","address":"0x8425e0D93943c1cc22890C6A08041B933fa994db","balance":"0","decimal":6,"amtStr":"0","contract":"0x1c7D4B196Cb0C7B01d743Fbc6116a902379C7238"}
{"timestamp":"2025-09-05T17:49:39.933+09:00","level":"WARNING","message":"not sended balance less than 10","email":"dustin@gmail.com","token":"USDC(Ethereum)"}
{"timestamp":"2025-09-05T17:49:40.212+09:00","level":"INFO","message":"ERC20 allowance fetched","allowance":"999999880000000","contract":"0x1c7D4B196Cb0C7B01d743Fbc6116a902379C7238"}
{"timestamp":"2025-09-05T17:49:40.586+09:00","level":"INFO","message":"ERC20 balance fetched","contract":"0x1c7D4B196Cb0C7B01d743Fbc6116a902379C7238","address":"0x8425e0D93943c1cc22890C6A08041B933fa994db","balance":"0","decimal":6,"amtStr":"0"}
{"timestamp":"2025-09-05T17:49:40.586+09:00","level":"WARNING","message":"not sended balance less than 10","email":"dustin@gmail.com","token":"USDC(Ethereum)"}
