{"timestamp":"2025-09-01T10:37:40.922+09:00","level":"INFO","message":"Log file rotated","log_path":"../logs/2025/09/01/app.log","date":"2025-09-01"}
{"timestamp":"2025-09-01T11:11:17.483+09:00","level":"INFO","message":"Log file rotated","log_path":"../logs/2025/09/01/app.log","date":"2025-09-01"}
{"timestamp":"2025-09-01T11:11:22.357+09:00","level":"INFO","request_id":"1756692682356964000","message":"Request started","method":"GET","path":"/balance","content_length":0,"query":"token=USDT(Ethereum)\u0026key=powerwaves5307@gmail.com","remote_addr":"127.0.0.1:50407","user_agent":"curl/8.7.1"}
{"timestamp":"2025-09-01T11:11:23.095+09:00","level":"INFO","message":"Admin private key decrypted","func":"GetAdminPrivateKey"}
{"timestamp":"2025-09-01T11:11:23.096+09:00","level":"INFO","message":"ERC20Manager initialized","admin_addr":"0xD506eBd8C37E2052Db940427534EDB49d71E4f20","chain_id":"0","rpc_url":"https://mainnet.infura.io/v3/797bf8978f5449afb7f94d472d718748","symbol":"USDT(Ethereum)"}
{"timestamp":"2025-09-01T11:11:23.096+09:00","level":"INFO","message":"Private key generated","key":"powerwaves5307@gmail.com"}
{"timestamp":"2025-09-01T11:11:23.924+09:00","level":"INFO","message":"ERC20 balance fetched","address":"0xB4802c25C4255123449FE2f37DcB69614C44C344","decimal":6,"amtStr":"0","balance":"0","contract":"0xdAC17F958D2ee523a2206206994597C13D831ec7"}
{"timestamp":"2025-09-01T11:11:23.925+09:00","level":"INFO","message":"EtherBalance succeeded","email":"powerwaves5307@gmail.com","balance":"0","token":"USDT(Ethereum)"}
{"timestamp":"2025-09-01T11:11:23.925+09:00","level":"INFO","message":"ETH balance response","path":"/balance","balance":"0","token":"USDT(Ethereum)","key":"powerwaves5307@gmail.com"}
{"timestamp":"2025-09-01T11:11:23.925+09:00","level":"INFO","request_id":"1756692682356964000","message":"Request completed","method":"GET","path":"/balance","status":200,"duration_ms":1568,"duration_ns":1568398042,"size":1}
{"timestamp":"2025-09-01T11:14:44.839+09:00","level":"INFO","message":"Log file rotated","log_path":"../logs/2025/09/01/app.log","date":"2025-09-01"}
{"timestamp":"2025-09-01T11:14:51.005+09:00","level":"INFO","request_id":"1756692891005916000","message":"Request started","method":"GET","path":"/balance","query":"token=USDT(Ethereum)\u0026key=powerwaves5307@gmail.com","remote_addr":"127.0.0.1:50444","user_agent":"curl/8.7.1","content_length":0}
{"timestamp":"2025-09-01T11:14:52.390+09:00","level":"INFO","message":"Admin private key decrypted","func":"GetAdminPrivateKey"}
{"timestamp":"2025-09-01T11:14:52.391+09:00","level":"INFO","message":"ERC20Manager initialized","rpc_url":"https://mainnet.infura.io/v3/797bf8978f5449afb7f94d472d718748","symbol":"USDT(Ethereum)","admin_addr":"0xD506eBd8C37E2052Db940427534EDB49d71E4f20","chain_id":"0"}
{"timestamp":"2025-09-01T11:14:52.391+09:00","level":"INFO","message":"Private key generated","key":"powerwaves5307@gmail.com"}
{"timestamp":"2025-09-01T11:14:54.996+09:00","level":"INFO","message":"ERC20 balance fetched","decimal":6,"amtStr":"0","contract":"0xdAC17F958D2ee523a2206206994597C13D831ec7","address":"0xB4802c25C4255123449FE2f37DcB69614C44C344","balance":"0"}
{"timestamp":"2025-09-01T11:14:54.996+09:00","level":"INFO","message":"EtherBalance succeeded","token":"USDT(Ethereum)","balance":"0","email":"powerwaves5307@gmail.com"}
{"timestamp":"2025-09-01T11:14:54.996+09:00","level":"INFO","message":"ETH balance response","path":"/balance","token":"USDT(Ethereum)","balance":"0","key":"powerwaves5307@gmail.com"}
{"timestamp":"2025-09-01T11:14:54.996+09:00","level":"INFO","request_id":"1756692891005916000","message":"Request completed","method":"GET","path":"/balance","status":200,"duration_ms":3990,"duration_ns":3990668500,"size":1}
{"timestamp":"2025-09-01T14:25:10.908+09:00","level":"INFO","message":"Log file rotated","log_path":"../logs/2025/09/01/app.log","date":"2025-09-01"}
{"timestamp":"2025-09-01T14:25:23.779+09:00","level":"INFO","request_id":"1756704323779144000","message":"Request started","method":"GET","path":"/balance","user_agent":"curl/8.7.1","content_length":0,"query":"token=USDT(Ethereum)\u0026key=powerwaves5307@gmail.com","remote_addr":"127.0.0.1:52199"}
{"timestamp":"2025-09-01T14:25:25.038+09:00","level":"INFO","message":"Admin private key decrypted","func":"GetAdminPrivateKey"}
{"timestamp":"2025-09-01T14:25:25.039+09:00","level":"INFO","message":"ERC20Manager initialized","rpc_url":"https://mainnet.infura.io/v3/797bf8978f5449afb7f94d472d718748","admin_addr":"0xD506eBd8C37E2052Db940427534EDB49d71E4f20","chain_id":"0","symbol":"USDT(Ethereum)"}
{"timestamp":"2025-09-01T14:25:25.039+09:00","level":"INFO","message":"Private key generated","key":"powerwaves5307@gmail.com"}
{"timestamp":"2025-09-01T14:25:26.116+09:00","level":"INFO","message":"ERC20 balance fetched","contract":"0xdAC17F958D2ee523a2206206994597C13D831ec7","address":"0xB4802c25C4255123449FE2f37DcB69614C44C344","amtStr":"0","balance":"0","decimal":6}
{"timestamp":"2025-09-01T14:25:26.116+09:00","level":"INFO","message":"EtherBalance succeeded","token":"USDT(Ethereum)","balance":"0","email":"powerwaves5307@gmail.com"}
{"timestamp":"2025-09-01T14:25:26.116+09:00","level":"INFO","message":"ETH balance response","path":"/balance","balance":"0","token":"USDT(Ethereum)","key":"powerwaves5307@gmail.com"}
{"timestamp":"2025-09-01T14:25:26.117+09:00","level":"INFO","request_id":"1756704323779144000","message":"Request completed","method":"GET","path":"/balance","status":200,"duration_ms":2337,"duration_ns":2337953458,"size":1}
{"timestamp":"2025-09-01T15:21:24.617+09:00","level":"INFO","message":"Log file rotated","log_path":"../logs/2025/09/01/app.log","date":"2025-09-01"}
{"timestamp":"2025-09-01T15:21:56.192+09:00","level":"INFO","request_id":"1756707716192691000","message":"Request started","method":"GET","path":"/get-all-address","query":"key=powerwaves5307@gmail.com","remote_addr":"127.0.0.1:52701","user_agent":"curl/8.7.1","content_length":0}
{"timestamp":"2025-09-01T15:21:56.192+09:00","level":"INFO","request_id":"1756707716192691000","message":"Request completed","method":"GET","path":"/get-all-address","status":200,"duration_ms":0,"duration_ns":115208,"size":0}
{"timestamp":"2025-09-01T15:21:56.192+09:00","level":"ERROR","request_id":"1756707716192691000","message":"Request error occurred","error":"code=404, message=Not Found"}
{"timestamp":"2025-09-01T15:22:16.282+09:00","level":"INFO","message":"Log file rotated","date":"2025-09-01","log_path":"../logs/2025/09/01/app.log"}
{"timestamp":"2025-09-01T15:22:23.822+09:00","level":"INFO","request_id":"1756707743822472000","message":"Request started","method":"GET","path":"/address","content_length":0,"query":"key=powerwaves5307@gmail.com","remote_addr":"127.0.0.1:52706","user_agent":"curl/8.7.1"}
{"timestamp":"2025-09-01T15:22:23.925+09:00","level":"INFO","message":"Ether address updated in DB","email":"powerwaves5307@gmail.com","address":"0xB4802c25C4255123449FE2f37DcB69614C44C344"}
{"timestamp":"2025-09-01T15:22:23.926+09:00","level":"INFO","message":"TRON address generated","pk":"bac313d7842e7be6c018f495b204475ac5052a670578fd9c1cec80a628f4796d","address":"TSRcBAcQaTs4a6HtbzE7rzVH1wBcWmW6JH"}
{"timestamp":"2025-09-01T15:22:24.021+09:00","level":"INFO","message":"Tron address updated in DB","address":"TSRcBAcQaTs4a6HtbzE7rzVH1wBcWmW6JH","email":"powerwaves5307@gmail.com"}
{"timestamp":"2025-09-01T15:22:24.021+09:00","level":"INFO","request_id":"1756707743822472000","message":"Request completed","method":"GET","path":"/address","status":200,"duration_ms":199,"duration_ns":199251583,"size":45}
{"timestamp":"2025-09-01T16:40:12.728+09:00","level":"INFO","message":"Log file rotated","log_path":"../logs/2025/09/01/app.log","date":"2025-09-01"}
{"timestamp":"2025-09-01T16:40:47.051+09:00","level":"INFO","request_id":"1756712447051833000","message":"Request started","method":"GET","path":"/address","query":"key=powerwaves@gmail.com","remote_addr":"127.0.0.1:54873","user_agent":"curl/8.7.1","content_length":0}
{"timestamp":"2025-09-01T16:40:47.066+09:00","level":"ERROR","message":"User not found","key":"powerwaves@gmail.com"}
{"timestamp":"2025-09-01T16:40:47.066+09:00","level":"WARNING","request_id":"1756712447051833000","message":"Request completed","method":"GET","path":"/address","status":404,"duration_ms":14,"duration_ns":14522542,"size":27}
{"timestamp":"2025-09-01T16:43:21.943+09:00","level":"INFO","request_id":"1756712601943215000","message":"Request started","method":"GET","path":"/address","query":"key=powerwaves5307@gmail.com","remote_addr":"127.0.0.1:54893","user_agent":"curl/8.7.1","content_length":0}
{"timestamp":"2025-09-01T16:43:21.947+09:00","level":"INFO","message":"Existing Ethereum address found","key":"powerwaves5307@gmail.com","ether_address":"0xB4802c25C4255123449FE2f37DcB69614C44C344"}
{"timestamp":"2025-09-01T16:43:21.947+09:00","level":"INFO","message":"Existing Tron address found","tron_address":"TSRcBAcQaTs4a6HtbzE7rzVH1wBcWmW6JH","key":"powerwaves5307@gmail.com"}
{"timestamp":"2025-09-01T16:43:21.947+09:00","level":"INFO","message":"Address response prepared","tron_address":"TSRcBAcQaTs4a6HtbzE7rzVH1wBcWmW6JH","key":"powerwaves5307@gmail.com","ether_address":"0xB4802c25C4255123449FE2f37DcB69614C44C344"}
{"timestamp":"2025-09-01T16:43:21.947+09:00","level":"INFO","request_id":"1756712601943215000","message":"Request completed","method":"GET","path":"/address","status":200,"duration_ms":4,"duration_ns":4538625,"size":99}
{"timestamp":"2025-09-01T16:48:08.894+09:00","level":"INFO","request_id":"1756712888894971000","message":"Request started","method":"GET","path":"/address","user_agent":"curl/8.7.1","content_length":0,"query":"key=test@gmail.com","remote_addr":"127.0.0.1:54943"}
{"timestamp":"2025-09-01T16:48:08.900+09:00","level":"ERROR","message":"Failed to create AESCrypto instance","error":{},"email":"test@gmail.com"}
{"timestamp":"2025-09-01T16:48:08.900+09:00","level":"ERROR","message":"Failed to get Ethereum address","error":{},"key":"test@gmail.com"}
{"timestamp":"2025-09-01T16:48:08.900+09:00","level":"ERROR","request_id":"1756712888894971000","message":"Request completed","method":"GET","path":"/address","status":500,"duration_ms":5,"duration_ns":5114917,"size":48}
{"timestamp":"2025-09-01T16:49:30.670+09:00","level":"INFO","message":"Log file rotated","log_path":"../logs/2025/09/01/app.log","date":"2025-09-01"}
{"timestamp":"2025-09-01T16:49:36.642+09:00","level":"INFO","request_id":"1756712976642727000","message":"Request started","method":"GET","path":"/address","query":"key=test@gmail.com","remote_addr":"127.0.0.1:54967","user_agent":"curl/8.7.1","content_length":0}
{"timestamp":"2025-09-01T16:49:36.666+09:00","level":"WARNING","message":"No row was affected for emailtest@gmail.com","email":"test@gmail.com"}
{"timestamp":"2025-09-01T16:49:36.666+09:00","level":"ERROR","message":"Failed to get Ethereum address","error":{},"key":"test@gmail.com"}
{"timestamp":"2025-09-01T16:49:36.666+09:00","level":"ERROR","request_id":"1756712976642727000","message":"Request completed","method":"GET","path":"/address","status":500,"duration_ms":24,"duration_ns":24087000,"size":48}
{"timestamp":"2025-09-01T16:51:17.838+09:00","level":"INFO","request_id":"1756713077838364000","message":"Request started","method":"GET","path":"/address","query":"key=test@gmail.com","remote_addr":"127.0.0.1:54992","user_agent":"curl/8.7.1","content_length":0}
{"timestamp":"2025-09-01T16:51:17.948+09:00","level":"WARNING","message":"No row was affected for emailtest@gmail.com","email":"test@gmail.com"}
{"timestamp":"2025-09-01T16:51:17.948+09:00","level":"ERROR","message":"Failed to get Ethereum address","error":{},"key":"test@gmail.com"}
{"timestamp":"2025-09-01T16:51:17.948+09:00","level":"ERROR","request_id":"1756713077838364000","message":"Request completed","method":"GET","path":"/address","status":500,"duration_ms":110,"duration_ns":110107541,"size":48}
{"timestamp":"2025-09-01T16:53:00.163+09:00","level":"INFO","message":"Log file rotated","date":"2025-09-01","log_path":"../logs/2025/09/01/app.log"}
{"timestamp":"2025-09-01T16:53:45.003+09:00","level":"INFO","request_id":"1756713225003897000","message":"Request started","method":"GET","path":"/address","user_agent":"curl/8.7.1","content_length":0,"query":"key=test@gmail.com","remote_addr":"127.0.0.1:55123"}
{"timestamp":"2025-09-01T16:53:45.056+09:00","level":"WARNING","message":"No row was affected for emailtest@gmail.com","email":"test@gmail.com"}
{"timestamp":"2025-09-01T16:53:45.056+09:00","level":"ERROR","message":"Failed to get Ethereum address","error":{},"key":"test@gmail.com"}
{"timestamp":"2025-09-01T16:53:45.056+09:00","level":"ERROR","request_id":"1756713225003897000","message":"Request completed","method":"GET","path":"/address","status":500,"duration_ms":52,"duration_ns":52805041,"size":48}
{"timestamp":"2025-09-01T16:57:38.444+09:00","level":"INFO","request_id":"1756713458444819000","message":"Request started","method":"GET","path":"/address","content_length":0,"query":"key=test@gmail.com","remote_addr":"127.0.0.1:55147","user_agent":"curl/8.7.1"}
{"timestamp":"2025-09-01T16:57:38.453+09:00","level":"WARNING","message":"No row was affected for emailtest@gmail.com","email":"test@gmail.com"}
{"timestamp":"2025-09-01T16:57:38.453+09:00","level":"ERROR","message":"Failed to get Ethereum address","error":{},"key":"test@gmail.com"}
{"timestamp":"2025-09-01T16:57:38.453+09:00","level":"ERROR","request_id":"1756713458444819000","message":"Request completed","method":"GET","path":"/address","status":500,"duration_ms":8,"duration_ns":8475916,"size":48}
{"timestamp":"2025-09-01T16:58:48.780+09:00","level":"INFO","message":"Log file rotated","date":"2025-09-01","log_path":"../logs/2025/09/01/app.log"}
{"timestamp":"2025-09-01T16:58:53.274+09:00","level":"INFO","request_id":"1756713533274296000","message":"Request started","method":"GET","path":"/address","user_agent":"curl/8.7.1","content_length":0,"query":"key=test@gmail.com","remote_addr":"127.0.0.1:55172"}
{"timestamp":"2025-09-01T16:58:53.294+09:00","level":"WARNING","message":"No row was affected for emailtest@gmail.com","email":"test@gmail.com"}
{"timestamp":"2025-09-01T16:58:53.294+09:00","level":"ERROR","message":"Failed to get Ethereum address","error":{},"key":"test@gmail.com"}
{"timestamp":"2025-09-01T16:58:53.294+09:00","level":"ERROR","request_id":"1756713533274296000","message":"Request completed","method":"GET","path":"/address","status":500,"duration_ms":19,"duration_ns":19907667,"size":48}
{"timestamp":"2025-09-01T16:58:54.090+09:00","level":"INFO","request_id":"1756713534090137000","message":"Request started","method":"GET","path":"/address","query":"key=test@gmail.com","remote_addr":"127.0.0.1:55173","user_agent":"curl/8.7.1","content_length":0}
{"timestamp":"2025-09-01T16:58:54.097+09:00","level":"WARNING","message":"No row was affected for emailtest@gmail.com","email":"test@gmail.com"}
{"timestamp":"2025-09-01T16:58:54.097+09:00","level":"ERROR","message":"Failed to get Ethereum address","error":{},"key":"test@gmail.com"}
{"timestamp":"2025-09-01T16:58:54.097+09:00","level":"ERROR","request_id":"1756713534090137000","message":"Request completed","method":"GET","path":"/address","status":500,"duration_ms":7,"size":48,"duration_ns":7546125}
{"timestamp":"2025-09-01T16:58:54.524+09:00","level":"INFO","request_id":"1756713534524175000","message":"Request started","method":"GET","path":"/address","content_length":0,"query":"key=test@gmail.com","remote_addr":"127.0.0.1:55174","user_agent":"curl/8.7.1"}
{"timestamp":"2025-09-01T16:58:54.531+09:00","level":"WARNING","message":"No row was affected for emailtest@gmail.com","email":"test@gmail.com"}
{"timestamp":"2025-09-01T16:58:54.531+09:00","level":"ERROR","message":"Failed to get Ethereum address","error":{},"key":"test@gmail.com"}
{"timestamp":"2025-09-01T16:58:54.531+09:00","level":"ERROR","request_id":"1756713534524175000","message":"Request completed","method":"GET","path":"/address","status":500,"duration_ms":7,"duration_ns":7446125,"size":48}
{"timestamp":"2025-09-01T16:58:55.501+09:00","level":"INFO","request_id":"1756713535501813000","message":"Request started","method":"GET","path":"/address","query":"key=test@gmail.com","remote_addr":"127.0.0.1:55175","user_agent":"curl/8.7.1","content_length":0}
{"timestamp":"2025-09-01T16:58:55.509+09:00","level":"WARNING","message":"No row was affected for emailtest@gmail.com","email":"test@gmail.com"}
{"timestamp":"2025-09-01T16:58:55.509+09:00","level":"ERROR","message":"Failed to get Ethereum address","error":{},"key":"test@gmail.com"}
{"timestamp":"2025-09-01T16:58:55.509+09:00","level":"ERROR","request_id":"1756713535501813000","message":"Request completed","method":"GET","path":"/address","status":500,"duration_ms":7,"duration_ns":7372334,"size":48}
{"timestamp":"2025-09-01T16:59:57.577+09:00","level":"INFO","request_id":"1756713597577054000","message":"Request started","method":"GET","path":"/address","query":"key=test@gmail.com","remote_addr":"127.0.0.1:55199","user_agent":"curl/8.7.1","content_length":0}
{"timestamp":"2025-09-01T16:59:57.585+09:00","level":"WARNING","message":"No row was affected for emailtest@gmail.com","email":"test@gmail.com"}
{"timestamp":"2025-09-01T16:59:57.585+09:00","level":"ERROR","message":"Failed to get Ethereum address","error":{},"key":"test@gmail.com"}
{"timestamp":"2025-09-01T16:59:57.585+09:00","level":"ERROR","request_id":"1756713597577054000","message":"Request completed","method":"GET","path":"/address","status":500,"duration_ms":8,"duration_ns":8541375,"size":48}
{"timestamp":"2025-09-01T17:00:28.170+09:00","level":"INFO","message":"Log file rotated","log_path":"../logs/2025/09/01/app.log","date":"2025-09-01"}
{"timestamp":"2025-09-01T17:00:30.597+09:00","level":"INFO","request_id":"1756713630597101000","message":"Request started","method":"GET","path":"/address","query":"key=test@gmail.com","remote_addr":"127.0.0.1:55205","user_agent":"curl/8.7.1","content_length":0}
{"timestamp":"2025-09-01T17:00:30.614+09:00","level":"WARNING","message":"No row was affected for email test@gmail.com","email":"test@gmail.com"}
{"timestamp":"2025-09-01T17:00:30.614+09:00","level":"ERROR","message":"Failed to get Ethereum address","error":{},"key":"test@gmail.com"}
{"timestamp":"2025-09-01T17:00:30.614+09:00","level":"ERROR","request_id":"1756713630597101000","message":"Request completed","method":"GET","path":"/address","status":500,"duration_ms":17,"size":48,"duration_ns":17051375}
{"timestamp":"2025-09-01T17:04:45.676+09:00","level":"INFO","request_id":"1756713885676224000","message":"Request started","method":"GET","path":"/address","content_length":0,"query":"key=test@gmail.com","remote_addr":"127.0.0.1:55280","user_agent":"curl/8.7.1"}
{"timestamp":"2025-09-01T17:04:45.680+09:00","level":"INFO","message":"Existing Ethereum address found","key":"test@gmail.com","ether_address":"empty_address"}
{"timestamp":"2025-09-01T17:04:45.680+09:00","level":"INFO","message":"TRON address generated","address":"TKQbw2weTkg5CvZp4N9ofpAKkekKa471TZ","pk":"26a58d9a2edfe5b79ab590b294dbc0c971932f39083d8b9ebece513a801436a9"}
{"timestamp":"2025-09-01T17:04:45.687+09:00","level":"WARNING","message":"No row was affected for emailtest@gmail.com","email":"test@gmail.com"}
{"timestamp":"2025-09-01T17:04:45.687+09:00","level":"ERROR","message":"Failed to get Tron address","error":{},"key":"test@gmail.com"}
{"timestamp":"2025-09-01T17:04:45.687+09:00","level":"ERROR","request_id":"1756713885676224000","message":"Request completed","method":"GET","path":"/address","status":500,"duration_ms":11,"duration_ns":11485792,"size":44}
{"timestamp":"2025-09-01T17:05:22.416+09:00","level":"INFO","request_id":"1756713922416167000","message":"Request started","method":"GET","path":"/address","content_length":0,"query":"key=test@gmail.com","remote_addr":"127.0.0.1:55283","user_agent":"curl/8.7.1"}
{"timestamp":"2025-09-01T17:05:22.420+09:00","level":"INFO","message":"Existing Ethereum address found","key":"test@gmail.com","ether_address":"empty_address"}
{"timestamp":"2025-09-01T17:05:22.420+09:00","level":"INFO","message":"Existing Tron address found","tron_address":"empty_address","key":"test@gmail.com"}
{"timestamp":"2025-09-01T17:05:22.420+09:00","level":"INFO","message":"Address response prepared","key":"test@gmail.com","ether_address":"empty_address","tron_address":"empty_address"}
{"timestamp":"2025-09-01T17:05:22.420+09:00","level":"INFO","request_id":"1756713922416167000","message":"Request completed","method":"GET","path":"/address","status":200,"duration_ms":4,"duration_ns":4236875,"size":49}
{"timestamp":"2025-09-01T17:06:04.489+09:00","level":"INFO","request_id":"1756713964489318000","message":"Request started","method":"GET","path":"/address","remote_addr":"127.0.0.1:55285","user_agent":"curl/8.7.1","content_length":0,"query":"key=test@gmail.com"}
{"timestamp":"2025-09-01T17:06:04.497+09:00","level":"INFO","message":"Ether address updated in DB","address":"0x6786AC2Ff712F3a28cC7e9c90405c7e5E334C7dd","email":"test@gmail.com"}
{"timestamp":"2025-09-01T17:06:04.497+09:00","level":"INFO","message":"New Ethereum address generated","key":"test@gmail.com","ether_address":"0x6786AC2Ff712F3a28cC7e9c90405c7e5E334C7dd"}
{"timestamp":"2025-09-01T17:06:04.498+09:00","level":"INFO","message":"TRON address generated","pk":"26a58d9a2edfe5b79ab590b294dbc0c971932f39083d8b9ebece513a801436a9","address":"TKQbw2weTkg5CvZp4N9ofpAKkekKa471TZ"}
{"timestamp":"2025-09-01T17:06:04.501+09:00","level":"INFO","message":"Tron address updated in DB","address":"TKQbw2weTkg5CvZp4N9ofpAKkekKa471TZ","email":"test@gmail.com"}
{"timestamp":"2025-09-01T17:06:04.501+09:00","level":"INFO","message":"New Tron address generated","key":"test@gmail.com","tron_address":"TKQbw2weTkg5CvZp4N9ofpAKkekKa471TZ"}
{"timestamp":"2025-09-01T17:06:04.501+09:00","level":"INFO","message":"Address response prepared","key":"test@gmail.com","ether_address":"0x6786AC2Ff712F3a28cC7e9c90405c7e5E334C7dd","tron_address":"TKQbw2weTkg5CvZp4N9ofpAKkekKa471TZ"}
{"timestamp":"2025-09-01T17:06:04.501+09:00","level":"INFO","request_id":"1756713964489318000","message":"Request completed","method":"GET","path":"/address","status":200,"duration_ms":12,"size":99,"duration_ns":12452000}
{"timestamp":"2025-09-01T17:13:32.829+09:00","level":"INFO","message":"Log file rotated","date":"2025-09-01","log_path":"../logs/2025/09/01/app.log"}
{"timestamp":"2025-09-01T17:13:37.655+09:00","level":"INFO","request_id":"1756714417655816000","message":"Request started","method":"GET","path":"/address","query":"key=test@gmail.com","remote_addr":"127.0.0.1:55360","user_agent":"curl/8.7.1","content_length":0}
{"timestamp":"2025-09-01T17:13:37.677+09:00","level":"INFO","message":"Ether address updated in DB","email":"test@gmail.com","address":"0x6786AC2Ff712F3a28cC7e9c90405c7e5E334C7dd"}
{"timestamp":"2025-09-01T17:13:37.677+09:00","level":"INFO","message":"New Ethereum address generated","key":"test@gmail.com","ether_address":"0x6786AC2Ff712F3a28cC7e9c90405c7e5E334C7dd"}
{"timestamp":"2025-09-01T17:13:37.677+09:00","level":"INFO","message":"TRON address generated","pk":"26a58d9a2edfe5b79ab590b294dbc0c971932f39083d8b9ebece513a801436a9","address":"TKQbw2weTkg5CvZp4N9ofpAKkekKa471TZ"}
{"timestamp":"2025-09-01T17:13:37.690+09:00","level":"INFO","message":"Existing chain_account record updated for TRON","email":"test@gmail.com"}
{"timestamp":"2025-09-01T17:13:37.690+09:00","level":"INFO","message":"Tron address updated in DB","email":"test@gmail.com","address":"TKQbw2weTkg5CvZp4N9ofpAKkekKa471TZ"}
{"timestamp":"2025-09-01T17:13:37.690+09:00","level":"INFO","message":"New Tron address generated","key":"test@gmail.com","tron_address":"TKQbw2weTkg5CvZp4N9ofpAKkekKa471TZ"}
{"timestamp":"2025-09-01T17:13:37.690+09:00","level":"INFO","message":"Address response prepared","key":"test@gmail.com","ether_address":"0x6786AC2Ff712F3a28cC7e9c90405c7e5E334C7dd","tron_address":"TKQbw2weTkg5CvZp4N9ofpAKkekKa471TZ"}
{"timestamp":"2025-09-01T17:13:37.690+09:00","level":"INFO","request_id":"1756714417655816000","message":"Request completed","method":"GET","path":"/address","status":200,"duration_ms":34,"duration_ns":34878458,"size":99}
{"timestamp":"2025-09-01T18:17:02.399+09:00","level":"INFO","message":"Log file rotated","log_path":"../logs/2025/09/01/app.log","date":"2025-09-01"}
{"timestamp":"2025-09-01T18:17:22.679+09:00","level":"INFO","request_id":"1756718242679883000","message":"Request started","method":"GET","path":"/address","query":"key=test@gmail.com","remote_addr":"127.0.0.1:55879","user_agent":"curl/8.7.1","content_length":0}
{"timestamp":"2025-09-01T18:17:22.707+09:00","level":"INFO","message":"Private key generated successfully","email : ":"test@gmail.com"}
{"timestamp":"2025-09-01T18:17:22.715+09:00","level":"INFO","message":"Ether address updated in DB","address":"0xd2FC24e97474AD36C8D7eB0dF8e52A0cF1bFD1cf","email":"test@gmail.com"}
{"timestamp":"2025-09-01T18:17:22.715+09:00","level":"INFO","message":"New Ethereum address generated","key":"test@gmail.com","ether_address":"0xd2FC24e97474AD36C8D7eB0dF8e52A0cF1bFD1cf"}
{"timestamp":"2025-09-01T18:17:22.715+09:00","level":"INFO","message":"TRON address generated","pk":"a7562d4a3a007584726b8eab3a20e8226b41c170edfb228c2e80b427e8ce8696","address":"TVCnxdR2wH1g8W7MaCsjr3skY4PTtbMYHB"}
{"timestamp":"2025-09-01T18:17:22.730+09:00","level":"INFO","message":"Existing chain_account record updated for TRON","email":"test@gmail.com"}
{"timestamp":"2025-09-01T18:17:22.730+09:00","level":"INFO","message":"Tron address updated in DB","email":"test@gmail.com","address":"TVCnxdR2wH1g8W7MaCsjr3skY4PTtbMYHB"}
{"timestamp":"2025-09-01T18:17:22.730+09:00","level":"INFO","message":"New Tron address generated","tron_address":"TVCnxdR2wH1g8W7MaCsjr3skY4PTtbMYHB","key":"test@gmail.com"}
{"timestamp":"2025-09-01T18:17:22.730+09:00","level":"INFO","message":"Address response prepared","key":"test@gmail.com","tron_address":"TVCnxdR2wH1g8W7MaCsjr3skY4PTtbMYHB","ether_address":"0xd2FC24e97474AD36C8D7eB0dF8e52A0cF1bFD1cf"}
{"timestamp":"2025-09-01T18:17:22.730+09:00","level":"INFO","request_id":"1756718242679883000","message":"Request completed","method":"GET","path":"/address","status":200,"duration_ms":50,"duration_ns":50618458,"size":99}
{"timestamp":"2025-09-01T18:19:04.993+09:00","level":"INFO","message":"Log file rotated","date":"2025-09-01","log_path":"../logs/2025/09/01/app.log"}
{"timestamp":"2025-09-01T18:19:27.555+09:00","level":"INFO","request_id":"1756718367554995000","message":"Request started","method":"GET","path":"/address","query":"key=test@gmail.com","remote_addr":"127.0.0.1:55911","user_agent":"curl/8.7.1","content_length":0}
{"timestamp":"2025-09-01T18:19:27.583+09:00","level":"INFO","message":"Private key generated successfully","email : ":"test@gmail.com"}
{"timestamp":"2025-09-01T18:19:27.593+09:00","level":"INFO","message":"Ether address updated in DB","email":"test@gmail.com","address":"0xd2FC24e97474AD36C8D7eB0dF8e52A0cF1bFD1cf"}
{"timestamp":"2025-09-01T18:19:27.593+09:00","level":"INFO","message":"New Ethereum address generated","key":"test@gmail.com","ether_address":"0xd2FC24e97474AD36C8D7eB0dF8e52A0cF1bFD1cf"}
{"timestamp":"2025-09-01T18:19:27.593+09:00","level":"INFO","message":"TRON address generated","address":"TVCnxdR2wH1g8W7MaCsjr3skY4PTtbMYHB"}
{"timestamp":"2025-09-01T18:19:27.609+09:00","level":"INFO","message":"Existing chain_account record updated for TRON","email":"test@gmail.com"}
{"timestamp":"2025-09-01T18:19:27.609+09:00","level":"INFO","message":"Tron address updated in DB","email":"test@gmail.com","address":"TVCnxdR2wH1g8W7MaCsjr3skY4PTtbMYHB"}
{"timestamp":"2025-09-01T18:19:27.609+09:00","level":"INFO","message":"New Tron address generated","key":"test@gmail.com","tron_address":"TVCnxdR2wH1g8W7MaCsjr3skY4PTtbMYHB"}
{"timestamp":"2025-09-01T18:19:27.609+09:00","level":"INFO","message":"Address response prepared","key":"test@gmail.com","ether_address":"0xd2FC24e97474AD36C8D7eB0dF8e52A0cF1bFD1cf","tron_address":"TVCnxdR2wH1g8W7MaCsjr3skY4PTtbMYHB"}
{"timestamp":"2025-09-01T18:19:27.609+09:00","level":"INFO","request_id":"1756718367554995000","message":"Request completed","method":"GET","path":"/address","status":200,"duration_ms":54,"duration_ns":54329042,"size":99}
{"timestamp":"2025-09-01T18:56:02.126+09:00","level":"INFO","message":"Log file rotated","log_path":"../logs/2025/09/01/app.log","date":"2025-09-01"}
{"timestamp":"2025-09-01T18:57:49.242+09:00","level":"INFO","request_id":"1756720669242553000","message":"Request started","method":"GET","path":"/balance","user_agent":"curl/8.7.1","content_length":25,"query":"","remote_addr":"[::1]:56447"}
{"timestamp":"2025-09-01T18:57:49.253+09:00","level":"WARNING","message":"Invalid token","path":"/balance","error":{},"token":"","key":""}
{"timestamp":"2025-09-01T18:57:49.253+09:00","level":"WARNING","request_id":"1756720669242553000","message":"Request completed","method":"GET","path":"/balance","status":400,"duration_ms":10,"duration_ns":10887583,"size":26}
{"timestamp":"2025-09-01T19:57:24.582+09:00","level":"INFO","message":"Log file rotated","date":"2025-09-01","log_path":"../logs/2025/09/01/app.log"}
{"timestamp":"2025-09-01T19:57:27.091+09:00","level":"INFO","request_id":"1756724247091880000","message":"Request started","method":"POST","path":"/balance","query":"","remote_addr":"[::1]:56948","user_agent":"curl/8.7.1","content_length":25}
{"timestamp":"2025-09-01T19:57:27.093+09:00","level":"INFO","request_id":"1756724247091880000","message":"Request completed","method":"POST","path":"/balance","status":200,"duration_ms":1,"size":0,"duration_ns":1218209}
{"timestamp":"2025-09-01T19:57:27.093+09:00","level":"ERROR","request_id":"1756724247091880000","message":"Request error occurred","error":"code=405, message=Method Not Allowed"}
{"timestamp":"2025-09-01T19:59:17.405+09:00","level":"INFO","request_id":"1756724357405953000","message":"Request started","method":"GET","path":"/balance","query":"token=USDT(Tron)\u0026key=test","remote_addr":"[::1]:56966","user_agent":"curl/8.7.1","content_length":0}
{"timestamp":"2025-09-01T19:59:18.047+09:00","level":"INFO","message":"Admin private key decrypted","func":"GetAdminPrivateKey"}
{"timestamp":"2025-09-01T19:59:19.354+09:00","level":"INFO","message":"Account unlocked","pk":"d5ddac574118979cee2e79080262e2c202d81ead485cf371adbef68e7e8bba71","address":"TVPbDpNcfsMV8xLrP987HRfQtNLXXHq5Rb"}
{"timestamp":"2025-09-01T19:59:19.354+09:00","level":"INFO","message":"TRC20Manager initialized","rpc":"","adminAddr":"TVPbDpNcfsMV8xLrP987HRfQtNLXXHq5Rb","contractAddress":"TR7NHqjeKQxGTCi8q8ZY4pL8otSzgjLj6t"}
{"timestamp":"2025-09-01T19:59:19.771+09:00","level":"ERROR","message":"Failed to get deposit private keys","error":{},"email":"test"}
{"timestamp":"2025-09-01T19:59:19.771+09:00","level":"ERROR","message":"TronBalance error","path":"/balance","error":{},"token":"USDT(Tron)","key":"test"}
{"timestamp":"2025-09-01T19:59:19.771+09:00","level":"ERROR","request_id":"1756724357405953000","message":"Request completed","method":"GET","path":"/balance","status":500,"duration_ms":2365,"duration_ns":2365358209,"size":27}
{"timestamp":"2025-09-01T20:07:42.020+09:00","level":"INFO","message":"Log file rotated","log_path":"../logs/2025/09/01/app.log","date":"2025-09-01"}
{"timestamp":"2025-09-01T20:08:02.457+09:00","level":"INFO","request_id":"1756724882457217000","message":"Request started","method":"GET","path":"/balance","query":"token=USDT(Tron)\u0026key=test","remote_addr":"[::1]:57052","user_agent":"curl/8.7.1","content_length":0}
{"timestamp":"2025-09-01T20:08:02.474+09:00","level":"ERROR","message":"HexToECDSA failed","error":{}}
{"timestamp":"2025-09-01T20:08:02.474+09:00","level":"ERROR","message":"getKsAcc failed","error":{},"rpc":"","contractAddress":"TR7NHqjeKQxGTCi8q8ZY4pL8otSzgjLj6t"}
{"timestamp":"2025-09-01T20:09:24.607+09:00","level":"INFO","message":"Log file rotated","log_path":"../logs/2025/09/01/app.log","date":"2025-09-01"}
{"timestamp":"2025-09-01T20:09:28.980+09:00","level":"INFO","request_id":"1756724968980565000","message":"Request started","method":"GET","path":"/balance","query":"token=USDT(Tron)\u0026key=test","remote_addr":"[::1]:57084","user_agent":"curl/8.7.1","content_length":0}
{"timestamp":"2025-09-01T20:09:29.635+09:00","level":"INFO","message":"Admin private key decrypted","func":"GetAdminPrivateKey"}
{"timestamp":"2025-09-01T20:09:30.948+09:00","level":"INFO","message":"Account unlocked","address":"TVPbDpNcfsMV8xLrP987HRfQtNLXXHq5Rb"}
{"timestamp":"2025-09-01T20:09:30.948+09:00","level":"INFO","message":"TRC20Manager initialized","contractAddress":"TR7NHqjeKQxGTCi8q8ZY4pL8otSzgjLj6t","adminAddr":"TVPbDpNcfsMV8xLrP987HRfQtNLXXHq5Rb","rpc":""}
{"timestamp":"2025-09-01T20:09:31.362+09:00","level":"ERROR","message":"Failed to get deposit private keys","error":{},"email":"test"}
{"timestamp":"2025-09-01T20:09:31.362+09:00","level":"ERROR","message":"TronBalance error","path":"/balance","error":{},"key":"test","token":"USDT(Tron)"}
{"timestamp":"2025-09-01T20:09:31.362+09:00","level":"ERROR","request_id":"1756724968980565000","message":"Request completed","method":"GET","path":"/balance","status":500,"duration_ms":2381,"duration_ns":2381631417,"size":27}
{"timestamp":"2025-09-01T20:10:01.618+09:00","level":"INFO","request_id":"1756725001618942000","message":"Request started","method":"GET","path":"/balance","query":"token=USDT(Tron)\u0026key=test@gmail.com","remote_addr":"[::1]:57092","user_agent":"curl/8.7.1","content_length":0}
{"timestamp":"2025-09-01T20:10:01.875+09:00","level":"INFO","message":"Admin private key decrypted","func":"GetAdminPrivateKey"}
{"timestamp":"2025-09-01T20:10:03.269+09:00","level":"INFO","message":"Account unlocked","address":"TVPbDpNcfsMV8xLrP987HRfQtNLXXHq5Rb"}
{"timestamp":"2025-09-01T20:10:03.269+09:00","level":"INFO","message":"TRC20Manager initialized","rpc":"","contractAddress":"TR7NHqjeKQxGTCi8q8ZY4pL8otSzgjLj6t","adminAddr":"TVPbDpNcfsMV8xLrP987HRfQtNLXXHq5Rb"}
{"timestamp":"2025-09-01T20:10:03.929+09:00","level":"INFO","message":"Private keys retrieved successfully","email_hash":"87924606b4131a8a"}
{"timestamp":"2025-09-01T20:10:03.931+09:00","level":"INFO","message":"TRON address generated","address":"TVCnxdR2wH1g8W7MaCsjr3skY4PTtbMYHB"}
{"timestamp":"2025-09-01T20:10:04.297+09:00","level":"INFO","message":"TRX balance fetched","addr":"TVCnxdR2wH1g8W7MaCsjr3skY4PTtbMYHB","balance":"0"}
{"timestamp":"2025-09-01T20:10:04.297+09:00","level":"INFO","message":"TronBalance succeeded","balance":"0","email":"test@gmail.com"}
{"timestamp":"2025-09-01T20:10:04.297+09:00","level":"INFO","message":"TRON balance response","path":"/balance","token":"USDT(Tron)","balance":"0","key":"test@gmail.com"}
{"timestamp":"2025-09-01T20:10:04.297+09:00","level":"INFO","request_id":"1756725001618942000","message":"Request completed","method":"GET","path":"/balance","status":200,"duration_ms":2678,"duration_ns":2678542084,"size":1}
{"timestamp":"2025-09-01T20:24:03.191+09:00","level":"INFO","request_id":"1756725843191811000","message":"Request started","method":"GET","path":"/address","query":"key=test@gmail.com","remote_addr":"[::1]:57235","user_agent":"curl/8.7.1","content_length":0}
{"timestamp":"2025-09-01T20:24:03.206+09:00","level":"INFO","message":"Existing Ethereum address found","key":"test@gmail.com","ether_address":"0xd2FC24e97474AD36C8D7eB0dF8e52A0cF1bFD1cf"}
{"timestamp":"2025-09-01T20:24:03.206+09:00","level":"INFO","message":"Existing Tron address found","key":"test@gmail.com","tron_address":"TVCnxdR2wH1g8W7MaCsjr3skY4PTtbMYHB"}
{"timestamp":"2025-09-01T20:24:03.206+09:00","level":"INFO","message":"Address response prepared","key":"test@gmail.com","ether_address":"0xd2FC24e97474AD36C8D7eB0dF8e52A0cF1bFD1cf","tron_address":"TVCnxdR2wH1g8W7MaCsjr3skY4PTtbMYHB"}
{"timestamp":"2025-09-01T20:24:03.206+09:00","level":"INFO","request_id":"1756725843191811000","message":"Request completed","method":"GET","path":"/address","status":200,"duration_ms":14,"duration_ns":14246208,"size":99}
{"timestamp":"2025-09-01T20:50:48.338+09:00","level":"INFO","message":"Log file rotated","log_path":"../logs/2025/09/01/app.log","date":"2025-09-01"}
{"timestamp":"2025-09-01T20:52:34.962+09:00","level":"INFO","request_id":"1756727554962826000","message":"Request started","method":"GET","path":"/decrypt-private-key-by-email","query":"email=test@example.com","remote_addr":"[::1]:57726","user_agent":"curl/8.7.1","content_length":0}
{"timestamp":"2025-09-01T20:52:35.034+09:00","level":"WARNING","request_id":"1756727554962826000","message":"Request completed","method":"GET","path":"/decrypt-private-key-by-email","status":404,"duration_ms":72,"duration_ns":72090208,"size":45}
{"timestamp":"2025-09-01T20:55:37.608+09:00","level":"INFO","message":"Log file rotated","log_path":"../logs/2025/09/01/app.log","date":"2025-09-01"}
{"timestamp":"2025-09-01T20:55:44.245+09:00","level":"INFO","request_id":"1756727744245794000","message":"Request started","method":"GET","path":"/decrypt-private-key-by-email","content_length":0,"query":"email=test@example.com","remote_addr":"[::1]:57760","user_agent":"curl/8.7.1"}
{"timestamp":"2025-09-01T20:55:44.264+09:00","level":"WARNING","request_id":"1756727744245794000","message":"Request completed","method":"GET","path":"/decrypt-private-key-by-email","status":404,"duration_ms":18,"duration_ns":18719792,"size":45}
{"timestamp":"2025-09-01T20:56:24.940+09:00","level":"INFO","message":"Log file rotated","log_path":"../logs/2025/09/01/app.log","date":"2025-09-01"}
{"timestamp":"2025-09-01T20:56:29.668+09:00","level":"INFO","request_id":"1756727789668168000","message":"Request started","method":"GET","path":"/decrypt-private-key-by-email","query":"email=test@example.com","remote_addr":"[::1]:57771","user_agent":"curl/8.7.1","content_length":0}
{"timestamp":"2025-09-01T20:56:29.683+09:00","level":"WARNING","request_id":"1756727789668168000","message":"Request completed","method":"GET","path":"/decrypt-private-key-by-email","status":404,"duration_ms":14,"duration_ns":14953792,"size":45}
{"timestamp":"2025-09-01T20:58:02.346+09:00","level":"INFO","message":"Log file rotated","log_path":"../logs/2025/09/01/app.log","date":"2025-09-01"}
{"timestamp":"2025-09-01T20:58:03.620+09:00","level":"INFO","request_id":"1756727883620191000","message":"Request started","method":"GET","path":"/decrypt-private-key-by-email","query":"email=test@example.com","remote_addr":"[::1]:57783","user_agent":"curl/8.7.1","content_length":0}
{"timestamp":"2025-09-01T20:58:03.634+09:00","level":"WARNING","request_id":"1756727883620191000","message":"Request completed","method":"GET","path":"/decrypt-private-key-by-email","status":404,"duration_ms":14,"duration_ns":14591042,"size":45}
{"timestamp":"2025-09-01T21:16:31.427+09:00","level":"INFO","message":"Log file rotated","log_path":"../logs/2025/09/01/app.log","date":"2025-09-01"}
{"timestamp":"2025-09-01T21:16:40.335+09:00","level":"INFO","request_id":"1756729000335530000","message":"Request started","method":"GET","path":"/decrypt-private-key-by-email","content_length":0,"query":"email=test@example.com","remote_addr":"[::1]:58395","user_agent":"curl/8.7.1"}
{"timestamp":"2025-09-01T21:16:40.352+09:00","level":"WARNING","request_id":"1756729000335530000","message":"Request completed","method":"GET","path":"/decrypt-private-key-by-email","status":404,"duration_ms":17,"duration_ns":17396833,"size":45}
{"timestamp":"2025-09-01T21:21:33.522+09:00","level":"INFO","message":"Log file rotated","log_path":"../logs/2025/09/01/app.log","date":"2025-09-01"}
{"timestamp":"2025-09-01T21:21:37.314+09:00","level":"INFO","request_id":"1756729297314590000","message":"Request started","method":"GET","path":"/decrypt-private-key-by-email","query":"email=test@example.com","remote_addr":"[::1]:58493","user_agent":"curl/8.7.1","content_length":0}
{"timestamp":"2025-09-01T21:21:37.336+09:00","level":"WARNING","request_id":"1756729297314590000","message":"Request completed","method":"GET","path":"/decrypt-private-key-by-email","status":404,"duration_ms":21,"duration_ns":21961792,"size":45}
{"timestamp":"2025-09-01T21:22:48.978+09:00","level":"INFO","request_id":"1756729368978054000","message":"Request started","method":"GET","path":"/decrypt-private-key-by-email","query":"email=test@gmail.com","remote_addr":"[::1]:58498","user_agent":"curl/8.7.1","content_length":0}
{"timestamp":"2025-09-01T21:22:48.987+09:00","level":"INFO","message":"Email-specific decryption completed","path":"/decrypt-private-key-by-email","decrypted_count":2,"not_encrypted_count":0,"email":"test@gmail.com","total_accounts":2}
{"timestamp":"2025-09-01T21:22:48.987+09:00","level":"INFO","request_id":"1756729368978054000","message":"Request completed","method":"GET","path":"/decrypt-private-key-by-email","status":200,"duration_ms":9,"duration_ns":9590875,"size":309}
{"timestamp":"2025-09-01T21:24:35.682+09:00","level":"INFO","request_id":"1756729475682849000","message":"Request started","method":"GET","path":"/decrypt-private-key-by-email","query":"email=riochoi93@gmail.com","remote_addr":"[::1]:58515","user_agent":"curl/8.7.1","content_length":0}
{"timestamp":"2025-09-01T21:24:35.690+09:00","level":"INFO","message":"Email-specific decryption completed","path":"/decrypt-private-key-by-email","decrypted_count":0,"not_encrypted_count":2,"total_accounts":2,"email":"riochoi93@gmail.com"}
{"timestamp":"2025-09-01T21:24:35.690+09:00","level":"INFO","request_id":"1756729475682849000","message":"Request completed","method":"GET","path":"/decrypt-private-key-by-email","status":200,"duration_ms":7,"duration_ns":7871667,"size":314}
{"timestamp":"2025-09-01T21:25:36.169+09:00","level":"INFO","request_id":"1756729536169119000","message":"Request started","method":"GET","path":"/encrypt-private-key-by-email","query":"email=riochoi93@gmail.com","remote_addr":"[::1]:58522","user_agent":"curl/8.7.1","content_length":0}
{"timestamp":"2025-09-01T21:25:36.199+09:00","level":"INFO","message":"Email-specific encryption completed","path":"/encrypt-private-key-by-email","email":"riochoi93@gmail.com","total_accounts":2,"encrypted_count":2,"already_encrypted":0}
{"timestamp":"2025-09-01T21:25:36.199+09:00","level":"INFO","request_id":"1756729536169119000","message":"Request completed","method":"GET","path":"/encrypt-private-key-by-email","status":200,"duration_ms":30,"duration_ns":30082417,"size":141}
{"timestamp":"2025-09-01T21:28:33.636+09:00","level":"INFO","message":"Log file rotated","date":"2025-09-01","log_path":"../logs/2025/09/01/app.log"}
{"timestamp":"2025-09-01T21:28:39.638+09:00","level":"INFO","request_id":"1756729719638607000","message":"Request started","method":"GET","path":"/encrypt-private-key-by-email","query":"email=riochoi93@gmail.com","remote_addr":"[::1]:58539","user_agent":"curl/8.7.1","content_length":0}
{"timestamp":"2025-09-01T21:28:39.657+09:00","level":"INFO","message":"Email-specific encryption completed","path":"/encrypt-private-key-by-email","email":"riochoi93@gmail.com","total_accounts":2,"encrypted_count":0,"already_encrypted":2}
{"timestamp":"2025-09-01T21:28:39.657+09:00","level":"INFO","request_id":"1756729719638607000","message":"Request completed","method":"GET","path":"/encrypt-private-key-by-email","status":200,"duration_ms":18,"duration_ns":18832167,"size":141}
{"timestamp":"2025-09-01T21:29:32.712+09:00","level":"INFO","message":"Log file rotated","log_path":"../logs/2025/09/01/app.log","date":"2025-09-01"}
{"timestamp":"2025-09-01T21:29:39.012+09:00","level":"INFO","request_id":"1756729779012755000","message":"Request started","method":"GET","path":"/encrypt-private-key-by-email","query":"email=riochoi93@gmail.com","remote_addr":"[::1]:58565","user_agent":"curl/8.7.1","content_length":0}
{"timestamp":"2025-09-01T21:29:39.031+09:00","level":"INFO","message":"Email-specific encryption completed","path":"/encrypt-private-key-by-email","encrypted_count":0,"already_encrypted":2,"email":"riochoi93@gmail.com","total_accounts":2}
{"timestamp":"2025-09-01T21:29:39.031+09:00","level":"INFO","request_id":"1756729779012755000","message":"Request completed","method":"GET","path":"/encrypt-private-key-by-email","status":200,"duration_ms":18,"duration_ns":18938208,"size":141}
{"timestamp":"2025-09-01T21:29:44.501+09:00","level":"INFO","request_id":"1756729784501146000","message":"Request started","method":"GET","path":"/encrypt-private-key-by-email","content_length":0,"query":"email=riochoi93@gmail.com","remote_addr":"[::1]:58568","user_agent":"curl/8.7.1"}
{"timestamp":"2025-09-01T21:29:44.515+09:00","level":"INFO","message":"Email-specific encryption completed","path":"/encrypt-private-key-by-email","email":"riochoi93@gmail.com","total_accounts":2,"encrypted_count":0,"already_encrypted":2}
{"timestamp":"2025-09-01T21:29:44.515+09:00","level":"INFO","request_id":"1756729784501146000","message":"Request completed","method":"GET","path":"/encrypt-private-key-by-email","status":200,"duration_ms":14,"duration_ns":14603750,"size":141}
{"timestamp":"2025-09-01T21:30:13.898+09:00","level":"INFO","message":"Log file rotated","log_path":"../logs/2025/09/01/app.log","date":"2025-09-01"}
{"timestamp":"2025-09-01T21:30:17.497+09:00","level":"INFO","request_id":"1756729817497133000","message":"Request started","method":"GET","path":"/encrypt-private-key-by-email","query":"email=riochoi93@gmail.com","remote_addr":"[::1]:58594","user_agent":"curl/8.7.1","content_length":0}
{"timestamp":"2025-09-01T21:30:17.512+09:00","level":"INFO","message":"Email-specific encryption completed","path":"/encrypt-private-key-by-email","already_encrypted":2,"email":"riochoi93@gmail.com","total_accounts":2,"encrypted_count":0}
{"timestamp":"2025-09-01T21:30:17.512+09:00","level":"INFO","request_id":"1756729817497133000","message":"Request completed","method":"GET","path":"/encrypt-private-key-by-email","status":200,"duration_ms":15,"duration_ns":15787666,"size":141}
{"timestamp":"2025-09-01T21:33:29.694+09:00","level":"INFO","message":"Log file rotated","log_path":"../logs/2025/09/01/app.log","date":"2025-09-01"}
{"timestamp":"2025-09-01T21:34:02.085+09:00","level":"INFO","request_id":"1756730042084986000","message":"Request started","method":"GET","path":"/decrypt-private-key-by-email","query":"email=riochoi93@gmail.com","remote_addr":"[::1]:58630","user_agent":"curl/8.7.1","content_length":0}
{"timestamp":"2025-09-01T21:34:02.113+09:00","level":"INFO","message":"Email-specific decryption completed","path":"/decrypt-private-key-by-email","total_accounts":2,"decrypted_count":2,"email":"riochoi93@gmail.com","not_encrypted_count":0}
{"timestamp":"2025-09-01T21:34:02.113+09:00","level":"INFO","request_id":"1756730042084986000","message":"Request completed","method":"GET","path":"/decrypt-private-key-by-email","status":200,"duration_ms":28,"duration_ns":28882458,"size":314}
{"timestamp":"2025-09-01T21:34:40.275+09:00","level":"INFO","request_id":"1756730080275512000","message":"Request started","method":"GET","path":"/encrypt-private-key-by-email","remote_addr":"[::1]:58635","user_agent":"curl/8.7.1","content_length":0,"query":"email=superagh01.03@gmail.com"}
{"timestamp":"2025-09-01T21:34:40.309+09:00","level":"INFO","message":"Email-specific encryption completed","path":"/encrypt-private-key-by-email","encrypted_count":2,"already_encrypted":0,"email":"superagh01.03@gmail.com","total_accounts":2}
{"timestamp":"2025-09-01T21:34:40.309+09:00","level":"INFO","request_id":"1756730080275512000","message":"Request completed","method":"GET","path":"/encrypt-private-key-by-email","status":200,"duration_ms":34,"duration_ns":34341166,"size":145}
{"timestamp":"2025-09-01T21:35:06.768+09:00","level":"INFO","request_id":"1756730106768781000","message":"Request started","method":"GET","path":"/decrypt-private-key-by-email","user_agent":"curl/8.7.1","content_length":0,"query":"email=superagh01.03@gmail.com","remote_addr":"[::1]:58637"}
{"timestamp":"2025-09-01T21:35:06.779+09:00","level":"INFO","message":"Email-specific decryption completed","path":"/decrypt-private-key-by-email","not_encrypted_count":0,"email":"superagh01.03@gmail.com","total_accounts":2,"decrypted_count":2}
{"timestamp":"2025-09-01T21:35:06.779+09:00","level":"INFO","request_id":"1756730106768781000","message":"Request completed","method":"GET","path":"/decrypt-private-key-by-email","status":200,"duration_ms":11,"duration_ns":11146375,"size":318}
{"timestamp":"2025-09-01T21:37:42.206+09:00","level":"INFO","message":"Log file rotated","log_path":"../logs/2025/09/01/app.log","date":"2025-09-01"}
{"timestamp":"2025-09-01T21:37:57.856+09:00","level":"INFO","request_id":"1756730277855998000","message":"Request started","method":"GET","path":"/encrypt-all-private-keys","query":"","remote_addr":"[::1]:58653","user_agent":"curl/8.7.1","content_length":0}
{"timestamp":"2025-09-01T21:37:58.241+09:00","level":"INFO","message":"Encryption process completed","path":"/encrypt-all-private-keys","total_accounts":40,"encrypted_count":34,"already_encrypted":6}
{"timestamp":"2025-09-01T21:37:58.241+09:00","level":"INFO","request_id":"1756730277855998000","message":"Request completed","method":"GET","path":"/encrypt-all-private-keys","status":200,"duration_ms":385,"duration_ns":385240791,"size":106}
{"timestamp":"2025-09-01T21:38:52.102+09:00","level":"INFO","request_id":"1756730332102142000","message":"Request started","method":"GET","path":"/decrypt-private-key-by-email","remote_addr":"[::1]:58667","user_agent":"curl/8.7.1","content_length":0,"query":"email=mo3552@live.co.kr"}
{"timestamp":"2025-09-01T21:38:52.124+09:00","level":"INFO","message":"Email-specific decryption completed","path":"/decrypt-private-key-by-email","total_accounts":2,"decrypted_count":2,"not_encrypted_count":0,"email":"mo3552@live.co.kr"}
{"timestamp":"2025-09-01T21:38:52.124+09:00","level":"INFO","request_id":"1756730332102142000","message":"Request completed","method":"GET","path":"/decrypt-private-key-by-email","status":200,"duration_ms":22,"duration_ns":22115375,"size":312}
