{"timestamp":"2025-09-04T15:55:30.789+09:00","level":"INFO","message":"Log file rotated","log_path":"../logs/2025/09/04/app.log","date":"2025-09-04"}
{"timestamp":"2025-09-04T15:55:40.001+09:00","level":"INFO","message":"🔍 [TRACE] Starting blockchain trace process..."}
{"timestamp":"2025-09-04T15:55:40.001+09:00","level":"INFO","message":"📊 [TRACE] Initializing database connection..."}
{"timestamp":"2025-09-04T15:55:40.001+09:00","level":"INFO","message":"✅ [TRACE] Database connection established"}
{"timestamp":"2025-09-04T15:55:40.001+09:00","level":"INFO","message":"🔎 [TRACE] Executing blockchain query..."}
{"timestamp":"2025-09-04T15:55:40.001+09:00","level":"INFO","message":"📝 [TRACE] SQL Query: SELECT c.chain_id, c.id as currency_id, b.\"name\", b.rpc_url, b.last_checked_block, c.symbol, c.address\n\t\tFROM blockchain b\n\t\tleft join currency c on b.id = c.chain_id\n\t\tWHERE b.active_watch = true and c.active_watch = true"}
{"timestamp":"2025-09-04T15:55:40.001+09:00","level":"INFO","message":"✅ [TRACE] SQL query executed successfully"}
{"timestamp":"2025-09-04T15:55:40.050+09:00","level":"INFO","message":"✅ [TRACE] Trace process completed successfully"}
{"timestamp":"2025-09-04T15:55:40.050+09:00","level":"INFO","message":"🏁 [TRACE] Blockchain trace process finished"}
{"timestamp":"2025-09-04T16:00:07.507+09:00","level":"INFO","message":"Log file rotated","log_path":"../logs/2025/09/04/app.log","date":"2025-09-04"}
{"timestamp":"2025-09-04T16:00:07.508+09:00","level":"INFO","message":"Starting Account Management Server..."}
{"timestamp":"2025-09-04T16:00:07.548+09:00","level":"INFO","message":"Starting server on port 6214"}
{"timestamp":"2025-09-04T16:00:09.082+09:00","level":"INFO","message":"Shutting down server..."}
{"timestamp":"2025-09-04T16:00:09.084+09:00","level":"INFO","message":"Server exited"}
{"timestamp":"2025-09-04T16:00:24.947+09:00","level":"INFO","message":"Log file rotated","log_path":"../logs/2025/09/04/app.log","date":"2025-09-04"}
{"timestamp":"2025-09-04T16:00:52.483+09:00","level":"INFO","message":"Log file rotated","log_path":"../logs/2025/09/04/app.log","date":"2025-09-04"}
{"timestamp":"2025-09-04T16:10:33.797+09:00","level":"INFO","request_id":"1756969833797798000","message":"Request started","method":"POST","path":"/send","query":"","remote_addr":"127.0.0.1:56266","user_agent":"curl/8.7.1","content_length":525}
{"timestamp":"2025-09-04T16:10:33.856+09:00","level":"INFO","message":"Withdraw history record created","to_address":"0x8425e0D93943c1cc22890C6A08041B933fa994db","amount":"10","memo":"","withdraw_id":66,"token":"USDC(Ethereum)"}
{"timestamp":"2025-09-04T16:10:35.087+09:00","level":"INFO","message":"Sending transaction","to":"0x1c7D4B196Cb0C7B01d743Fbc6116a902379C7238","nonce":53,"toAddr":"0x1c7D4B196Cb0C7B01d743Fbc6116a902379C7238","value":"0","chainID":"11155111","data":"a9059cbb0000000000000000000000008425e0d93943c1cc22890c6a08041b933fa994db0000000000000000000000000000000000000000000000000000000000989680","toValue":"0","gasLimit":62943,"gasPrice":"6334575"}
{"timestamp":"2025-09-04T16:10:35.088+09:00","level":"INFO","message":"Transaction signed","signer":"0xD506eBd8C37E2052Db940427534EDB49d71E4f20","txHash":"0xf329dfef8f11bef4d6f2433a6e74c6e62c17b5d661c75f3f69a8f3070a8d0618","to":"0x1c7D4B196Cb0C7B01d743Fbc6116a902379C7238","value":"0","chainID":"11155111"}
{"timestamp":"2025-09-04T16:10:41.129+09:00","level":"INFO","message":"Withdraw processed successfully","user_id":25,"process":"auto","withdraw_id":66,"amount":"10.000000000000000000"}
{"timestamp":"2025-09-04T16:10:49.981+09:00","level":"INFO","message":"Transaction confirmed","value":"0","chainID":"11155111","txHash":"0xf329dfef8f11bef4d6f2433a6e74c6e62c17b5d661c75f3f69a8f3070a8d0618","to":"0x1c7D4B196Cb0C7B01d743Fbc6116a902379C7238"}
{"timestamp":"2025-09-04T16:10:49.981+09:00","level":"INFO","message":"sendTxWithMethod succeeded","gasPrice":"","nonce":0,"amount":"0","params":["0x8425e0d93943c1cc22890c6a08041b933fa994db",10000000],"to":"0x1c7D4B196Cb0C7B01d743Fbc6116a902379C7238","funcName":"transfer","gasLimit":0,"txHash":"0xf329dfef8f11bef4d6f2433a6e74c6e62c17b5d661c75f3f69a8f3070a8d0618"}
{"timestamp":"2025-09-04T16:10:49.981+09:00","level":"INFO","message":"AdminERC20Transfer succeeded","txHash":"0xf329dfef8f11bef4d6f2433a6e74c6e62c17b5d661c75f3f69a8f3070a8d0618","contract":"0x1c7D4B196Cb0C7B01d743Fbc6116a902379C7238","to":"0x8425e0D93943c1cc22890C6A08041B933fa994db","amountStr":"10"}
{"timestamp":"2025-09-04T16:10:49.982+09:00","level":"INFO","message":"EtherSend succeeded","amountStr":"10","memo":"","txhash":"0xf329dfef8f11bef4d6f2433a6e74c6e62c17b5d661c75f3f69a8f3070a8d0618","amount":"10000000","func":"EtherSend","token":"USDC(Ethereum)","toAddr":"0x8425e0D93943c1cc22890C6A08041B933fa994db"}
{"timestamp":"2025-09-04T16:10:49.994+09:00","level":"INFO","message":"EtherSend completed successfully","amount":"10000000","withdraw_id":66,"tx_hash":"0xf329dfef8f11bef4d6f2433a6e74c6e62c17b5d661c75f3f69a8f3070a8d0618"}
{"timestamp":"2025-09-04T16:10:50.014+09:00","level":"INFO","message":"Successfully updated user_balance after withdrawal","user_id":25,"amount":"10","rows_affected":1,"account_id":"0x8425e0D93943c1cc22890C6A08041B933fa994db","currency_id":35}
{"timestamp":"2025-09-04T16:10:50.014+09:00","level":"INFO","request_id":"1756969833797798000","message":"Request completed","method":"POST","path":"/send","status":200,"duration_ms":16217,"duration_ns":16217051958,"size":148}
{"timestamp":"2025-09-04T17:02:47.071+09:00","level":"INFO","message":"Log file rotated","date":"2025-09-04","log_path":"../logs/2025/09/04/app.log"}
{"timestamp":"2025-09-04T17:03:57.246+09:00","level":"INFO","message":"Log file rotated","log_path":"../logs/2025/09/04/app.log","date":"2025-09-04"}
{"timestamp":"2025-09-04T17:04:06.356+09:00","level":"INFO","message":"Log file rotated","log_path":"../logs/2025/09/04/app.log","date":"2025-09-04"}
{"timestamp":"2025-09-04T17:06:18.432+09:00","level":"INFO","message":"Log file rotated","date":"2025-09-04","log_path":"../logs/2025/09/04/app.log"}
{"timestamp":"2025-09-04T17:07:40.151+09:00","level":"ERROR","message":"HeaderByNumber failed","error":{"Op":"Post","URL":"https://bsc-testnet-rpc.publicnode.com","Err":{"Op":"read","Net":"tcp","Source":{"IP":"172.16.10.153","Port":57357,"Zone":""},"Addr":{"IP":"104.20.24.117","Port":443,"Zone":""},"Err":{"Syscall":"read","Err":54}}}}
{"timestamp":"2025-09-04T17:21:31.770+09:00","level":"INFO","message":"Log file rotated","log_path":"../logs/2025/09/04/app.log","date":"2025-09-04"}
{"timestamp":"2025-09-04T17:27:21.242+09:00","level":"INFO","message":"Log file rotated","date":"2025-09-04","log_path":"../logs/2025/09/04/app.log"}
{"timestamp":"2025-09-04T17:34:35.177+09:00","level":"INFO","message":"Log file rotated","date":"2025-09-04","log_path":"../logs/2025/09/04/app.log"}
{"timestamp":"2025-09-04T17:34:36.373+09:00","level":"INFO","message":"=== Server Configuration ==="}
{"timestamp":"2025-09-04T17:34:36.373+09:00","level":"INFO","message":"Server Host: localhost"}
{"timestamp":"2025-09-04T17:34:36.373+09:00","level":"INFO","message":"Server Port: 6214"}
{"timestamp":"2025-09-04T17:34:36.373+09:00","level":"INFO","message":"=== Database Configuration ==="}
{"timestamp":"2025-09-04T17:34:36.373+09:00","level":"INFO","message":"Database Host: vultr-prod-05861b61-df5f-4ffb-a42d-8966193ed50d-vultr-prod-fbde.vultrdb.com"}
{"timestamp":"2025-09-04T17:34:36.373+09:00","level":"INFO","message":"Database Port: 16751"}
{"timestamp":"2025-09-04T17:34:36.373+09:00","level":"INFO","message":"Database Name: ace-test"}
{"timestamp":"2025-09-04T17:34:36.373+09:00","level":"INFO","message":"Database User: ace_test"}
{"timestamp":"2025-09-04T17:34:36.373+09:00","level":"INFO","message":"Database SSL Mode: require"}
{"timestamp":"2025-09-04T17:34:36.373+09:00","level":"INFO","message":"=== Blockchain Configuration ==="}
{"timestamp":"2025-09-04T17:34:36.373+09:00","level":"INFO","message":"Ethereum RPC URL: "}
{"timestamp":"2025-09-04T17:34:36.373+09:00","level":"INFO","message":"TRON RPC URL: "}
{"timestamp":"2025-09-04T17:34:36.373+09:00","level":"INFO","message":"TRON USDT Address: "}
{"timestamp":"2025-09-04T17:34:36.373+09:00","level":"INFO","message":"TRON Send Token: "}
{"timestamp":"2025-09-04T17:34:36.373+09:00","level":"INFO","message":"=== Notification Configuration ==="}
{"timestamp":"2025-09-04T17:34:36.373+09:00","level":"INFO","message":"Telegram Bot Token: [NOT SET]"}
{"timestamp":"2025-09-04T17:34:36.373+09:00","level":"INFO","message":"Telegram Chat ID: "}
{"timestamp":"2025-09-04T17:34:36.373+09:00","level":"INFO","message":"=== Logging Configuration ==="}
{"timestamp":"2025-09-04T17:34:36.373+09:00","level":"INFO","message":"Log Level: info"}
{"timestamp":"2025-09-04T17:34:36.373+09:00","level":"INFO","message":"Log Format: json"}
{"timestamp":"2025-09-04T17:34:36.373+09:00","level":"INFO","message":"Log Directory: ./../../logs"}
{"timestamp":"2025-09-04T17:34:36.373+09:00","level":"INFO","message":"=== Crypto Configuration ==="}
{"timestamp":"2025-09-04T17:34:36.373+09:00","level":"INFO","message":"Crypto Passphrase: Y9@k****vR*c"}
{"timestamp":"2025-09-04T17:34:36.373+09:00","level":"INFO","message":"Crypto Seed: $p%n****(fg2"}
{"timestamp":"2025-09-04T17:34:36.373+09:00","level":"INFO","message":"Crypto Salt: vK8m****3sB8"}
{"timestamp":"2025-09-04T17:34:36.373+09:00","level":"INFO","message":"=== AWS Configuration ==="}
{"timestamp":"2025-09-04T17:34:36.373+09:00","level":"INFO","message":"AWS Secret ID: [NOT SET]"}
{"timestamp":"2025-09-04T17:34:36.373+09:00","level":"INFO","message":"AWS Key Alias: "}
{"timestamp":"2025-09-04T17:34:36.373+09:00","level":"INFO","message":"=== Configuration Loaded Successfully ==="}
{"timestamp":"2025-09-04T17:38:05.599+09:00","level":"INFO","message":"Log file rotated","log_path":"../logs/2025/09/04/app.log","date":"2025-09-04"}
{"timestamp":"2025-09-04T17:38:06.760+09:00","level":"INFO","message":"=== Server Configuration ==="}
{"timestamp":"2025-09-04T17:38:06.761+09:00","level":"INFO","message":"Server Host: localhost"}
{"timestamp":"2025-09-04T17:38:06.761+09:00","level":"INFO","message":"Server Port: 6214"}
{"timestamp":"2025-09-04T17:38:06.761+09:00","level":"INFO","message":"=== Configuration Loaded Successfully ==="}
{"timestamp":"2025-09-04T17:38:06.771+09:00","level":"INFO","message":"Starting HTTP server on port 6214"}
{"timestamp":"2025-09-04T17:38:11.083+09:00","level":"ERROR","message":"FilterLogs failed","error":{"StatusCode":429,"Status":"429 Too Many Requests","Body":"eyJjb2RlIjotMzIwMDUsIm1lc3NhZ2UiOiJUb28gTWFueSBSZXF1ZXN0cyIsImRhdGEiOnsic2VlIjoiaHR0cHM6Ly9pbmZ1cmEuaW8vZGFzaGJvYXJkIn19"},"fromBlock":9130548,"toBlock":9130549,"tokenAddresses":["0x1c7d4b196cb0c7b01d743fbc6116a902379c7238"]}
{"timestamp":"2025-09-04T17:38:11.083+09:00","level":"ERROR","message":"TraceMultyToken failed","error":{}}
{"timestamp":"2025-09-04T17:38:20.245+09:00","level":"ERROR","message":"HeaderByNumber failed","error":{"StatusCode":429,"Status":"429 Too Many Requests","Body":"eyJjb2RlIjotMzIwMDUsIm1lc3NhZ2UiOiJUb28gTWFueSBSZXF1ZXN0cyIsImRhdGEiOnsic2VlIjoiaHR0cHM6Ly9pbmZ1cmEuaW8vZGFzaGJvYXJkIn19"}}
{"timestamp":"2025-09-04T17:38:20.378+09:00","level":"ERROR","message":"FilterLogs failed","error":{"StatusCode":429,"Status":"429 Too Many Requests","Body":"eyJjb2RlIjotMzIwMDUsIm1lc3NhZ2UiOiJUb28gTWFueSBSZXF1ZXN0cyIsImRhdGEiOnsic2VlIjoiaHR0cHM6Ly9pbmZ1cmEuaW8vZGFzaGJvYXJkIn19"},"toBlock":9130550,"tokenAddresses":["0x1c7d4b196cb0c7b01d743fbc6116a902379c7238"],"fromBlock":9130549}
{"timestamp":"2025-09-04T17:38:20.379+09:00","level":"ERROR","message":"TraceMultyToken failed","error":{}}
{"timestamp":"2025-09-04T17:38:30.377+09:00","level":"ERROR","message":"FilterLogs failed","error":{"StatusCode":429,"Status":"429 Too Many Requests","Body":"eyJjb2RlIjotMzIwMDUsIm1lc3NhZ2UiOiJUb28gTWFueSBSZXF1ZXN0cyIsImRhdGEiOnsic2VlIjoiaHR0cHM6Ly9pbmZ1cmEuaW8vZGFzaGJvYXJkIn19"},"fromBlock":9130549,"toBlock":9130551,"tokenAddresses":["0x1c7d4b196cb0c7b01d743fbc6116a902379c7238"]}
{"timestamp":"2025-09-04T17:38:30.377+09:00","level":"ERROR","message":"TraceMultyToken failed","error":{}}
{"timestamp":"2025-09-04T17:39:10.566+09:00","level":"ERROR","message":"FilterLogs failed","error":{"StatusCode":429,"Status":"429 Too Many Requests","Body":"eyJjb2RlIjotMzIwMDUsIm1lc3NhZ2UiOiJUb28gTWFueSBSZXF1ZXN0cyIsImRhdGEiOnsic2VlIjoiaHR0cHM6Ly9pbmZ1cmEuaW8vZGFzaGJvYXJkIn19"},"tokenAddresses":["0x1c7d4b196cb0c7b01d743fbc6116a902379c7238"],"fromBlock":9130553,"toBlock":9130554}
{"timestamp":"2025-09-04T17:39:10.566+09:00","level":"ERROR","message":"TraceMultyToken failed","error":{}}
{"timestamp":"2025-09-04T17:40:10.874+09:00","level":"INFO","message":"Log file rotated","log_path":"../logs/2025/09/04/app.log","date":"2025-09-04"}
{"timestamp":"2025-09-04T17:40:12.067+09:00","level":"INFO","message":"=== Server Configuration ==="}
{"timestamp":"2025-09-04T17:40:12.067+09:00","level":"INFO","message":"Server Host: localhost"}
{"timestamp":"2025-09-04T17:40:12.068+09:00","level":"INFO","message":"Server Port: 6214"}
{"timestamp":"2025-09-04T17:40:12.068+09:00","level":"INFO","message":"=== Configuration Loaded Successfully ==="}
{"timestamp":"2025-09-04T17:40:12.078+09:00","level":"INFO","message":"Starting HTTP server on port 6214"}
{"timestamp":"2025-09-04T17:40:50.646+09:00","level":"ERROR","message":"FilterLogs failed","error":{"StatusCode":429,"Status":"429 Too Many Requests","Body":"eyJjb2RlIjotMzIwMDUsIm1lc3NhZ2UiOiJUb28gTWFueSBSZXF1ZXN0cyIsImRhdGEiOnsic2VlIjoiaHR0cHM6Ly9pbmZ1cmEuaW8vZGFzaGJvYXJkIn19"},"tokenAddresses":["0x1c7d4b196cb0c7b01d743fbc6116a902379c7238"],"fromBlock":9130562,"toBlock":9130563}
{"timestamp":"2025-09-04T17:40:50.646+09:00","level":"ERROR","message":"TraceMultyToken failed","error":{}}
{"timestamp":"2025-09-04T17:41:01.050+09:00","level":"INFO","request_id":"1756975261050959000","message":"Request started","method":"POST","path":"/send","content_length":525,"query":"","remote_addr":"127.0.0.1:58123","user_agent":"curl/8.7.1"}
{"timestamp":"2025-09-04T17:41:01.082+09:00","level":"WARNING","message":"Insufficient balance","user_id":25,"available":-10,"currency_id":35,"requested":10}
{"timestamp":"2025-09-04T17:41:01.082+09:00","level":"WARNING","request_id":"1756975261050959000","message":"Request completed","method":"POST","path":"/send","status":400,"duration_ms":31,"duration_ns":31815750,"size":33}
{"timestamp":"2025-09-04T17:41:10.243+09:00","level":"ERROR","message":"HeaderByNumber failed","error":{"StatusCode":429,"Status":"429 Too Many Requests","Body":"eyJjb2RlIjotMzIwMDUsIm1lc3NhZ2UiOiJUb28gTWFueSBSZXF1ZXN0cyIsImRhdGEiOnsic2VlIjoiaHR0cHM6Ly9pbmZ1cmEuaW8vZGFzaGJvYXJkIn19"}}
{"timestamp":"2025-09-04T17:41:30.469+09:00","level":"ERROR","message":"FilterLogs failed","error":{"StatusCode":429,"Status":"429 Too Many Requests","Body":"eyJjb2RlIjotMzIwMDUsIm1lc3NhZ2UiOiJUb28gTWFueSBSZXF1ZXN0cyIsImRhdGEiOnsic2VlIjoiaHR0cHM6Ly9pbmZ1cmEuaW8vZGFzaGJvYXJkIn19"},"toBlock":9130566,"tokenAddresses":["0x1c7d4b196cb0c7b01d743fbc6116a902379c7238"],"fromBlock":9130565}
{"timestamp":"2025-09-04T17:41:30.470+09:00","level":"ERROR","message":"TraceMultyToken failed","error":{}}
{"timestamp":"2025-09-04T17:41:30.472+09:00","level":"ERROR","message":"FilterLogs failed","error":{"StatusCode":429,"Status":"429 Too Many Requests","Body":"eyJjb2RlIjotMzIwMDUsIm1lc3NhZ2UiOiJUb28gTWFueSBSZXF1ZXN0cyIsImRhdGEiOnsic2VlIjoiaHR0cHM6Ly9pbmZ1cmEuaW8vZGFzaGJvYXJkIn19"},"fromBlock":9130565,"toBlock":9130566,"tokenAddresses":["0x1c7d4b196cb0c7b01d743fbc6116a902379c7238"]}
{"timestamp":"2025-09-04T17:41:30.473+09:00","level":"ERROR","message":"TraceMultyToken failed","error":{}}
{"timestamp":"2025-09-04T17:41:50.192+09:00","level":"ERROR","message":"HeaderByNumber failed","error":{"StatusCode":429,"Status":"429 Too Many Requests","Body":"eyJjb2RlIjotMzIwMDUsIm1lc3NhZ2UiOiJUb28gTWFueSBSZXF1ZXN0cyIsImRhdGEiOnsic2VlIjoiaHR0cHM6Ly9pbmZ1cmEuaW8vZGFzaGJvYXJkIn19"}}
{"timestamp":"2025-09-04T17:41:50.252+09:00","level":"ERROR","message":"HeaderByNumber failed","error":{"StatusCode":429,"Status":"429 Too Many Requests","Body":"eyJjb2RlIjotMzIwMDUsIm1lc3NhZ2UiOiJUb28gTWFueSBSZXF1ZXN0cyIsImRhdGEiOnsic2VlIjoiaHR0cHM6Ly9pbmZ1cmEuaW8vZGFzaGJvYXJkIn19"}}
{"timestamp":"2025-09-04T17:41:56.715+09:00","level":"INFO","request_id":"1756975316715270000","message":"Request started","method":"POST","path":"/send","query":"","remote_addr":"127.0.0.1:58141","user_agent":"curl/8.7.1","content_length":527}
{"timestamp":"2025-09-04T17:41:56.757+09:00","level":"INFO","message":"Withdraw history record created","to_address":"0xd2FC24e97474AD36C8D7eB0dF8e52A0cF1bFD1cf","amount":"10","memo":"","withdraw_id":67,"token":"USDC(Ethereum)"}
{"timestamp":"2025-09-04T17:41:57.994+09:00","level":"ERROR","message":"Failed to estimate gas","error":{"code":3,"message":"execution reverted: ERC20: transfer amount exceeds balance","data":"0x08c379a00000000000000000000000000000000000000000000000000000000000000020000000000000000000000000000000000000000000000000000000000000002645524332303a207472616e7366657220616d6f756e7420657863656564732062616c616e63650000000000000000000000000000000000000000000000000000"},"value":"0","chainID":"11155111","to":"0x1c7D4B196Cb0C7B01d743Fbc6116a902379C7238"}
{"timestamp":"2025-09-04T17:41:57.994+09:00","level":"ERROR","message":"sendTxWithMethod failed","error":{"code":3,"message":"execution reverted: ERC20: transfer amount exceeds balance","data":"0x08c379a00000000000000000000000000000000000000000000000000000000000000020000000000000000000000000000000000000000000000000000000000000002645524332303a207472616e7366657220616d6f756e7420657863656564732062616c616e63650000000000000000000000000000000000000000000000000000"},"gasLimit":0,"gasPrice":"","nonce":0,"amount":"0","params":["0xd2fc24e97474ad36c8d7eb0df8e52a0cf1bfd1cf",10],"to":"0x1c7D4B196Cb0C7B01d743Fbc6116a902379C7238","funcName":"transfer"}
{"timestamp":"2025-09-04T17:41:57.994+09:00","level":"ERROR","message":"AdminERC20Transfer failed","error":{"code":3,"message":"execution reverted: ERC20: transfer amount exceeds balance","data":"0x08c379a00000000000000000000000000000000000000000000000000000000000000020000000000000000000000000000000000000000000000000000000000000002645524332303a207472616e7366657220616d6f756e7420657863656564732062616c616e63650000000000000000000000000000000000000000000000000000"},"contract":"0x1c7D4B196Cb0C7B01d743Fbc6116a902379C7238","to":"0xd2FC24e97474AD36C8D7eB0dF8e52A0cF1bFD1cf","amountStr":"10"}
{"timestamp":"2025-09-04T17:41:57.994+09:00","level":"ERROR","message":"AdminERC20Transfer failed","error":{"code":3,"message":"execution reverted: ERC20: transfer amount exceeds balance","data":"0x08c379a00000000000000000000000000000000000000000000000000000000000000020000000000000000000000000000000000000000000000000000000000000002645524332303a207472616e7366657220616d6f756e7420657863656564732062616c616e63650000000000000000000000000000000000000000000000000000"},"memo":"","func":"EtherSend","token":"USDC(Ethereum)","toAddr":"0xd2FC24e97474AD36C8D7eB0dF8e52A0cF1bFD1cf","amountStr":"10"}
{"timestamp":"2025-09-04T17:41:58.007+09:00","level":"ERROR","message":"EtherSend failed","error":{"code":3,"message":"execution reverted: ERC20: transfer amount exceeds balance","data":"0x08c379a00000000000000000000000000000000000000000000000000000000000000020000000000000000000000000000000000000000000000000000000000000002645524332303a207472616e7366657220616d6f756e7420657863656564732062616c616e63650000000000000000000000000000000000000000000000000000"}}
{"timestamp":"2025-09-04T17:41:58.007+09:00","level":"ERROR","request_id":"1756975316715270000","message":"Request completed","method":"POST","path":"/send","status":500,"duration_ms":1292,"size":71,"duration_ns":1292045792}
{"timestamp":"2025-09-04T17:42:10.266+09:00","level":"ERROR","message":"HeaderByNumber failed","error":{"StatusCode":429,"Status":"429 Too Many Requests","Body":"eyJjb2RlIjotMzIwMDUsIm1lc3NhZ2UiOiJUb28gTWFueSBSZXF1ZXN0cyIsImRhdGEiOnsic2VlIjoiaHR0cHM6Ly9pbmZ1cmEuaW8vZGFzaGJvYXJkIn19"}}
{"timestamp":"2025-09-04T17:42:30.430+09:00","level":"ERROR","message":"FilterLogs failed","error":{"StatusCode":429,"Status":"429 Too Many Requests","Body":"eyJjb2RlIjotMzIwMDUsIm1lc3NhZ2UiOiJUb28gTWFueSBSZXF1ZXN0cyIsImRhdGEiOnsic2VlIjoiaHR0cHM6Ly9pbmZ1cmEuaW8vZGFzaGJvYXJkIn19"},"fromBlock":9130570,"toBlock":9130571,"tokenAddresses":["0x1c7d4b196cb0c7b01d743fbc6116a902379c7238"]}
{"timestamp":"2025-09-04T17:42:30.430+09:00","level":"ERROR","message":"TraceMultyToken failed","error":{}}
{"timestamp":"2025-09-04T17:42:30.444+09:00","level":"ERROR","message":"FilterLogs failed","error":{"StatusCode":429,"Status":"429 Too Many Requests","Body":"eyJjb2RlIjotMzIwMDUsIm1lc3NhZ2UiOiJUb28gTWFueSBSZXF1ZXN0cyIsImRhdGEiOnsic2VlIjoiaHR0cHM6Ly9pbmZ1cmEuaW8vZGFzaGJvYXJkIn19"},"fromBlock":9130570,"toBlock":9130571,"tokenAddresses":["0x1c7d4b196cb0c7b01d743fbc6116a902379c7238"]}
{"timestamp":"2025-09-04T17:42:30.444+09:00","level":"ERROR","message":"TraceMultyToken failed","error":{}}
{"timestamp":"2025-09-04T17:42:50.385+09:00","level":"ERROR","message":"FilterLogs failed","error":{"StatusCode":429,"Status":"429 Too Many Requests","Body":"eyJjb2RlIjotMzIwMDUsIm1lc3NhZ2UiOiJUb28gTWFueSBSZXF1ZXN0cyIsImRhdGEiOnsic2VlIjoiaHR0cHM6Ly9pbmZ1cmEuaW8vZGFzaGJvYXJkIn19"},"fromBlock":9130572,"toBlock":9130573,"tokenAddresses":["0x1c7d4b196cb0c7b01d743fbc6116a902379c7238"]}
{"timestamp":"2025-09-04T17:42:50.386+09:00","level":"ERROR","message":"TraceMultyToken failed","error":{}}
{"timestamp":"2025-09-04T17:52:10.755+09:00","level":"INFO","message":"Log file rotated","log_path":"../logs/2025/09/04/app.log","date":"2025-09-04"}
{"timestamp":"2025-09-04T17:52:11.913+09:00","level":"INFO","message":"=== Server Configuration ==="}
{"timestamp":"2025-09-04T17:52:11.913+09:00","level":"INFO","message":"Server Host: localhost"}
{"timestamp":"2025-09-04T17:52:11.913+09:00","level":"INFO","message":"Server Port: 6214"}
{"timestamp":"2025-09-04T17:52:11.913+09:00","level":"INFO","message":"=== Configuration Loaded Successfully ==="}
{"timestamp":"2025-09-04T17:52:11.925+09:00","level":"INFO","message":"Starting HTTP server on port 6214"}
{"timestamp":"2025-09-04T17:52:22.106+09:00","level":"INFO","request_id":"1756975942106054000","message":"Request started","method":"POST","path":"/collect","query":"","remote_addr":"127.0.0.1:58543","user_agent":"curl/8.7.1","content_length":278}
{"timestamp":"2025-09-04T17:52:22.917+09:00","level":"INFO","message":"ERC20 allowance fetched","contract":"0x1c7D4B196Cb0C7B01d743Fbc6116a902379C7238","allowance":"999999800000000"}
{"timestamp":"2025-09-04T17:52:23.291+09:00","level":"INFO","message":"ERC20 balance fetched","address":"0xd2FC24e97474AD36C8D7eB0dF8e52A0cF1bFD1cf","balance":"0","decimal":0,"amtStr":"0","contract":"0x1c7D4B196Cb0C7B01d743Fbc6116a902379C7238"}
{"timestamp":"2025-09-04T17:52:23.291+09:00","level":"WARNING","message":"not sended balance less than 10","email":"test@gmail.com","token":"USDC(Ethereum)"}
{"timestamp":"2025-09-04T17:52:23.291+09:00","level":"INFO","request_id":"1756975942106054000","message":"Request completed","method":"POST","path":"/collect","status":200,"duration_ms":1185,"duration_ns":1185887834,"size":0}
{"timestamp":"2025-09-04T17:52:23.291+09:00","level":"ERROR","request_id":"1756975942106054000","message":"Request error occurred","error":"not sended balance less then 1(0)"}
{"timestamp":"2025-09-04T17:52:36.677+09:00","level":"INFO","request_id":"1756975956677299000","message":"Request started","method":"POST","path":"/collect","content_length":280,"query":"","remote_addr":"127.0.0.1:58560","user_agent":"curl/8.7.1"}
{"timestamp":"2025-09-04T17:52:37.199+09:00","level":"INFO","message":"ERC20 allowance fetched","contract":"0x1c7D4B196Cb0C7B01d743Fbc6116a902379C7238","allowance":"999999950000000"}
{"timestamp":"2025-09-04T17:52:37.567+09:00","level":"INFO","message":"ERC20 balance fetched","amtStr":"10000000","contract":"0x1c7D4B196Cb0C7B01d743Fbc6116a902379C7238","address":"0x8425e0D93943c1cc22890C6A08041B933fa994db","balance":"10000000","decimal":0}
{"timestamp":"2025-09-04T17:52:37.937+09:00","level":"INFO","message":"ERC20 balance fetched","decimal":0,"amtStr":"0","contract":"0x1c7D4B196Cb0C7B01d743Fbc6116a902379C7238","address":"0xD506eBd8C37E2052Db940427534EDB49d71E4f20","balance":"0"}
{"timestamp":"2025-09-04T17:52:38.314+09:00","level":"INFO","message":"Sending transaction","toAddr":"0x1c7D4B196Cb0C7B01d743Fbc6116a902379C7238","gasLimit":69758,"chainID":"11155111","value":"0","to":"0x1c7D4B196Cb0C7B01d743Fbc6116a902379C7238","gasPrice":"101910474","nonce":54,"toValue":"0","data":"23b872dd0000000000000000000000008425e0d93943c1cc22890c6a08041b933fa994db000000000000000000000000d506ebd8c37e2052db940427534edb49d71e4f200000000000000000000000000000000000000000000000000000000000989680"}
{"timestamp":"2025-09-04T17:52:38.314+09:00","level":"INFO","message":"Transaction signed","value":"0","chainID":"11155111","signer":"0xD506eBd8C37E2052Db940427534EDB49d71E4f20","txHash":"0x43f9d95f847aa52d537de34ab37b15eb48eb266c240cd99d6d2b749e9389cc21","to":"0x1c7D4B196Cb0C7B01d743Fbc6116a902379C7238"}
{"timestamp":"2025-09-04T17:52:49.518+09:00","level":"INFO","message":"Transaction confirmed","txHash":"0x43f9d95f847aa52d537de34ab37b15eb48eb266c240cd99d6d2b749e9389cc21","value":"0","chainID":"11155111","to":"0x1c7D4B196Cb0C7B01d743Fbc6116a902379C7238"}
{"timestamp":"2025-09-04T17:52:49.518+09:00","level":"INFO","message":"sendTxWithMethod succeeded","amount":"0","params":["0x8425e0d93943c1cc22890c6a08041b933fa994db","0xd506ebd8c37e2052db940427534edb49d71e4f20",10000000],"to":"0x1c7D4B196Cb0C7B01d743Fbc6116a902379C7238","txHash":"0x43f9d95f847aa52d537de34ab37b15eb48eb266c240cd99d6d2b749e9389cc21","funcName":"transferFrom","gasLimit":0,"gasPrice":"101910474","nonce":0}
{"timestamp":"2025-09-04T17:52:49.518+09:00","level":"INFO","message":"ERC20TransferFromToAdmin succeeded","amount":"10000000","gasLimit":0,"gasPrice":101910474,"txHash":"0x43f9d95f847aa52d537de34ab37b15eb48eb266c240cd99d6d2b749e9389cc21","contract":"0x1c7D4B196Cb0C7B01d743Fbc6116a902379C7238"}
{"timestamp":"2025-09-04T17:52:50.706+09:00","level":"INFO","message":"ERC20 balance fetched","balance":"10000000","decimal":0,"amtStr":"10000000","contract":"0x1c7D4B196Cb0C7B01d743Fbc6116a902379C7238","address":"0xD506eBd8C37E2052Db940427534EDB49d71E4f20"}
{"timestamp":"2025-09-04T17:52:50.706+09:00","level":"INFO","message":"EtherCollect succeeded","token":"USDC(Ethereum)","email":"dustin@gmail.com","erc20Balance":"10000000"}
{"timestamp":"2025-09-04T17:52:50.706+09:00","level":"INFO","request_id":"1756975956677299000","message":"Request completed","method":"POST","path":"/collect","status":200,"duration_ms":14029,"size":8,"duration_ns":14029349792}
{"timestamp":"2025-09-04T17:54:15.183+09:00","level":"INFO","request_id":"1756976055183719000","message":"Request started","method":"POST","path":"/send","query":"","remote_addr":"127.0.0.1:58575","user_agent":"curl/8.7.1","content_length":527}
{"timestamp":"2025-09-04T17:54:15.206+09:00","level":"WARNING","message":"Insufficient balance","user_id":27,"requested":10,"available":0,"currency_id":35}
{"timestamp":"2025-09-04T17:54:15.206+09:00","level":"WARNING","request_id":"1756976055183719000","message":"Request completed","method":"POST","path":"/send","status":400,"duration_ms":22,"duration_ns":22887250,"size":33}
{"timestamp":"2025-09-04T17:54:28.433+09:00","level":"INFO","request_id":"1756976068433328000","message":"Request started","method":"POST","path":"/send","user_agent":"curl/8.7.1","content_length":527,"query":"","remote_addr":"127.0.0.1:58577"}
{"timestamp":"2025-09-04T17:54:28.461+09:00","level":"INFO","message":"Withdraw history record created","withdraw_id":68,"token":"USDC(Ethereum)","to_address":"0xd2FC24e97474AD36C8D7eB0dF8e52A0cF1bFD1cf","amount":"10","memo":""}
{"timestamp":"2025-09-04T17:54:29.329+09:00","level":"INFO","message":"Sending transaction","toValue":"0","value":"0","chainID":"11155111","to":"0x1c7D4B196Cb0C7B01d743Fbc6116a902379C7238","toAddr":"0x1c7D4B196Cb0C7B01d743Fbc6116a902379C7238","gasPrice":"75453441","data":"a9059cbb000000000000000000000000d2fc24e97474ad36c8d7eb0df8e52a0cf1bfd1cf000000000000000000000000000000000000000000000000000000000000000a","nonce":55,"gasLimit":62964}
{"timestamp":"2025-09-04T17:54:29.330+09:00","level":"INFO","message":"Transaction signed","signer":"0xD506eBd8C37E2052Db940427534EDB49d71E4f20","txHash":"0xd38a2a925f3f55d68ca17cd9db83b7fcbd4a4f149da7ebf35cbef220409a7efa","value":"0","chainID":"11155111","to":"0x1c7D4B196Cb0C7B01d743Fbc6116a902379C7238"}
{"timestamp":"2025-09-04T17:54:49.061+09:00","level":"INFO","message":"Transaction confirmed","value":"0","chainID":"11155111","to":"0x1c7D4B196Cb0C7B01d743Fbc6116a902379C7238","txHash":"0xd38a2a925f3f55d68ca17cd9db83b7fcbd4a4f149da7ebf35cbef220409a7efa"}
{"timestamp":"2025-09-04T17:54:49.061+09:00","level":"INFO","message":"sendTxWithMethod succeeded","params":["0xd2fc24e97474ad36c8d7eb0df8e52a0cf1bfd1cf",10],"to":"0x1c7D4B196Cb0C7B01d743Fbc6116a902379C7238","funcName":"transfer","gasLimit":0,"gasPrice":"","nonce":0,"txHash":"0xd38a2a925f3f55d68ca17cd9db83b7fcbd4a4f149da7ebf35cbef220409a7efa","amount":"0"}
{"timestamp":"2025-09-04T17:54:49.061+09:00","level":"INFO","message":"AdminERC20Transfer succeeded","txHash":"0xd38a2a925f3f55d68ca17cd9db83b7fcbd4a4f149da7ebf35cbef220409a7efa","contract":"0x1c7D4B196Cb0C7B01d743Fbc6116a902379C7238","to":"0xd2FC24e97474AD36C8D7eB0dF8e52A0cF1bFD1cf","amountStr":"10"}
{"timestamp":"2025-09-04T17:54:49.062+09:00","level":"INFO","message":"EtherSend succeeded","toAddr":"0xd2FC24e97474AD36C8D7eB0dF8e52A0cF1bFD1cf","amountStr":"10","memo":"","func":"EtherSend","token":"USDC(Ethereum)","txhash":"0xd38a2a925f3f55d68ca17cd9db83b7fcbd4a4f149da7ebf35cbef220409a7efa","amount":"10"}
{"timestamp":"2025-09-04T17:54:49.080+09:00","level":"INFO","message":"EtherSend completed successfully","tx_hash":"0xd38a2a925f3f55d68ca17cd9db83b7fcbd4a4f149da7ebf35cbef220409a7efa","amount":"10","withdraw_id":68}
{"timestamp":"2025-09-04T17:54:49.093+09:00","level":"INFO","message":"Successfully updated user_balance after withdrawal","user_id":26,"account_id":"0xd2FC24e97474AD36C8D7eB0dF8e52A0cF1bFD1cf","currency_id":35,"amount":"10","rows_affected":1}
{"timestamp":"2025-09-04T17:54:49.093+09:00","level":"INFO","request_id":"1756976068433328000","message":"Request completed","method":"POST","path":"/send","status":200,"duration_ms":20659,"duration_ns":20659378166,"size":142}
{"timestamp":"2025-09-04T17:56:21.588+09:00","level":"INFO","message":"ERC20 allowance fetched","contract":"0x1c7D4B196Cb0C7B01d743Fbc6116a902379C7238","allowance":"999999800000000"}
{"timestamp":"2025-09-04T17:56:21.960+09:00","level":"INFO","message":"ERC20 balance fetched","address":"0xd2FC24e97474AD36C8D7eB0dF8e52A0cF1bFD1cf","balance":"10","decimal":0,"amtStr":"10","contract":"0x1c7D4B196Cb0C7B01d743Fbc6116a902379C7238"}
{"timestamp":"2025-09-04T17:56:22.335+09:00","level":"INFO","message":"ERC20 balance fetched","address":"0xD506eBd8C37E2052Db940427534EDB49d71E4f20","amtStr":"9999990","balance":"9999990","decimal":0,"contract":"0x1c7D4B196Cb0C7B01d743Fbc6116a902379C7238"}
{"timestamp":"2025-09-04T17:56:22.711+09:00","level":"INFO","message":"Sending transaction","chainID":"11155111","to":"0x1c7D4B196Cb0C7B01d743Fbc6116a902379C7238","toAddr":"0x1c7D4B196Cb0C7B01d743Fbc6116a902379C7238","data":"23b872dd000000000000000000000000d2fc24e97474ad36c8d7eb0df8e52a0cf1bfd1cf000000000000000000000000d506ebd8c37e2052db940427534edb49d71e4f20000000000000000000000000000000000000000000000000000000000000000a","gasLimit":51933,"toValue":"0","value":"0","nonce":56,"gasPrice":"117391296"}
{"timestamp":"2025-09-04T17:56:22.711+09:00","level":"INFO","message":"Transaction signed","txHash":"0x067e9bcfbd4312c0369c5fd1823c4486db5a0cb9273fe9e3f6d4756c738fd514","to":"0x1c7D4B196Cb0C7B01d743Fbc6116a902379C7238","value":"0","chainID":"11155111","signer":"0xD506eBd8C37E2052Db940427534EDB49d71E4f20"}
{"timestamp":"2025-09-04T17:56:37.518+09:00","level":"INFO","message":"Transaction confirmed","chainID":"11155111","txHash":"0x067e9bcfbd4312c0369c5fd1823c4486db5a0cb9273fe9e3f6d4756c738fd514","to":"0x1c7D4B196Cb0C7B01d743Fbc6116a902379C7238","value":"0"}
{"timestamp":"2025-09-04T17:56:37.518+09:00","level":"INFO","message":"sendTxWithMethod succeeded","params":["0xd2fc24e97474ad36c8d7eb0df8e52a0cf1bfd1cf","0xd506ebd8c37e2052db940427534edb49d71e4f20",10],"to":"0x1c7D4B196Cb0C7B01d743Fbc6116a902379C7238","funcName":"transferFrom","txHash":"0x067e9bcfbd4312c0369c5fd1823c4486db5a0cb9273fe9e3f6d4756c738fd514","gasLimit":0,"gasPrice":"117391296","nonce":0,"amount":"0"}
{"timestamp":"2025-09-04T17:56:37.518+09:00","level":"INFO","message":"ERC20TransferFromToAdmin succeeded","gasLimit":0,"gasPrice":117391296,"txHash":"0x067e9bcfbd4312c0369c5fd1823c4486db5a0cb9273fe9e3f6d4756c738fd514","contract":"0x1c7D4B196Cb0C7B01d743Fbc6116a902379C7238","amount":"10"}
{"timestamp":"2025-09-04T17:56:38.704+09:00","level":"INFO","message":"ERC20 balance fetched","balance":"10000000","decimal":0,"address":"0xD506eBd8C37E2052Db940427534EDB49d71E4f20","contract":"0x1c7D4B196Cb0C7B01d743Fbc6116a902379C7238","amtStr":"10000000"}
{"timestamp":"2025-09-04T17:56:38.704+09:00","level":"INFO","message":"EtherCollect succeeded","token":"USDC(Ethereum)","email":"test@gmail.com","erc20Balance":"10"}
{"timestamp":"2025-09-04T17:56:39.193+09:00","level":"INFO","message":"ERC20 allowance fetched","contract":"0x1c7D4B196Cb0C7B01d743Fbc6116a902379C7238","allowance":"999999799999990"}
{"timestamp":"2025-09-04T17:56:39.570+09:00","level":"INFO","message":"ERC20 balance fetched","amtStr":"0","address":"0xd2FC24e97474AD36C8D7eB0dF8e52A0cF1bFD1cf","contract":"0x1c7D4B196Cb0C7B01d743Fbc6116a902379C7238","balance":"0","decimal":0}
{"timestamp":"2025-09-04T17:56:39.570+09:00","level":"WARNING","message":"not sended balance less than 10","token":"USDC(Ethereum)","email":"test@gmail.com"}
{"timestamp":"2025-09-04T17:56:39.865+09:00","level":"INFO","message":"ERC20 allowance fetched","contract":"0x1c7D4B196Cb0C7B01d743Fbc6116a902379C7238","allowance":"999999799999990"}
{"timestamp":"2025-09-04T17:56:40.243+09:00","level":"INFO","message":"ERC20 balance fetched","decimal":0,"contract":"0x1c7D4B196Cb0C7B01d743Fbc6116a902379C7238","address":"0xd2FC24e97474AD36C8D7eB0dF8e52A0cF1bFD1cf","amtStr":"0","balance":"0"}
{"timestamp":"2025-09-04T17:56:40.243+09:00","level":"WARNING","message":"not sended balance less than 10","email":"test@gmail.com","token":"USDC(Ethereum)"}
{"timestamp":"2025-09-04T18:20:01.226+09:00","level":"INFO","message":"Log file rotated","log_path":"../logs/2025/09/04/app.log","date":"2025-09-04"}
{"timestamp":"2025-09-04T18:20:02.376+09:00","level":"INFO","message":"=== Server Configuration ==="}
{"timestamp":"2025-09-04T18:20:02.376+09:00","level":"INFO","message":"Server Host: localhost"}
{"timestamp":"2025-09-04T18:20:02.376+09:00","level":"INFO","message":"Server Port: 6214"}
{"timestamp":"2025-09-04T18:20:02.376+09:00","level":"INFO","message":"=== Configuration Loaded Successfully ==="}
{"timestamp":"2025-09-04T18:20:02.386+09:00","level":"INFO","message":"Starting HTTP server on port 6214"}
{"timestamp":"2025-09-04T18:21:10.820+09:00","level":"INFO","request_id":"1756977670820770000","message":"Request started","method":"POST","path":"/send","remote_addr":"127.0.0.1:59036","user_agent":"curl/8.7.1","content_length":527,"query":""}
{"timestamp":"2025-09-04T18:21:10.864+09:00","level":"INFO","message":"Withdraw history record created","to_address":"0xd2FC24e97474AD36C8D7eB0dF8e52A0cF1bFD1cf","amount":"10","memo":"","withdraw_id":69,"token":"USDC(Ethereum)"}
{"timestamp":"2025-09-04T18:21:12.035+09:00","level":"INFO","message":"Sending transaction","nonce":57,"chainID":"11155111","gasPrice":"3135535110","value":"0","gasLimit":62964,"toAddr":"0x1c7D4B196Cb0C7B01d743Fbc6116a902379C7238","toValue":"0","data":"a9059cbb000000000000000000000000d2fc24e97474ad36c8d7eb0df8e52a0cf1bfd1cf000000000000000000000000000000000000000000000000000000000000000a","to":"0x1c7D4B196Cb0C7B01d743Fbc6116a902379C7238"}
{"timestamp":"2025-09-04T18:21:12.036+09:00","level":"INFO","message":"Transaction signed","to":"0x1c7D4B196Cb0C7B01d743Fbc6116a902379C7238","value":"0","signer":"0xD506eBd8C37E2052Db940427534EDB49d71E4f20","txHash":"0x62da1d10a6dc75e66e93a736cd900e81b5203fb2841aaa9654bf0372c9f66702","chainID":"11155111"}
{"timestamp":"2025-09-04T18:21:25.625+09:00","level":"INFO","message":"Transaction confirmed","to":"0x1c7D4B196Cb0C7B01d743Fbc6116a902379C7238","value":"0","chainID":"11155111","txHash":"0x62da1d10a6dc75e66e93a736cd900e81b5203fb2841aaa9654bf0372c9f66702"}
{"timestamp":"2025-09-04T18:21:25.626+09:00","level":"INFO","message":"sendTxWithMethod succeeded","txHash":"0x62da1d10a6dc75e66e93a736cd900e81b5203fb2841aaa9654bf0372c9f66702","params":["0xd2fc24e97474ad36c8d7eb0df8e52a0cf1bfd1cf",10],"to":"0x1c7D4B196Cb0C7B01d743Fbc6116a902379C7238","funcName":"transfer","gasLimit":0,"gasPrice":"","nonce":0,"amount":"0"}
{"timestamp":"2025-09-04T18:21:25.626+09:00","level":"INFO","message":"AdminERC20Transfer succeeded","contract":"0x1c7D4B196Cb0C7B01d743Fbc6116a902379C7238","to":"0xd2FC24e97474AD36C8D7eB0dF8e52A0cF1bFD1cf","amountStr":"10","txHash":"0x62da1d10a6dc75e66e93a736cd900e81b5203fb2841aaa9654bf0372c9f66702"}
{"timestamp":"2025-09-04T18:21:25.626+09:00","level":"INFO","message":"EtherSend succeeded","memo":"","func":"EtherSend","token":"USDC(Ethereum)","toAddr":"0xd2FC24e97474AD36C8D7eB0dF8e52A0cF1bFD1cf","amountStr":"10","txhash":"0x62da1d10a6dc75e66e93a736cd900e81b5203fb2841aaa9654bf0372c9f66702","amount":"10"}
{"timestamp":"2025-09-04T18:21:25.639+09:00","level":"INFO","message":"EtherSend completed successfully","tx_hash":"0x62da1d10a6dc75e66e93a736cd900e81b5203fb2841aaa9654bf0372c9f66702","amount":"10","withdraw_id":69}
{"timestamp":"2025-09-04T18:21:25.650+09:00","level":"INFO","message":"Successfully updated user_balance after withdrawal","user_id":26,"account_id":"0xd2FC24e97474AD36C8D7eB0dF8e52A0cF1bFD1cf","currency_id":35,"amount":"10","rows_affected":1}
{"timestamp":"2025-09-04T18:21:25.650+09:00","level":"INFO","request_id":"1756977670820770000","message":"Request completed","method":"POST","path":"/send","status":200,"duration_ms":14829,"duration_ns":14829332042,"size":142}
{"timestamp":"2025-09-04T18:22:41.598+09:00","level":"INFO","message":"ERC20 allowance fetched","allowance":"999999799999990","contract":"0x1c7D4B196Cb0C7B01d743Fbc6116a902379C7238"}
{"timestamp":"2025-09-04T18:22:41.969+09:00","level":"INFO","message":"ERC20 balance fetched","decimal":0,"amtStr":"10","address":"0xd2FC24e97474AD36C8D7eB0dF8e52A0cF1bFD1cf","contract":"0x1c7D4B196Cb0C7B01d743Fbc6116a902379C7238","balance":"10"}
{"timestamp":"2025-09-04T18:22:42.339+09:00","level":"INFO","message":"ERC20 balance fetched","balance":"9999990","decimal":0,"amtStr":"9999990","contract":"0x1c7D4B196Cb0C7B01d743Fbc6116a902379C7238","address":"0xD506eBd8C37E2052Db940427534EDB49d71E4f20"}
{"timestamp":"2025-09-04T18:22:42.711+09:00","level":"INFO","message":"Sending transaction","chainID":"11155111","toAddr":"0x1c7D4B196Cb0C7B01d743Fbc6116a902379C7238","nonce":58,"gasLimit":51933,"gasPrice":"4019493768","to":"0x1c7D4B196Cb0C7B01d743Fbc6116a902379C7238","toValue":"0","data":"23b872dd000000000000000000000000d2fc24e97474ad36c8d7eb0df8e52a0cf1bfd1cf000000000000000000000000d506ebd8c37e2052db940427534edb49d71e4f20000000000000000000000000000000000000000000000000000000000000000a","value":"0"}
{"timestamp":"2025-09-04T18:22:42.711+09:00","level":"INFO","message":"Transaction signed","value":"0","chainID":"11155111","txHash":"0x52a1d6a682fec635ae38f3621627cdaf5afa94da280513d7515f0d9b13eb7cba","signer":"0xD506eBd8C37E2052Db940427534EDB49d71E4f20","to":"0x1c7D4B196Cb0C7B01d743Fbc6116a902379C7238"}
{"timestamp":"2025-09-04T18:22:50.302+09:00","level":"INFO","message":"Transaction confirmed","to":"0x1c7D4B196Cb0C7B01d743Fbc6116a902379C7238","txHash":"0x52a1d6a682fec635ae38f3621627cdaf5afa94da280513d7515f0d9b13eb7cba","value":"0","chainID":"11155111"}
{"timestamp":"2025-09-04T18:22:50.302+09:00","level":"INFO","message":"sendTxWithMethod succeeded","gasPrice":"4019493768","nonce":0,"amount":"0","params":["0xd2fc24e97474ad36c8d7eb0df8e52a0cf1bfd1cf","0xd506ebd8c37e2052db940427534edb49d71e4f20",10],"txHash":"0x52a1d6a682fec635ae38f3621627cdaf5afa94da280513d7515f0d9b13eb7cba","to":"0x1c7D4B196Cb0C7B01d743Fbc6116a902379C7238","funcName":"transferFrom","gasLimit":0}
{"timestamp":"2025-09-04T18:22:50.302+09:00","level":"INFO","message":"ERC20TransferFromToAdmin succeeded","txHash":"0x52a1d6a682fec635ae38f3621627cdaf5afa94da280513d7515f0d9b13eb7cba","gasLimit":0,"gasPrice":4019493768,"contract":"0x1c7D4B196Cb0C7B01d743Fbc6116a902379C7238","amount":"10"}
{"timestamp":"2025-09-04T18:22:51.486+09:00","level":"INFO","message":"ERC20 balance fetched","balance":"10000000","decimal":0,"amtStr":"10000000","contract":"0x1c7D4B196Cb0C7B01d743Fbc6116a902379C7238","address":"0xD506eBd8C37E2052Db940427534EDB49d71E4f20"}
{"timestamp":"2025-09-04T18:22:51.486+09:00","level":"INFO","message":"EtherCollect succeeded","erc20Balance":"10","email":"test@gmail.com","token":"USDC(Ethereum)"}
{"timestamp":"2025-09-04T18:22:51.943+09:00","level":"INFO","message":"ERC20 allowance fetched","allowance":"999999799999980","contract":"0x1c7D4B196Cb0C7B01d743Fbc6116a902379C7238"}
{"timestamp":"2025-09-04T18:22:52.313+09:00","level":"INFO","message":"ERC20 balance fetched","address":"0xd2FC24e97474AD36C8D7eB0dF8e52A0cF1bFD1cf","contract":"0x1c7D4B196Cb0C7B01d743Fbc6116a902379C7238","balance":"0","decimal":0,"amtStr":"0"}
{"timestamp":"2025-09-04T18:22:52.313+09:00","level":"WARNING","message":"not sended balance less than 10","token":"USDC(Ethereum)","email":"test@gmail.com"}
{"timestamp":"2025-09-04T18:22:52.585+09:00","level":"INFO","message":"ERC20 allowance fetched","contract":"0x1c7D4B196Cb0C7B01d743Fbc6116a902379C7238","allowance":"999999799999980"}
{"timestamp":"2025-09-04T18:22:52.951+09:00","level":"INFO","message":"ERC20 balance fetched","address":"0xd2FC24e97474AD36C8D7eB0dF8e52A0cF1bFD1cf","balance":"0","decimal":0,"amtStr":"0","contract":"0x1c7D4B196Cb0C7B01d743Fbc6116a902379C7238"}
{"timestamp":"2025-09-04T18:22:52.951+09:00","level":"WARNING","message":"not sended balance less than 10","email":"test@gmail.com","token":"USDC(Ethereum)"}
{"timestamp":"2025-09-04T18:26:31.656+09:00","level":"INFO","message":"Log file rotated","log_path":"../logs/2025/09/04/app.log","date":"2025-09-04"}
{"timestamp":"2025-09-04T18:26:32.798+09:00","level":"INFO","message":"=== Server Configuration ==="}
{"timestamp":"2025-09-04T18:26:32.798+09:00","level":"INFO","message":"Server Host: localhost"}
{"timestamp":"2025-09-04T18:26:32.798+09:00","level":"INFO","message":"Server Port: 6214"}
{"timestamp":"2025-09-04T18:26:32.798+09:00","level":"INFO","message":"=== Configuration Loaded Successfully ==="}
{"timestamp":"2025-09-04T18:26:32.807+09:00","level":"INFO","message":"Starting HTTP server on port 6214"}
{"timestamp":"2025-09-04T18:27:19.141+09:00","level":"INFO","request_id":"1756978039141486000","message":"Request started","method":"POST","path":"/send","content_length":527,"query":"","remote_addr":"127.0.0.1:59170","user_agent":"curl/8.7.1"}
{"timestamp":"2025-09-04T18:27:19.183+09:00","level":"INFO","message":"Withdraw history record created","memo":"","withdraw_id":70,"token":"USDC(Ethereum)","to_address":"0xd2FC24e97474AD36C8D7eB0dF8e52A0cF1bFD1cf","amount":"10"}
{"timestamp":"2025-09-04T18:27:20.418+09:00","level":"INFO","message":"Sending transaction","chainID":"11155111","data":"a9059cbb000000000000000000000000d2fc24e97474ad36c8d7eb0df8e52a0cf1bfd1cf000000000000000000000000000000000000000000000000000000000000000a","value":"0","toAddr":"0x1c7D4B196Cb0C7B01d743Fbc6116a902379C7238","toValue":"0","gasLimit":62964,"nonce":59,"gasPrice":"2195932338","to":"0x1c7D4B196Cb0C7B01d743Fbc6116a902379C7238"}
{"timestamp":"2025-09-04T18:27:20.418+09:00","level":"INFO","message":"Transaction signed","txHash":"0x9aa015dbb1b108800fbc2d049757c2c24dffbf38c89fa9ebe8bce0cf38198df9","to":"0x1c7D4B196Cb0C7B01d743Fbc6116a902379C7238","value":"0","chainID":"11155111","signer":"0xD506eBd8C37E2052Db940427534EDB49d71E4f20"}
{"timestamp":"2025-09-04T18:27:25.632+09:00","level":"INFO","message":"Transaction confirmed","value":"0","chainID":"11155111","txHash":"0x9aa015dbb1b108800fbc2d049757c2c24dffbf38c89fa9ebe8bce0cf38198df9","to":"0x1c7D4B196Cb0C7B01d743Fbc6116a902379C7238"}
{"timestamp":"2025-09-04T18:27:25.632+09:00","level":"INFO","message":"sendTxWithMethod succeeded","params":["0xd2fc24e97474ad36c8d7eb0df8e52a0cf1bfd1cf",10],"to":"0x1c7D4B196Cb0C7B01d743Fbc6116a902379C7238","txHash":"0x9aa015dbb1b108800fbc2d049757c2c24dffbf38c89fa9ebe8bce0cf38198df9","funcName":"transfer","gasLimit":0,"gasPrice":"","nonce":0,"amount":"0"}
{"timestamp":"2025-09-04T18:27:25.632+09:00","level":"INFO","message":"AdminERC20Transfer succeeded","to":"0xd2FC24e97474AD36C8D7eB0dF8e52A0cF1bFD1cf","amountStr":"10","txHash":"0x9aa015dbb1b108800fbc2d049757c2c24dffbf38c89fa9ebe8bce0cf38198df9","contract":"0x1c7D4B196Cb0C7B01d743Fbc6116a902379C7238"}
{"timestamp":"2025-09-04T18:27:25.632+09:00","level":"INFO","message":"EtherSend succeeded","txhash":"0x9aa015dbb1b108800fbc2d049757c2c24dffbf38c89fa9ebe8bce0cf38198df9","amount":"10","amountStr":"10","memo":"","func":"EtherSend","token":"USDC(Ethereum)","toAddr":"0xd2FC24e97474AD36C8D7eB0dF8e52A0cF1bFD1cf"}
{"timestamp":"2025-09-04T18:27:25.645+09:00","level":"INFO","message":"EtherSend completed successfully","amount":"10","withdraw_id":70,"tx_hash":"0x9aa015dbb1b108800fbc2d049757c2c24dffbf38c89fa9ebe8bce0cf38198df9"}
{"timestamp":"2025-09-04T18:27:25.657+09:00","level":"INFO","message":"Successfully updated user_balance after withdrawal","user_id":26,"account_id":"0xd2FC24e97474AD36C8D7eB0dF8e52A0cF1bFD1cf","currency_id":35,"amount":"10","rows_affected":1}
{"timestamp":"2025-09-04T18:27:25.657+09:00","level":"INFO","request_id":"1756978039141486000","message":"Request completed","method":"POST","path":"/send","status":200,"duration_ms":6516,"duration_ns":6516110625,"size":142}
{"timestamp":"2025-09-04T18:28:41.587+09:00","level":"INFO","message":"ERC20 allowance fetched","contract":"0x1c7D4B196Cb0C7B01d743Fbc6116a902379C7238","allowance":"999999799999980"}
{"timestamp":"2025-09-04T18:28:41.972+09:00","level":"INFO","message":"ERC20 balance fetched","balance":"10","decimal":0,"amtStr":"10","contract":"0x1c7D4B196Cb0C7B01d743Fbc6116a902379C7238","address":"0xd2FC24e97474AD36C8D7eB0dF8e52A0cF1bFD1cf"}
{"timestamp":"2025-09-04T18:28:42.369+09:00","level":"INFO","message":"ERC20 balance fetched","address":"0xD506eBd8C37E2052Db940427534EDB49d71E4f20","contract":"0x1c7D4B196Cb0C7B01d743Fbc6116a902379C7238","balance":"9999990","decimal":0,"amtStr":"9999990"}
{"timestamp":"2025-09-04T18:28:42.758+09:00","level":"INFO","message":"Sending transaction","toValue":"0","data":"23b872dd000000000000000000000000d2fc24e97474ad36c8d7eb0df8e52a0cf1bfd1cf000000000000000000000000d506ebd8c37e2052db940427534edb49d71e4f20000000000000000000000000000000000000000000000000000000000000000a","to":"0x1c7D4B196Cb0C7B01d743Fbc6116a902379C7238","chainID":"11155111","gasLimit":51933,"gasPrice":"2998859317","value":"0","toAddr":"0x1c7D4B196Cb0C7B01d743Fbc6116a902379C7238","nonce":60}
{"timestamp":"2025-09-04T18:28:42.758+09:00","level":"INFO","message":"Transaction signed","to":"0x1c7D4B196Cb0C7B01d743Fbc6116a902379C7238","signer":"0xD506eBd8C37E2052Db940427534EDB49d71E4f20","txHash":"0x86c05c53166fa8889610c7e2852cfad61047b36b353b23e8bf13c7072d118373","value":"0","chainID":"11155111"}
{"timestamp":"2025-09-04T18:28:50.395+09:00","level":"INFO","message":"Transaction confirmed","chainID":"11155111","to":"0x1c7D4B196Cb0C7B01d743Fbc6116a902379C7238","value":"0","txHash":"0x86c05c53166fa8889610c7e2852cfad61047b36b353b23e8bf13c7072d118373"}
{"timestamp":"2025-09-04T18:28:50.395+09:00","level":"INFO","message":"sendTxWithMethod succeeded","txHash":"0x86c05c53166fa8889610c7e2852cfad61047b36b353b23e8bf13c7072d118373","to":"0x1c7D4B196Cb0C7B01d743Fbc6116a902379C7238","funcName":"transferFrom","gasLimit":0,"gasPrice":"2998859317","nonce":0,"amount":"0","params":["0xd2fc24e97474ad36c8d7eb0df8e52a0cf1bfd1cf","0xd506ebd8c37e2052db940427534edb49d71e4f20",10]}
{"timestamp":"2025-09-04T18:28:50.395+09:00","level":"INFO","message":"ERC20TransferFromToAdmin succeeded","gasLimit":0,"txHash":"0x86c05c53166fa8889610c7e2852cfad61047b36b353b23e8bf13c7072d118373","gasPrice":2998859317,"contract":"0x1c7D4B196Cb0C7B01d743Fbc6116a902379C7238","amount":"10"}
{"timestamp":"2025-09-04T18:28:51.589+09:00","level":"INFO","message":"ERC20 balance fetched","amtStr":"10000000","balance":"10000000","address":"0xD506eBd8C37E2052Db940427534EDB49d71E4f20","contract":"0x1c7D4B196Cb0C7B01d743Fbc6116a902379C7238","decimal":0}
{"timestamp":"2025-09-04T18:28:51.589+09:00","level":"INFO","message":"EtherCollect succeeded","token":"USDC(Ethereum)","erc20Balance":"10","email":"test@gmail.com"}
{"timestamp":"2025-09-04T18:28:52.067+09:00","level":"INFO","message":"ERC20 allowance fetched","allowance":"999999799999970","contract":"0x1c7D4B196Cb0C7B01d743Fbc6116a902379C7238"}
{"timestamp":"2025-09-04T18:28:52.451+09:00","level":"INFO","message":"ERC20 balance fetched","amtStr":"0","contract":"0x1c7D4B196Cb0C7B01d743Fbc6116a902379C7238","address":"0xd2FC24e97474AD36C8D7eB0dF8e52A0cF1bFD1cf","balance":"0","decimal":0}
{"timestamp":"2025-09-04T18:28:52.451+09:00","level":"WARNING","message":"not sended balance less than 10","email":"test@gmail.com","token":"USDC(Ethereum)"}
{"timestamp":"2025-09-04T18:30:53.911+09:00","level":"INFO","message":"Log file rotated","log_path":"../logs/2025/09/04/app.log","date":"2025-09-04"}
{"timestamp":"2025-09-04T18:30:55.111+09:00","level":"INFO","message":"=== Server Configuration ==="}
{"timestamp":"2025-09-04T18:30:55.111+09:00","level":"INFO","message":"Server Host: localhost"}
{"timestamp":"2025-09-04T18:30:55.111+09:00","level":"INFO","message":"Server Port: 6214"}
{"timestamp":"2025-09-04T18:30:55.111+09:00","level":"INFO","message":"=== Configuration Loaded Successfully ==="}
{"timestamp":"2025-09-04T18:30:55.120+09:00","level":"INFO","message":"Starting HTTP server on port 6214"}
{"timestamp":"2025-09-04T18:31:27.199+09:00","level":"INFO","request_id":"1756978287199141000","message":"Request started","method":"POST","path":"/send","query":"","remote_addr":"127.0.0.1:59277","user_agent":"curl/8.7.1","content_length":527}
{"timestamp":"2025-09-04T18:31:27.243+09:00","level":"INFO","message":"Withdraw history record created","memo":"","withdraw_id":71,"token":"USDC(Ethereum)","to_address":"0xd2FC24e97474AD36C8D7eB0dF8e52A0cF1bFD1cf","amount":"10"}
{"timestamp":"2025-09-04T18:31:28.449+09:00","level":"INFO","message":"Sending transaction","chainID":"11155111","data":"a9059cbb000000000000000000000000d2fc24e97474ad36c8d7eb0df8e52a0cf1bfd1cf0000000000000000000000000000000000000000000000000000000000989680","toValue":"0","nonce":61,"toAddr":"0x1c7D4B196Cb0C7B01d743Fbc6116a902379C7238","value":"0","to":"0x1c7D4B196Cb0C7B01d743Fbc6116a902379C7238","gasPrice":"1930838820","gasLimit":62943}
{"timestamp":"2025-09-04T18:31:28.450+09:00","level":"INFO","message":"Transaction signed","chainID":"11155111","to":"0x1c7D4B196Cb0C7B01d743Fbc6116a902379C7238","value":"0","signer":"0xD506eBd8C37E2052Db940427534EDB49d71E4f20","txHash":"0x3f935308d2ea8a42e71297b3c36e05f6b540b220e5b0b29ea5660002c3f082a8"}
{"timestamp":"2025-09-04T18:31:37.438+09:00","level":"INFO","message":"Transaction confirmed","txHash":"0x3f935308d2ea8a42e71297b3c36e05f6b540b220e5b0b29ea5660002c3f082a8","value":"0","chainID":"11155111","to":"0x1c7D4B196Cb0C7B01d743Fbc6116a902379C7238"}
{"timestamp":"2025-09-04T18:31:37.438+09:00","level":"INFO","message":"sendTxWithMethod succeeded","txHash":"0x3f935308d2ea8a42e71297b3c36e05f6b540b220e5b0b29ea5660002c3f082a8","to":"0x1c7D4B196Cb0C7B01d743Fbc6116a902379C7238","funcName":"transfer","gasLimit":0,"gasPrice":"","nonce":0,"amount":"0","params":["0xd2fc24e97474ad36c8d7eb0df8e52a0cf1bfd1cf",10000000]}
{"timestamp":"2025-09-04T18:31:37.438+09:00","level":"INFO","message":"AdminERC20Transfer succeeded","to":"0xd2FC24e97474AD36C8D7eB0dF8e52A0cF1bFD1cf","amountStr":"10","txHash":"0x3f935308d2ea8a42e71297b3c36e05f6b540b220e5b0b29ea5660002c3f082a8","contract":"0x1c7D4B196Cb0C7B01d743Fbc6116a902379C7238"}
{"timestamp":"2025-09-04T18:31:37.438+09:00","level":"INFO","message":"EtherSend succeeded","toAddr":"0xd2FC24e97474AD36C8D7eB0dF8e52A0cF1bFD1cf","txhash":"0x3f935308d2ea8a42e71297b3c36e05f6b540b220e5b0b29ea5660002c3f082a8","amount":"10000000","amountStr":"10","memo":"","func":"EtherSend","token":"USDC(Ethereum)"}
{"timestamp":"2025-09-04T18:31:37.451+09:00","level":"INFO","message":"EtherSend completed successfully","withdraw_id":71,"tx_hash":"0x3f935308d2ea8a42e71297b3c36e05f6b540b220e5b0b29ea5660002c3f082a8","amount":"10000000"}
{"timestamp":"2025-09-04T18:31:37.462+09:00","level":"INFO","message":"Successfully updated user_balance after withdrawal","user_id":26,"account_id":"0xd2FC24e97474AD36C8D7eB0dF8e52A0cF1bFD1cf","currency_id":35,"amount":"10","rows_affected":1}
{"timestamp":"2025-09-04T18:31:37.462+09:00","level":"INFO","request_id":"1756978287199141000","message":"Request completed","method":"POST","path":"/send","status":200,"duration_ms":10262,"duration_ns":10262900958,"size":148}
{"timestamp":"2025-09-04T18:33:11.669+09:00","level":"INFO","message":"ERC20 allowance fetched","contract":"0x1c7D4B196Cb0C7B01d743Fbc6116a902379C7238","allowance":"999999799999970"}
{"timestamp":"2025-09-04T18:33:12.057+09:00","level":"INFO","message":"ERC20 balance fetched","contract":"0x1c7D4B196Cb0C7B01d743Fbc6116a902379C7238","address":"0xd2FC24e97474AD36C8D7eB0dF8e52A0cF1bFD1cf","balance":"10000000","decimal":6,"amtStr":"10"}
{"timestamp":"2025-09-04T18:33:12.443+09:00","level":"INFO","message":"ERC20 balance fetched","amtStr":"0","contract":"0x1c7D4B196Cb0C7B01d743Fbc6116a902379C7238","address":"0xD506eBd8C37E2052Db940427534EDB49d71E4f20","balance":"0","decimal":6}
{"timestamp":"2025-09-04T18:33:12.832+09:00","level":"INFO","message":"Sending transaction","toAddr":"0x1c7D4B196Cb0C7B01d743Fbc6116a902379C7238","value":"0","toValue":"0","gasPrice":"2979438406","chainID":"11155111","nonce":62,"data":"23b872dd000000000000000000000000d2fc24e97474ad36c8d7eb0df8e52a0cf1bfd1cf000000000000000000000000d506ebd8c37e2052db940427534edb49d71e4f200000000000000000000000000000000000000000000000000000000000989680","gasLimit":69758,"to":"0x1c7D4B196Cb0C7B01d743Fbc6116a902379C7238"}
{"timestamp":"2025-09-04T18:33:12.832+09:00","level":"INFO","message":"Transaction signed","txHash":"0x8b47d08a85bd9ff3ba7deee1ede9f467fcecd10d6e18ef6c2870073630aa5b63","to":"0x1c7D4B196Cb0C7B01d743Fbc6116a902379C7238","value":"0","chainID":"11155111","signer":"0xD506eBd8C37E2052Db940427534EDB49d71E4f20"}
{"timestamp":"2025-09-04T18:33:25.274+09:00","level":"INFO","message":"Transaction confirmed","txHash":"0x8b47d08a85bd9ff3ba7deee1ede9f467fcecd10d6e18ef6c2870073630aa5b63","to":"0x1c7D4B196Cb0C7B01d743Fbc6116a902379C7238","value":"0","chainID":"11155111"}
{"timestamp":"2025-09-04T18:33:25.274+09:00","level":"INFO","message":"sendTxWithMethod succeeded","nonce":0,"amount":"0","params":["0xd2fc24e97474ad36c8d7eb0df8e52a0cf1bfd1cf","0xd506ebd8c37e2052db940427534edb49d71e4f20",10000000],"txHash":"0x8b47d08a85bd9ff3ba7deee1ede9f467fcecd10d6e18ef6c2870073630aa5b63","to":"0x1c7D4B196Cb0C7B01d743Fbc6116a902379C7238","funcName":"transferFrom","gasLimit":0,"gasPrice":"2979438406"}
{"timestamp":"2025-09-04T18:33:25.274+09:00","level":"INFO","message":"ERC20TransferFromToAdmin succeeded","amount":"10000000","gasLimit":0,"gasPrice":2979438406,"txHash":"0x8b47d08a85bd9ff3ba7deee1ede9f467fcecd10d6e18ef6c2870073630aa5b63","contract":"0x1c7D4B196Cb0C7B01d743Fbc6116a902379C7238"}
{"timestamp":"2025-09-04T18:33:26.465+09:00","level":"INFO","message":"ERC20 balance fetched","decimal":6,"amtStr":"10","address":"0xD506eBd8C37E2052Db940427534EDB49d71E4f20","contract":"0x1c7D4B196Cb0C7B01d743Fbc6116a902379C7238","balance":"10000000"}
{"timestamp":"2025-09-04T18:33:26.466+09:00","level":"INFO","message":"EtherCollect succeeded","email":"test@gmail.com","erc20Balance":"10000000","token":"USDC(Ethereum)"}
{"timestamp":"2025-09-04T18:33:26.926+09:00","level":"INFO","message":"ERC20 allowance fetched","contract":"0x1c7D4B196Cb0C7B01d743Fbc6116a902379C7238","allowance":"999999789999970"}
{"timestamp":"2025-09-04T18:33:27.305+09:00","level":"INFO","message":"ERC20 balance fetched","amtStr":"0","balance":"0","contract":"0x1c7D4B196Cb0C7B01d743Fbc6116a902379C7238","address":"0xd2FC24e97474AD36C8D7eB0dF8e52A0cF1bFD1cf","decimal":6}
{"timestamp":"2025-09-04T18:33:27.305+09:00","level":"WARNING","message":"not sended balance less than 10","email":"test@gmail.com","token":"USDC(Ethereum)"}
{"timestamp":"2025-09-04T18:33:27.587+09:00","level":"INFO","message":"ERC20 allowance fetched","contract":"0x1c7D4B196Cb0C7B01d743Fbc6116a902379C7238","allowance":"999999789999970"}
{"timestamp":"2025-09-04T18:33:27.967+09:00","level":"INFO","message":"ERC20 balance fetched","amtStr":"0","contract":"0x1c7D4B196Cb0C7B01d743Fbc6116a902379C7238","address":"0xd2FC24e97474AD36C8D7eB0dF8e52A0cF1bFD1cf","balance":"0","decimal":6}
{"timestamp":"2025-09-04T18:33:27.967+09:00","level":"WARNING","message":"not sended balance less than 10","email":"test@gmail.com","token":"USDC(Ethereum)"}
{"timestamp":"2025-09-04T18:35:42.020+09:00","level":"INFO","message":"Log file rotated","log_path":"../logs/2025/09/04/app.log","date":"2025-09-04"}
{"timestamp":"2025-09-04T18:35:43.297+09:00","level":"INFO","message":"=== Server Configuration ==="}
{"timestamp":"2025-09-04T18:35:43.297+09:00","level":"INFO","message":"Server Host: localhost"}
{"timestamp":"2025-09-04T18:35:43.297+09:00","level":"INFO","message":"Server Port: 6214"}
{"timestamp":"2025-09-04T18:35:43.297+09:00","level":"INFO","message":"=== Configuration Loaded Successfully ==="}
{"timestamp":"2025-09-04T18:35:43.310+09:00","level":"INFO","message":"Starting HTTP server on port 6214"}
{"timestamp":"2025-09-04T18:35:53.883+09:00","level":"INFO","request_id":"1756978553883915000","message":"Request started","method":"POST","path":"/send","remote_addr":"127.0.0.1:59389","user_agent":"curl/8.7.1","content_length":525,"query":""}
{"timestamp":"2025-09-04T18:35:53.924+09:00","level":"INFO","message":"Withdraw history record created","token":"USDC(Ethereum)","to_address":"0x8425e0D93943c1cc22890C6A08041B933fa994db","amount":"10","memo":"","withdraw_id":72}
{"timestamp":"2025-09-04T18:35:55.089+09:00","level":"INFO","message":"Sending transaction","gasLimit":62943,"data":"a9059cbb0000000000000000000000008425e0d93943c1cc22890c6a08041b933fa994db0000000000000000000000000000000000000000000000000000000000989680","to":"0x1c7D4B196Cb0C7B01d743Fbc6116a902379C7238","gasPrice":"1783799998","nonce":63,"value":"0","chainID":"11155111","toAddr":"0x1c7D4B196Cb0C7B01d743Fbc6116a902379C7238","toValue":"0"}
{"timestamp":"2025-09-04T18:35:55.089+09:00","level":"INFO","message":"Transaction signed","value":"0","chainID":"11155111","signer":"0xD506eBd8C37E2052Db940427534EDB49d71E4f20","txHash":"0xf81be98cefbd5211c4f0ada8be5684948471dabc208db56967169f132e4b8106","to":"0x1c7D4B196Cb0C7B01d743Fbc6116a902379C7238"}
{"timestamp":"2025-09-04T18:36:01.480+09:00","level":"INFO","message":"Transaction confirmed","txHash":"0xf81be98cefbd5211c4f0ada8be5684948471dabc208db56967169f132e4b8106","value":"0","chainID":"11155111","to":"0x1c7D4B196Cb0C7B01d743Fbc6116a902379C7238"}
{"timestamp":"2025-09-04T18:36:01.480+09:00","level":"INFO","message":"sendTxWithMethod succeeded","gasLimit":0,"gasPrice":"","nonce":0,"amount":"0","txHash":"0xf81be98cefbd5211c4f0ada8be5684948471dabc208db56967169f132e4b8106","params":["0x8425e0d93943c1cc22890c6a08041b933fa994db",10000000],"to":"0x1c7D4B196Cb0C7B01d743Fbc6116a902379C7238","funcName":"transfer"}
{"timestamp":"2025-09-04T18:36:01.480+09:00","level":"INFO","message":"AdminERC20Transfer succeeded","amountStr":"10","contract":"0x1c7D4B196Cb0C7B01d743Fbc6116a902379C7238","txHash":"0xf81be98cefbd5211c4f0ada8be5684948471dabc208db56967169f132e4b8106","to":"0x8425e0D93943c1cc22890C6A08041B933fa994db"}
{"timestamp":"2025-09-04T18:36:01.480+09:00","level":"INFO","message":"EtherSend succeeded","toAddr":"0x8425e0D93943c1cc22890C6A08041B933fa994db","amountStr":"10","memo":"","func":"EtherSend","txhash":"0xf81be98cefbd5211c4f0ada8be5684948471dabc208db56967169f132e4b8106","amount":"10000000","token":"USDC(Ethereum)"}
{"timestamp":"2025-09-04T18:36:01.494+09:00","level":"INFO","message":"EtherSend completed successfully","withdraw_id":72,"tx_hash":"0xf81be98cefbd5211c4f0ada8be5684948471dabc208db56967169f132e4b8106","amount":"10000000"}
{"timestamp":"2025-09-04T18:36:01.506+09:00","level":"INFO","message":"Successfully updated user_balance after withdrawal","user_id":25,"currency_id":35,"amount":"10","rows_affected":1,"account_id":"0x8425e0D93943c1cc22890C6A08041B933fa994db"}
{"timestamp":"2025-09-04T18:36:01.506+09:00","level":"INFO","request_id":"1756978553883915000","message":"Request completed","method":"POST","path":"/send","status":200,"duration_ms":7623,"duration_ns":7623037250,"size":148}
{"timestamp":"2025-09-04T18:37:21.645+09:00","level":"INFO","message":"ERC20 allowance fetched","contract":"0x1c7D4B196Cb0C7B01d743Fbc6116a902379C7238","allowance":"999999940000000"}
{"timestamp":"2025-09-04T18:37:22.019+09:00","level":"INFO","message":"ERC20 balance fetched","contract":"0x1c7D4B196Cb0C7B01d743Fbc6116a902379C7238","address":"0x8425e0D93943c1cc22890C6A08041B933fa994db","balance":"10000000","decimal":6,"amtStr":"10"}
{"timestamp":"2025-09-04T18:37:22.393+09:00","level":"INFO","message":"ERC20 balance fetched","balance":"0","decimal":6,"amtStr":"0","contract":"0x1c7D4B196Cb0C7B01d743Fbc6116a902379C7238","address":"0xD506eBd8C37E2052Db940427534EDB49d71E4f20"}
{"timestamp":"2025-09-04T18:37:22.774+09:00","level":"INFO","message":"Sending transaction","toAddr":"0x1c7D4B196Cb0C7B01d743Fbc6116a902379C7238","toValue":"0","gasPrice":"2806441650","data":"23b872dd0000000000000000000000008425e0d93943c1cc22890c6a08041b933fa994db000000000000000000000000d506ebd8c37e2052db940427534edb49d71e4f200000000000000000000000000000000000000000000000000000000000989680","to":"0x1c7D4B196Cb0C7B01d743Fbc6116a902379C7238","gasLimit":69758,"nonce":64,"value":"0","chainID":"11155111"}
{"timestamp":"2025-09-04T18:37:22.775+09:00","level":"INFO","message":"Transaction signed","signer":"0xD506eBd8C37E2052Db940427534EDB49d71E4f20","to":"0x1c7D4B196Cb0C7B01d743Fbc6116a902379C7238","value":"0","chainID":"11155111","txHash":"0xa97d37ac1fa87891e0f061621163a593ac0b4aa886e8b848798daa631591e56c"}
{"timestamp":"2025-09-04T18:37:37.494+09:00","level":"INFO","message":"Transaction confirmed","value":"0","chainID":"11155111","txHash":"0xa97d37ac1fa87891e0f061621163a593ac0b4aa886e8b848798daa631591e56c","to":"0x1c7D4B196Cb0C7B01d743Fbc6116a902379C7238"}
{"timestamp":"2025-09-04T18:37:37.494+09:00","level":"INFO","message":"sendTxWithMethod succeeded","txHash":"0xa97d37ac1fa87891e0f061621163a593ac0b4aa886e8b848798daa631591e56c","gasPrice":"2806441650","nonce":0,"amount":"0","params":["0x8425e0d93943c1cc22890c6a08041b933fa994db","0xd506ebd8c37e2052db940427534edb49d71e4f20",10000000],"to":"0x1c7D4B196Cb0C7B01d743Fbc6116a902379C7238","funcName":"transferFrom","gasLimit":0}
{"timestamp":"2025-09-04T18:37:37.494+09:00","level":"INFO","message":"ERC20TransferFromToAdmin succeeded","gasPrice":2806441650,"txHash":"0xa97d37ac1fa87891e0f061621163a593ac0b4aa886e8b848798daa631591e56c","contract":"0x1c7D4B196Cb0C7B01d743Fbc6116a902379C7238","amount":"10000000","gasLimit":0}
{"timestamp":"2025-09-04T18:37:38.679+09:00","level":"INFO","message":"ERC20 balance fetched","balance":"10000000","decimal":6,"amtStr":"10","address":"0xD506eBd8C37E2052Db940427534EDB49d71E4f20","contract":"0x1c7D4B196Cb0C7B01d743Fbc6116a902379C7238"}
{"timestamp":"2025-09-04T18:37:38.679+09:00","level":"INFO","message":"EtherCollect succeeded","email":"dustin@gmail.com","token":"USDC(Ethereum)","erc20Balance":"10000000"}
{"timestamp":"2025-09-04T18:37:39.177+09:00","level":"INFO","message":"ERC20 allowance fetched","contract":"0x1c7D4B196Cb0C7B01d743Fbc6116a902379C7238","allowance":"999999930000000"}
{"timestamp":"2025-09-04T18:37:39.546+09:00","level":"INFO","message":"ERC20 balance fetched","contract":"0x1c7D4B196Cb0C7B01d743Fbc6116a902379C7238","balance":"0","decimal":6,"amtStr":"0","address":"0x8425e0D93943c1cc22890C6A08041B933fa994db"}
{"timestamp":"2025-09-04T18:37:39.547+09:00","level":"WARNING","message":"not sended balance less than 10","token":"USDC(Ethereum)","email":"dustin@gmail.com"}
{"timestamp":"2025-09-04T18:38:05.242+09:00","level":"INFO","request_id":"1756978685242681000","message":"Request started","method":"POST","path":"/send","user_agent":"curl/8.7.1","content_length":525,"query":"","remote_addr":"127.0.0.1:59466"}
{"timestamp":"2025-09-04T18:38:05.258+09:00","level":"WARNING","message":"Insufficient balance","user_id":25,"requested":10,"available":0,"currency_id":35}
{"timestamp":"2025-09-04T18:38:05.258+09:00","level":"WARNING","request_id":"1756978685242681000","message":"Request completed","method":"POST","path":"/send","status":400,"duration_ms":15,"duration_ns":15493125,"size":33}
{"timestamp":"2025-09-04T18:38:16.927+09:00","level":"INFO","request_id":"1756978696927134000","message":"Request started","method":"POST","path":"/send","query":"","remote_addr":"127.0.0.1:59469","user_agent":"curl/8.7.1","content_length":527}
{"timestamp":"2025-09-04T18:38:16.958+09:00","level":"INFO","message":"Withdraw history record created","amount":"10","memo":"","withdraw_id":73,"token":"USDC(Ethereum)","to_address":"0xd2FC24e97474AD36C8D7eB0dF8e52A0cF1bFD1cf"}
{"timestamp":"2025-09-04T18:38:17.758+09:00","level":"INFO","message":"Sending transaction","data":"a9059cbb000000000000000000000000d2fc24e97474ad36c8d7eb0df8e52a0cf1bfd1cf0000000000000000000000000000000000000000000000000000000000989680","gasPrice":"1954570905","toAddr":"0x1c7D4B196Cb0C7B01d743Fbc6116a902379C7238","value":"0","nonce":65,"chainID":"11155111","toValue":"0","gasLimit":62943,"to":"0x1c7D4B196Cb0C7B01d743Fbc6116a902379C7238"}
{"timestamp":"2025-09-04T18:38:17.759+09:00","level":"INFO","message":"Transaction signed","to":"0x1c7D4B196Cb0C7B01d743Fbc6116a902379C7238","value":"0","chainID":"11155111","txHash":"0x051d27eb0ddd026cf39add772aeee4f245417308146240a7dfb97df2372f8218","signer":"0xD506eBd8C37E2052Db940427534EDB49d71E4f20"}
{"timestamp":"2025-09-04T18:38:18.150+09:00","level":"INFO","message":"Transaction confirmed","to":"0x1c7D4B196Cb0C7B01d743Fbc6116a902379C7238","value":"0","chainID":"11155111","txHash":"0x051d27eb0ddd026cf39add772aeee4f245417308146240a7dfb97df2372f8218"}
{"timestamp":"2025-09-04T18:38:18.150+09:00","level":"INFO","message":"sendTxWithMethod succeeded","txHash":"0x051d27eb0ddd026cf39add772aeee4f245417308146240a7dfb97df2372f8218","nonce":0,"amount":"0","params":["0xd2fc24e97474ad36c8d7eb0df8e52a0cf1bfd1cf",10000000],"to":"0x1c7D4B196Cb0C7B01d743Fbc6116a902379C7238","funcName":"transfer","gasLimit":0,"gasPrice":""}
{"timestamp":"2025-09-04T18:38:18.150+09:00","level":"INFO","message":"AdminERC20Transfer succeeded","contract":"0x1c7D4B196Cb0C7B01d743Fbc6116a902379C7238","to":"0xd2FC24e97474AD36C8D7eB0dF8e52A0cF1bFD1cf","amountStr":"10","txHash":"0x051d27eb0ddd026cf39add772aeee4f245417308146240a7dfb97df2372f8218"}
{"timestamp":"2025-09-04T18:38:18.150+09:00","level":"INFO","message":"EtherSend succeeded","token":"USDC(Ethereum)","toAddr":"0xd2FC24e97474AD36C8D7eB0dF8e52A0cF1bFD1cf","txhash":"0x051d27eb0ddd026cf39add772aeee4f245417308146240a7dfb97df2372f8218","amount":"10000000","amountStr":"10","memo":"","func":"EtherSend"}
{"timestamp":"2025-09-04T18:38:18.164+09:00","level":"INFO","message":"EtherSend completed successfully","withdraw_id":73,"tx_hash":"0x051d27eb0ddd026cf39add772aeee4f245417308146240a7dfb97df2372f8218","amount":"10000000"}
{"timestamp":"2025-09-04T18:38:18.170+09:00","level":"INFO","message":"Successfully updated user_balance after withdrawal","user_id":26,"account_id":"0xd2FC24e97474AD36C8D7eB0dF8e52A0cF1bFD1cf","currency_id":35,"amount":"10","rows_affected":1}
{"timestamp":"2025-09-04T18:38:18.170+09:00","level":"INFO","request_id":"1756978696927134000","message":"Request completed","method":"POST","path":"/send","status":200,"duration_ms":1243,"duration_ns":1243844875,"size":148}
{"timestamp":"2025-09-04T18:50:59.541+09:00","level":"INFO","message":"Log file rotated","date":"2025-09-04","log_path":"../logs/2025/09/04/app.log"}
{"timestamp":"2025-09-04T18:51:00.715+09:00","level":"INFO","message":"=== Server Configuration ==="}
{"timestamp":"2025-09-04T18:51:00.715+09:00","level":"INFO","message":"Server Host: localhost"}
{"timestamp":"2025-09-04T18:51:00.715+09:00","level":"INFO","message":"Server Port: 6214"}
{"timestamp":"2025-09-04T18:51:00.715+09:00","level":"INFO","message":"=== Configuration Loaded Successfully ==="}
{"timestamp":"2025-09-04T18:51:00.725+09:00","level":"INFO","message":"Starting HTTP server on port 6214"}
{"timestamp":"2025-09-04T18:51:35.171+09:00","level":"INFO","request_id":"1756979495171398000","message":"Request started","method":"POST","path":"/send","query":"","remote_addr":"127.0.0.1:59641","user_agent":"curl/8.7.1","content_length":525}
{"timestamp":"2025-09-04T18:51:35.344+09:00","level":"WARNING","message":"Insufficient balance","user_id":25,"requested":10,"available":0,"currency_id":35}
{"timestamp":"2025-09-04T18:51:35.345+09:00","level":"WARNING","request_id":"1756979495171398000","message":"Request completed","method":"POST","path":"/send","status":400,"duration_ms":173,"duration_ns":173766792,"size":33}
{"timestamp":"2025-09-04T18:51:39.374+09:00","level":"INFO","request_id":"1756979499374965000","message":"Request started","method":"POST","path":"/send","user_agent":"curl/8.7.1","content_length":527,"query":"","remote_addr":"127.0.0.1:59642"}
{"timestamp":"2025-09-04T18:51:39.392+09:00","level":"WARNING","message":"Insufficient balance","user_id":26,"currency_id":35,"requested":10,"available":0}
{"timestamp":"2025-09-04T18:51:39.392+09:00","level":"WARNING","request_id":"1756979499374965000","message":"Request completed","method":"POST","path":"/send","status":400,"duration_ms":17,"duration_ns":17256833,"size":33}
{"timestamp":"2025-09-04T18:51:53.968+09:00","level":"INFO","request_id":"1756979513968809000","message":"Request started","method":"POST","path":"/send","query":"","remote_addr":"127.0.0.1:59646","user_agent":"curl/8.7.1","content_length":527}
{"timestamp":"2025-09-04T18:51:54.011+09:00","level":"INFO","message":"Withdraw history record created","to_address":"0xd2FC24e97474AD36C8D7eB0dF8e52A0cF1bFD1cf","amount":"10","memo":"","withdraw_id":74,"token":"USDC(Ethereum)"}
{"timestamp":"2025-09-04T18:51:55.233+09:00","level":"INFO","message":"Sending transaction","toValue":"0","value":"0","gasPrice":"3950315225","data":"a9059cbb000000000000000000000000d2fc24e97474ad36c8d7eb0df8e52a0cf1bfd1cf0000000000000000000000000000000000000000000000000000000000989680","fromAddr":"0xD506eBd8C37E2052Db940427534EDB49d71E4f20","gasLimit":62943,"toAddr":"0x1c7D4B196Cb0C7B01d743Fbc6116a902379C7238","chainID":"11155111","nonce":65,"to":"0x1c7D4B196Cb0C7B01d743Fbc6116a902379C7238"}
{"timestamp":"2025-09-04T18:51:55.234+09:00","level":"INFO","message":"Transaction signed","value":"0","chainID":"11155111","signer":"0xD506eBd8C37E2052Db940427534EDB49d71E4f20","fromAddr":"0xD506eBd8C37E2052Db940427534EDB49d71E4f20","txHash":"0x02eee56aa895dca67247dec49a32b15eb62e3bba21ed7886435ff93e123b6c3b","to":"0x1c7D4B196Cb0C7B01d743Fbc6116a902379C7238"}
{"timestamp":"2025-09-04T18:52:01.664+09:00","level":"INFO","message":"Transaction confirmed","chainID":"11155111","fromAddr":"0xD506eBd8C37E2052Db940427534EDB49d71E4f20","toAddr":"0x1c7D4B196Cb0C7B01d743Fbc6116a902379C7238","txHash":"0x02eee56aa895dca67247dec49a32b15eb62e3bba21ed7886435ff93e123b6c3b","to":"0x1c7D4B196Cb0C7B01d743Fbc6116a902379C7238","value":"0"}
{"timestamp":"2025-09-04T18:52:01.664+09:00","level":"INFO","message":"sendTxWithMethod succeeded","nonce":0,"amount":"0","fromAddr":"0xD506eBd8C37E2052Db940427534EDB49d71E4f20","gasLimit":0,"txHash":"0x02eee56aa895dca67247dec49a32b15eb62e3bba21ed7886435ff93e123b6c3b","funcName":"transfer","gasPrice":"","params":["0xd2fc24e97474ad36c8d7eb0df8e52a0cf1bfd1cf",10000000],"toAddr":"0x1c7D4B196Cb0C7B01d743Fbc6116a902379C7238","to":"0x1c7D4B196Cb0C7B01d743Fbc6116a902379C7238"}
{"timestamp":"2025-09-04T18:52:01.664+09:00","level":"INFO","message":"AdminERC20Transfer succeeded","txHash":"0x02eee56aa895dca67247dec49a32b15eb62e3bba21ed7886435ff93e123b6c3b","contract":"0x1c7D4B196Cb0C7B01d743Fbc6116a902379C7238","to":"0xd2FC24e97474AD36C8D7eB0dF8e52A0cF1bFD1cf","amountStr":"10"}
{"timestamp":"2025-09-04T18:52:01.664+09:00","level":"INFO","message":"EtherSend succeeded","memo":"","amount":"10000000","txhash":"0x02eee56aa895dca67247dec49a32b15eb62e3bba21ed7886435ff93e123b6c3b","func":"EtherSend","token":"USDC(Ethereum)","toAddr":"0xd2FC24e97474AD36C8D7eB0dF8e52A0cF1bFD1cf","amountStr":"10"}
{"timestamp":"2025-09-04T18:52:01.676+09:00","level":"INFO","message":"EtherSend completed successfully","withdraw_id":74,"tx_hash":"0x02eee56aa895dca67247dec49a32b15eb62e3bba21ed7886435ff93e123b6c3b","amount":"10000000"}
{"timestamp":"2025-09-04T18:52:01.693+09:00","level":"INFO","message":"Successfully updated user_balance after withdrawal","user_id":26,"account_id":"0xd2FC24e97474AD36C8D7eB0dF8e52A0cF1bFD1cf","currency_id":35,"amount":"10","rows_affected":1}
{"timestamp":"2025-09-04T18:52:01.693+09:00","level":"INFO","request_id":"1756979513968809000","message":"Request completed","method":"POST","path":"/send","status":200,"duration_ms":7724,"size":148,"duration_ns":7724828125}
{"timestamp":"2025-09-04T18:53:21.686+09:00","level":"INFO","message":"ERC20 allowance fetched","contract":"0x1c7D4B196Cb0C7B01d743Fbc6116a902379C7238","allowance":"999999789999970"}
{"timestamp":"2025-09-04T18:53:22.083+09:00","level":"INFO","message":"ERC20 balance fetched","balance":"10000000","decimal":6,"amtStr":"10","contract":"0x1c7D4B196Cb0C7B01d743Fbc6116a902379C7238","address":"0xd2FC24e97474AD36C8D7eB0dF8e52A0cF1bFD1cf"}
{"timestamp":"2025-09-04T18:53:22.467+09:00","level":"INFO","message":"ERC20 balance fetched","address":"0xD506eBd8C37E2052Db940427534EDB49d71E4f20","balance":"0","decimal":6,"amtStr":"0","contract":"0x1c7D4B196Cb0C7B01d743Fbc6116a902379C7238"}
{"timestamp":"2025-09-04T18:53:22.855+09:00","level":"INFO","message":"Sending transaction","gasLimit":69758,"toAddr":"0x1c7D4B196Cb0C7B01d743Fbc6116a902379C7238","to":"0x1c7D4B196Cb0C7B01d743Fbc6116a902379C7238","toValue":"0","data":"23b872dd000000000000000000000000d2fc24e97474ad36c8d7eb0df8e52a0cf1bfd1cf000000000000000000000000d506ebd8c37e2052db940427534edb49d71e4f200000000000000000000000000000000000000000000000000000000000989680","value":"0","chainID":"11155111","nonce":66,"fromAddr":"0xD506eBd8C37E2052Db940427534EDB49d71E4f20","gasPrice":"5503884633"}
{"timestamp":"2025-09-04T18:53:22.856+09:00","level":"INFO","message":"Transaction signed","signer":"0xD506eBd8C37E2052Db940427534EDB49d71E4f20","fromAddr":"0xD506eBd8C37E2052Db940427534EDB49d71E4f20","txHash":"0x24b1e4a8fbe5cd34a3ec4fde960b7eba3638ca6af925f6f2edd53c86b76409da","to":"0x1c7D4B196Cb0C7B01d743Fbc6116a902379C7238","value":"0","chainID":"11155111"}
{"timestamp":"2025-09-04T18:53:25.655+09:00","level":"INFO","message":"Transaction confirmed","toAddr":"0x1c7D4B196Cb0C7B01d743Fbc6116a902379C7238","to":"0x1c7D4B196Cb0C7B01d743Fbc6116a902379C7238","value":"0","chainID":"11155111","txHash":"0x24b1e4a8fbe5cd34a3ec4fde960b7eba3638ca6af925f6f2edd53c86b76409da","fromAddr":"0xD506eBd8C37E2052Db940427534EDB49d71E4f20"}
{"timestamp":"2025-09-04T18:53:25.655+09:00","level":"INFO","message":"sendTxWithMethod succeeded","fromAddr":"0xD506eBd8C37E2052Db940427534EDB49d71E4f20","gasPrice":"5503884633","amount":"0","txHash":"0x24b1e4a8fbe5cd34a3ec4fde960b7eba3638ca6af925f6f2edd53c86b76409da","funcName":"transferFrom","gasLimit":0,"params":["0xd2fc24e97474ad36c8d7eb0df8e52a0cf1bfd1cf","0xd506ebd8c37e2052db940427534edb49d71e4f20",10000000],"toAddr":"0x1c7D4B196Cb0C7B01d743Fbc6116a902379C7238","nonce":0,"to":"0x1c7D4B196Cb0C7B01d743Fbc6116a902379C7238"}
{"timestamp":"2025-09-04T18:53:25.656+09:00","level":"INFO","message":"ERC20TransferFromToAdmin succeeded","amount":"10000000","gasLimit":0,"gasPrice":5503884633,"txHash":"0x24b1e4a8fbe5cd34a3ec4fde960b7eba3638ca6af925f6f2edd53c86b76409da","contract":"0x1c7D4B196Cb0C7B01d743Fbc6116a902379C7238"}
{"timestamp":"2025-09-04T18:53:26.851+09:00","level":"INFO","message":"ERC20 balance fetched","balance":"10000000","decimal":6,"address":"0xD506eBd8C37E2052Db940427534EDB49d71E4f20","contract":"0x1c7D4B196Cb0C7B01d743Fbc6116a902379C7238","amtStr":"10"}
{"timestamp":"2025-09-04T18:53:26.851+09:00","level":"INFO","message":"EtherCollect succeeded","token":"USDC(Ethereum)","erc20Balance":"10000000","email":"test@gmail.com"}
{"timestamp":"2025-09-04T18:53:27.151+09:00","level":"INFO","message":"ERC20 allowance fetched","contract":"0x1c7D4B196Cb0C7B01d743Fbc6116a902379C7238","allowance":"999999779999970"}
{"timestamp":"2025-09-04T18:53:27.539+09:00","level":"INFO","message":"ERC20 balance fetched","decimal":6,"amtStr":"0","contract":"0x1c7D4B196Cb0C7B01d743Fbc6116a902379C7238","address":"0xd2FC24e97474AD36C8D7eB0dF8e52A0cF1bFD1cf","balance":"0"}
{"timestamp":"2025-09-04T18:53:27.539+09:00","level":"WARNING","message":"not sended balance less than 10","email":"test@gmail.com","token":"USDC(Ethereum)"}
{"timestamp":"2025-09-04T18:56:17.378+09:00","level":"INFO","request_id":"1756979777378789000","message":"Request started","method":"POST","path":"/send","content_length":525,"query":"","remote_addr":"127.0.0.1:59718","user_agent":"curl/8.7.1"}
{"timestamp":"2025-09-04T18:56:17.412+09:00","level":"INFO","message":"Withdraw history record created","withdraw_id":75,"token":"USDC(Ethereum)","to_address":"0x8425e0D93943c1cc22890C6A08041B933fa994db","amount":"10","memo":""}
{"timestamp":"2025-09-04T18:56:18.304+09:00","level":"INFO","message":"Sending transaction","to":"0x1c7D4B196Cb0C7B01d743Fbc6116a902379C7238","nonce":67,"gasLimit":62943,"chainID":"11155111","value":"0","toAddr":"0x1c7D4B196Cb0C7B01d743Fbc6116a902379C7238","toValue":"0","gasPrice":"3096574073","data":"a9059cbb0000000000000000000000008425e0d93943c1cc22890c6a08041b933fa994db0000000000000000000000000000000000000000000000000000000000989680","fromAddr":"0xD506eBd8C37E2052Db940427534EDB49d71E4f20"}
{"timestamp":"2025-09-04T18:56:18.304+09:00","level":"INFO","message":"Transaction signed","txHash":"0xe20a9cdc53dc307d7528bf888455e4f7396dd069f1be791f097cec4fe7bb149c","to":"0x1c7D4B196Cb0C7B01d743Fbc6116a902379C7238","value":"0","chainID":"11155111","signer":"0xD506eBd8C37E2052Db940427534EDB49d71E4f20","fromAddr":"0xD506eBd8C37E2052Db940427534EDB49d71E4f20"}
{"timestamp":"2025-09-04T18:56:24.749+09:00","level":"INFO","message":"Transaction confirmed","fromAddr":"0xD506eBd8C37E2052Db940427534EDB49d71E4f20","toAddr":"0x1c7D4B196Cb0C7B01d743Fbc6116a902379C7238","txHash":"0xe20a9cdc53dc307d7528bf888455e4f7396dd069f1be791f097cec4fe7bb149c","to":"0x1c7D4B196Cb0C7B01d743Fbc6116a902379C7238","value":"0","chainID":"11155111"}
{"timestamp":"2025-09-04T18:56:24.749+09:00","level":"INFO","message":"sendTxWithMethod succeeded","params":["0x8425e0d93943c1cc22890c6a08041b933fa994db",10000000],"funcName":"transfer","txHash":"0xe20a9cdc53dc307d7528bf888455e4f7396dd069f1be791f097cec4fe7bb149c","to":"0x1c7D4B196Cb0C7B01d743Fbc6116a902379C7238","amount":"0","gasPrice":"","nonce":0,"toAddr":"0x1c7D4B196Cb0C7B01d743Fbc6116a902379C7238","gasLimit":0,"fromAddr":"0xD506eBd8C37E2052Db940427534EDB49d71E4f20"}
{"timestamp":"2025-09-04T18:56:24.749+09:00","level":"INFO","message":"AdminERC20Transfer succeeded","amountStr":"10","txHash":"0xe20a9cdc53dc307d7528bf888455e4f7396dd069f1be791f097cec4fe7bb149c","contract":"0x1c7D4B196Cb0C7B01d743Fbc6116a902379C7238","to":"0x8425e0D93943c1cc22890C6A08041B933fa994db"}
{"timestamp":"2025-09-04T18:56:24.749+09:00","level":"INFO","message":"EtherSend succeeded","txhash":"0xe20a9cdc53dc307d7528bf888455e4f7396dd069f1be791f097cec4fe7bb149c","amount":"10000000","memo":"","func":"EtherSend","token":"USDC(Ethereum)","toAddr":"0x8425e0D93943c1cc22890C6A08041B933fa994db","amountStr":"10"}
{"timestamp":"2025-09-04T18:56:24.762+09:00","level":"INFO","message":"EtherSend completed successfully","tx_hash":"0xe20a9cdc53dc307d7528bf888455e4f7396dd069f1be791f097cec4fe7bb149c","amount":"10000000","withdraw_id":75}
{"timestamp":"2025-09-04T18:56:24.775+09:00","level":"INFO","message":"Successfully updated user_balance after withdrawal","user_id":25,"rows_affected":1,"account_id":"0x8425e0D93943c1cc22890C6A08041B933fa994db","currency_id":35,"amount":"10"}
{"timestamp":"2025-09-04T18:56:24.775+09:00","level":"INFO","request_id":"1756979777378789000","message":"Request completed","method":"POST","path":"/send","status":200,"duration_ms":7396,"duration_ns":7396994459,"size":148}
{"timestamp":"2025-09-04T18:57:41.761+09:00","level":"INFO","message":"ERC20 allowance fetched","contract":"0x1c7D4B196Cb0C7B01d743Fbc6116a902379C7238","allowance":"999999930000000"}
{"timestamp":"2025-09-04T18:57:42.148+09:00","level":"INFO","message":"ERC20 balance fetched","address":"0x8425e0D93943c1cc22890C6A08041B933fa994db","contract":"0x1c7D4B196Cb0C7B01d743Fbc6116a902379C7238","balance":"10000000","decimal":6,"amtStr":"10"}
{"timestamp":"2025-09-04T18:57:42.535+09:00","level":"INFO","message":"ERC20 balance fetched","decimal":6,"amtStr":"0","address":"0xD506eBd8C37E2052Db940427534EDB49d71E4f20","contract":"0x1c7D4B196Cb0C7B01d743Fbc6116a902379C7238","balance":"0"}
{"timestamp":"2025-09-04T18:57:42.925+09:00","level":"INFO","message":"Sending transaction","gasLimit":69758,"fromAddr":"0xD506eBd8C37E2052Db940427534EDB49d71E4f20","to":"0x1c7D4B196Cb0C7B01d743Fbc6116a902379C7238","data":"23b872dd0000000000000000000000008425e0d93943c1cc22890c6a08041b933fa994db000000000000000000000000d506ebd8c37e2052db940427534edb49d71e4f200000000000000000000000000000000000000000000000000000000000989680","nonce":68,"toValue":"0","chainID":"11155111","toAddr":"0x1c7D4B196Cb0C7B01d743Fbc6116a902379C7238","value":"0","gasPrice":"4015381948"}
{"timestamp":"2025-09-04T18:57:42.926+09:00","level":"INFO","message":"Transaction signed","txHash":"0x9124abcbbad403215fdd839612297b70a6454b58b861ed42576b554422394b32","signer":"0xD506eBd8C37E2052Db940427534EDB49d71E4f20","fromAddr":"0xD506eBd8C37E2052Db940427534EDB49d71E4f20","chainID":"11155111","to":"0x1c7D4B196Cb0C7B01d743Fbc6116a902379C7238","value":"0"}
{"timestamp":"2025-09-04T18:57:50.855+09:00","level":"INFO","message":"Transaction confirmed","to":"0x1c7D4B196Cb0C7B01d743Fbc6116a902379C7238","value":"0","fromAddr":"0xD506eBd8C37E2052Db940427534EDB49d71E4f20","toAddr":"0x1c7D4B196Cb0C7B01d743Fbc6116a902379C7238","txHash":"0x9124abcbbad403215fdd839612297b70a6454b58b861ed42576b554422394b32","chainID":"11155111"}
{"timestamp":"2025-09-04T18:57:50.855+09:00","level":"INFO","message":"sendTxWithMethod succeeded","funcName":"transferFrom","amount":"0","gasPrice":"4015381948","to":"0x1c7D4B196Cb0C7B01d743Fbc6116a902379C7238","gasLimit":0,"params":["0x8425e0d93943c1cc22890c6a08041b933fa994db","0xd506ebd8c37e2052db940427534edb49d71e4f20",10000000],"fromAddr":"0xD506eBd8C37E2052Db940427534EDB49d71E4f20","txHash":"0x9124abcbbad403215fdd839612297b70a6454b58b861ed42576b554422394b32","nonce":0,"toAddr":"0x1c7D4B196Cb0C7B01d743Fbc6116a902379C7238"}
{"timestamp":"2025-09-04T18:57:50.855+09:00","level":"INFO","message":"ERC20TransferFromToAdmin succeeded","txHash":"0x9124abcbbad403215fdd839612297b70a6454b58b861ed42576b554422394b32","contract":"0x1c7D4B196Cb0C7B01d743Fbc6116a902379C7238","amount":"10000000","gasLimit":0,"gasPrice":4015381948}
{"timestamp":"2025-09-04T18:57:52.051+09:00","level":"INFO","message":"ERC20 balance fetched","balance":"10000000","decimal":6,"amtStr":"10","address":"0xD506eBd8C37E2052Db940427534EDB49d71E4f20","contract":"0x1c7D4B196Cb0C7B01d743Fbc6116a902379C7238"}
{"timestamp":"2025-09-04T18:57:52.052+09:00","level":"INFO","message":"EtherCollect succeeded","email":"dustin@gmail.com","token":"USDC(Ethereum)","erc20Balance":"10000000"}
{"timestamp":"2025-09-04T18:57:52.514+09:00","level":"INFO","message":"ERC20 allowance fetched","contract":"0x1c7D4B196Cb0C7B01d743Fbc6116a902379C7238","allowance":"999999920000000"}
{"timestamp":"2025-09-04T18:57:52.895+09:00","level":"INFO","message":"ERC20 balance fetched","decimal":6,"contract":"0x1c7D4B196Cb0C7B01d743Fbc6116a902379C7238","address":"0x8425e0D93943c1cc22890C6A08041B933fa994db","amtStr":"0","balance":"0"}
{"timestamp":"2025-09-04T18:57:52.896+09:00","level":"WARNING","message":"not sended balance less than 10","token":"USDC(Ethereum)","email":"dustin@gmail.com"}
{"timestamp":"2025-09-04T18:57:53.189+09:00","level":"INFO","message":"ERC20 allowance fetched","contract":"0x1c7D4B196Cb0C7B01d743Fbc6116a902379C7238","allowance":"999999920000000"}
{"timestamp":"2025-09-04T18:57:53.574+09:00","level":"INFO","message":"ERC20 balance fetched","balance":"0","decimal":6,"amtStr":"0","contract":"0x1c7D4B196Cb0C7B01d743Fbc6116a902379C7238","address":"0x8425e0D93943c1cc22890C6A08041B933fa994db"}
{"timestamp":"2025-09-04T18:57:53.574+09:00","level":"WARNING","message":"not sended balance less than 10","token":"USDC(Ethereum)","email":"dustin@gmail.com"}
{"timestamp":"2025-09-04T20:33:10.144+09:00","level":"ERROR","message":"HeaderByNumber failed","error":{"Op":"Post","URL":"https://bsc-testnet-rpc.publicnode.com","Err":{"Op":"read","Net":"tcp","Source":{"IP":"172.16.10.153","Port":59634,"Zone":""},"Addr":{"IP":"104.20.24.117","Port":443,"Zone":""},"Err":{"Syscall":"read","Err":54}}}}
{"timestamp":"2025-09-04T21:52:27.172+09:00","level":"INFO","message":"Log file rotated","log_path":"../logs/2025/09/04/app.log","date":"2025-09-04"}
{"timestamp":"2025-09-04T21:52:28.563+09:00","level":"INFO","message":"=== Server Configuration ==="}
{"timestamp":"2025-09-04T21:52:28.563+09:00","level":"INFO","message":"Server Host: localhost"}
{"timestamp":"2025-09-04T21:52:28.563+09:00","level":"INFO","message":"Server Port: 6214"}
{"timestamp":"2025-09-04T21:52:28.563+09:00","level":"INFO","message":"=== Configuration Loaded Successfully ==="}
{"timestamp":"2025-09-04T21:52:28.580+09:00","level":"INFO","message":"Deposit scheduler started successfully"}
{"timestamp":"2025-09-04T21:52:28.581+09:00","level":"INFO","message":"Starting HTTP server on port 6214"}
{"timestamp":"2025-09-04T21:57:00.945+09:00","level":"INFO","message":"Log file rotated","log_path":"../logs/2025/09/04/app.log","date":"2025-09-04"}
{"timestamp":"2025-09-04T21:57:02.208+09:00","level":"INFO","message":"=== Server Configuration ==="}
{"timestamp":"2025-09-04T21:57:02.208+09:00","level":"INFO","message":"Server Host: localhost"}
{"timestamp":"2025-09-04T21:57:02.209+09:00","level":"INFO","message":"Server Port: 6214"}
{"timestamp":"2025-09-04T21:57:02.209+09:00","level":"INFO","message":"=== Configuration Loaded Successfully ==="}
{"timestamp":"2025-09-04T21:57:02.219+09:00","level":"INFO","message":"Deposit scheduler started successfully"}
{"timestamp":"2025-09-04T21:57:02.220+09:00","level":"INFO","message":"Starting HTTP server on port 6214"}
{"timestamp":"2025-09-04T21:58:40.015+09:00","level":"INFO","message":"Log file rotated","log_path":"../logs/2025/09/04/app.log","date":"2025-09-04"}
{"timestamp":"2025-09-04T21:58:41.307+09:00","level":"INFO","message":"=== Server Configuration ==="}
{"timestamp":"2025-09-04T21:58:41.307+09:00","level":"INFO","message":"Server Host: localhost"}
{"timestamp":"2025-09-04T21:58:41.307+09:00","level":"INFO","message":"Server Port: 6214"}
{"timestamp":"2025-09-04T21:58:41.307+09:00","level":"INFO","message":"=== Configuration Loaded Successfully ==="}
{"timestamp":"2025-09-04T21:58:41.317+09:00","level":"INFO","message":"Deposit scheduler started successfully"}
{"timestamp":"2025-09-04T21:58:41.318+09:00","level":"INFO","message":"Starting HTTP server on port 6214"}
